 215
 211
 228
 209
 211
 192
 173
 183
 187
 199
 250
 261
 262
 267
 263
 228
 241
 194
 192
 194
 201
 220
 198
 176
 178
 165
 168
 159
 166
 169
 156
 160
 148
 154
 160
 173
 167
 166
 164
 147
 131
 103
 95
 70
 33
 82
 141
 150
 158
 195
 151
 154
 138
 125
 140
 261
 262
 285
 216
 207
 184
 261
 304
 321
 319
 222
 193
 224
 248
 285
 289
 317
 323
 319
 277
 259
 270
 275
 293
 310
 318
 327
 266
 260
 251
 160
 165
 149
 155
 156
 79
 118
 132
 134
 133
 140
 160
 158
 159
 156
 154
 162
 185
 198
 206
 215
 212
 214
 210
 194
 244
 195
 212
 259
 284
 312
 319
 329
 326
 327
 268
 265
 270
 267
 268
 241
 239
 216
 221
 207
 233
 250
 300
 167
 162
 155
 167
 172
 153
 162
 146
 158
 165
 194
 171
 175
 175
 166
 123
 155
 154
 169
 171
 181
 185
 182
 160
 158
 168
 161
 164
 302
 300
 297
 296
 290
 278
 266
 269
 275
 314
 341
 344
 337
 336
 343
 345
 344
 170
 170
 185
 183
 188
 202
 206
 219
 226
 221
 252
 190
 202
 227
 247
 238
 227
 205
 205
 203
 207
 208
 197
 200
 197
 191
 192
 187
 156
 159
 167
 176
 167
 163
 161
 173
 169
 179
 179
 195
 194
 195
 198
 198
 199
 198
 174
 182
 174
 61
 71
 67
 68
 72
 74
 74
 72
 68
 62
 54
 64
 68
 69
 68
 69
 138
 154
 123
 153
 160
 183
 179
 179
 189
 178
 189
 176
 159
 169
 168
 171
 176
 157
 158
 149
 147
 142
 149
 155
 166
 133
 130
 126
 127
 123
 117
 114
 109
 112
 107
 96
 91
 91
 152
 157
 173
 188
 193
 198
 214
 205
 203
 198
 168
 173
 174
 140
 154
 168
 186
 148
 150
 154
 160
 154
 154
 161
 168
 164
 173
 176
 169
 157
 160
 159
 163
 164
 178
 186
 167
 177
 166
 125
 149
 168
 161
 160
 159
 165
 163
 160
 150
 139
 122
 161
 167
 173
 131
 123
 112
 77
 85
 84
 84
 87
 89
 95
 97
 96
 102
 101
 97
 125
 139
 140
 149
 146
 149
 153
 152
 151
 153
 151
 146
 147
 151
 152
 151
 150
 159
 162
 161
 154
 155
 155
 149
 165
 158
 155
 108
 86
 95
 100
 118
 121
 126
 126
 129
 124
 128
 118
 114
 104
 110
 115
 122
 125
 134
 133
 46
 19
 18
 20
 123
 117
 85
 60
 115
 127
 124
 140
 149
 155
 151
 152
 161
 159
 243
 257
 276
 282
 301
 304
 295
 296
 254
 249
 249
 222
 231
 250
