187.82649 256.711
191.34375 252.76479
194.08107 255.89665
199.03549 252.58401
200.40388 255.47841
207.07379 255.33543
209.02493 252.2893
172.47298 227.18613
172.38869 230.51369
169.92233 237.50725
166.7017 236.5649
169.92233 237.50725
166.7017 236.5649
167.98798 227.55865
164.26285 227.71909
172.38869 230.51369
172.47298 227.18613
167.98798 227.55865
131.65341 328.9471
130.65097 329.04944
130.26828 324.90033
131.65341 328.9471
166.67218 293.9016
165.72855 281.75342
167.0366 272.51645
170.0219 265.70206
175.3819 261.88916
184.8998 259.10608
186.42552 263.1826
186.42139 266.6315
179.55002 265.47305
170.0219 265.70206
174.10408 268.14633
167.0366 272.51645
163.57133 276.6921
147.9402 307.86777
144.4413 305.7505
143.99892 302.81595
135.03925 309.90158
133.71785 313.24326
144.4413 305.7505
143.99892 302.81595
168.60382 246.78639
160.35551 248.13792
154.41902 245.61406
154.65097 249.02774
152.7451 240.46442
146.0364 238.62599
149.1679 235.59364
154.65097 249.02774
200.40388 255.47841
199.03549 252.58401
194.08107 255.89665
200.40388 255.47841
207.07379 255.33543
209.02493 252.2893
208.18845 249.34248
206.35661 247.29855
199.03549 252.58401
191.34375 252.76479
187.82649 256.711
194.08107 255.89665
191.34375 252.76479
187.82649 256.711
169.92233 237.50725
172.38869 230.51369
172.47298 227.18613
167.98798 227.55865
164.26285 227.71909
166.7017 236.5649
169.92233 237.50725
204.24542 287.8758
206.46805 288.73325
142.02391 309.64346
148.28157 313.9881
140.54285 316.25757
140.3739 319.72037
130.26828 324.90033
130.26828 324.90033
131.65341 328.9471
130.65097 329.04944
131.65341 328.9471
208.18845 249.34248
206.35661 247.29855
199.03549 252.58401
191.34375 252.76479
180.01053 252.06192
177.2021 254.02875
174.19212 255.45598
184.8998 259.10608
177.2021 254.02875
180.01053 252.06192
183.15305 250.53209
187.82649 256.711
184.8998 259.10608
179.55002 265.47305
147.9402 307.86777
148.66684 311.14575
155.31209 319.37323
160.5084 325.86548
168.27312 336.9638
173.33995 346.42
170.57394 348.04526
163.63763 340.3889
158.32549 336.37674
160.5084 325.86548
163.12634 326.2941
168.27312 336.9638
170.57394 348.04526
173.33995 346.42
166.0296 338.7786
158.32549 336.37674
165.98126 326.9792
168.38727 327.74084
158.32549 336.37674
156.57928 340.95865
148.15736 344.6126
149.47179 346.20862
216.36769 289.7639
212.14293 295.42017
201.02913 302.02487
194.59813 301.62964
196.25127 295.4764
198.38956 290.8009
202.28703 287.65723
201.7965 292.65234
197.78128 286.40012
196.25127 295.4764
182.22636 332.7909
184.12196 328.24414
186.67009 327.2657
189.02652 334.4494
190.54631 333.24652
186.67009 327.2657
182.22636 332.7909
202.28703 287.65723
204.24542 287.8758
182.10748 311.43332
180.84784 307.26456
191.13127 267.07202
191.96355 268.5947
184.10365 268.94116
189.7824 272.06552
190.14972 276.547
192.32677 276.39517
192.18904 281.93716
194.66539 282.95706
196.91058 282.04498
197.78128 286.40012
164.33546 299.46426
163.68361 293.45792
163.47914 288.01526
163.57133 276.6921
164.75055 265.06192
170.0219 265.70206
167.0366 272.51645
164.75055 265.06192
170.0219 265.70206
167.0366 272.51645
167.82361 279.6345
165.72855 281.75342
169.34677 288.97513
166.67218 293.9016
163.47914 288.01526
165.72855 281.75342
163.57133 276.6921
177.00371 319.7407
186.50261 308.55673
194.59813 301.62964
198.79893 298.4855
193.6183 305.89792
184.61536 305.42673
182.10748 311.43332
174.36102 316.7008
163.12634 326.2941
165.98126 326.9792
175.77171 318.23557
182.10748 311.43332
184.61536 305.42673
193.38731 298.76733
194.6038 290.0964
172.66728 248.21997
169.51936 250.57333
160.35551 248.13792
154.65097 249.02774
146.0364 238.62599
149.1679 235.59364
152.7451 240.46442
154.41902 245.61406
164.96198 246.04587
169.92233 237.50725
176.34798 246.93867
180.01053 252.06192
184.8998 259.10608
186.42139 266.6315
238.20161 268.9417
233.48349 272.29544
224.82176 282.85678
148.15736 344.6126
149.47179 346.20862
148.15736 344.6126
211.54503 279.10452
210.68736 272.96707
204.52754 269.49667
205.92618 268.34796
251.94916 291.67285
253.83461 294.11597
256.80295 292.00067
250.33899 284.2023
243.83772 276.73715
238.24484 273.28323
238.20161 268.9417
241.95303 267.40103
241.18733 262.68423
193.6183 305.89792
186.1084 312.7795
178.46452 321.80713
168.38727 327.74084
165.98126 326.9792
177.00371 319.7407
241.62459 206.47401
238.2021 208.73732
232.2676 215.78194
227.34181 221.6497
226.6406 218.7594
232.4003 212.28586
241.62459 206.47401
238.2021 208.73732
205.92618 268.34796
204.52754 269.49667
210.68736 272.96707
204.52754 269.49667
205.92618 268.34796
194.6038 290.0964
196.25127 295.4764
198.79893 298.4855
193.38731 298.76733
186.50261 308.55673
186.1084 312.7795
187.63887 315.75943
182.10748 311.43332
186.1084 312.7795
193.25728 310.76004
193.6183 305.89792
194.59813 301.62964
193.38731 298.76733
181.78284 321.32956
178.46452 321.80713
168.38727 327.74084
160.5084 325.86548
158.12009 326.32703
156.60992 318.55276
155.31209 319.37323
154.36919 321.25055
148.66684 311.14575
149.52278 304.51138
222.39423 261.0569
214.21225 250.5699
208.18845 249.34248
209.02493 252.2893
210.7042 259.0048
217.23734 263.6694
222.39423 261.0569
217.23734 263.6694
207.07379 255.33543
209.02493 252.2893
214.21225 250.5699
220.43448 255.48425
222.39423 261.0569
227.53046 269.7599
227.70285 264.18323
220.43448 255.48425
212.11581 245.1202
214.21225 250.5699
206.35661 247.29855
208.18845 249.34248
209.02493 252.2893
217.23734 263.6694
219.34192 270.05038
214.76968 271.9264
212.33868 275.819
210.68736 272.96707
216.75613 267.18506
214.76968 271.9264
210.68736 272.96707
182.98077 336.05316
186.38579 338.8999
192.05258 345.69724
191.25551 346.46442
192.05258 345.69724
227.34181 221.6497
226.6406 218.7594
232.2676 215.78194
232.4003 212.28586
238.2021 208.73732
241.62459 206.47401
238.20161 268.9417
238.24484 273.28323
245.23384 279.99496
253.44893 289.33417
251.94916 291.67285
253.83461 294.11597
253.44893 289.33417
147.9402 307.86777
156.27188 303.01367
166.67218 293.9016
169.92886 294.3504
164.33546 299.46426
156.79478 305.726
152.3782 308.64633
206.46805 288.73325
207.81693 290.38004
208.9492 291.55948
210.16884 293.13718
212.14293 295.42017
216.36769 289.7639
218.13434 285.74026
215.41034 275.0222
214.76968 271.9264
216.75613 267.18506
210.7042 259.0048
207.07379 255.33543
232.34863 276.0709
233.48349 272.29544
238.20161 268.9417
241.95303 267.40103
243.63472 261.13364
241.18733 262.68423
238.20161 268.9417
238.24484 273.28323
243.83772 276.73715
245.23384 279.99496
250.33899 284.2023
253.44893 289.33417
256.80295 292.00067
253.83461 294.11597
251.94916 291.67285
253.44893 289.33417
184.10365 268.94116
174.10408 268.14633
167.82361 279.6345
169.34677 288.97513
169.92886 294.3504
175.06871 303.19415
180.84784 307.26456
184.61536 305.42673
184.8998 259.10608
187.82649 256.711
191.34375 252.76479
194.08107 255.89665
199.03549 252.58401
200.40388 255.47841
206.35661 247.29855
212.70543 239.88882
217.04308 236.02834
223.37358 228.81036
227.34181 221.6497
226.6406 218.7594
232.2676 215.78194
238.2021 208.73732
216.75613 267.18506
217.23734 263.6694
222.39423 261.0569
227.70285 264.18323
194.6038 290.0964
196.25127 295.4764
198.79893 298.4855
201.02913 302.02487
203.64027 303.066
193.6183 305.89792
187.63887 315.75943
177.00371 319.7407
175.77171 318.23557
174.36102 316.7008
175.77171 318.23557
177.00371 319.7407
178.46452 321.80713
181.78284 321.32956
186.67009 327.2657
190.54631 333.24652
189.02652 334.4494
190.54631 333.24652
189.02652 334.4494
174.10408 268.14633
179.55002 265.47305
177.2021 254.02875
172.66728 248.21997
169.92233 237.50725
167.98798 227.55865
224.82176 282.85678
216.36769 289.7639
210.16884 293.13718
201.02913 302.02487
193.25728 310.76004
172.47298 227.18613
172.38869 230.51369
169.92233 237.50725
166.7017 236.5649
163.22708 235.42497
168.60382 246.78639
172.66728 248.21997
180.01053 252.06192
187.82649 256.711
194.08107 255.89665
191.34375 252.76479
187.82649 256.711
186.42552 263.1826
175.3819 261.88916
177.2021 254.02875
169.51936 250.57333
164.96198 246.04587
168.60382 246.78639
176.34798 246.93867
172.66728 248.21997
169.51936 250.57333
184.12196 328.24414
178.46452 321.80713
186.67009 327.2657
233.48349 272.29544
238.24484 273.28323
245.23384 279.99496
253.44893 289.33417
251.94916 291.67285
253.83461 294.11597
256.80295 292.00067
186.67009 327.2657
190.54631 333.24652
189.02652 334.4494
190.54631 333.24652
189.02652 334.4494
211.54503 279.10452
213.89554 280.61084
224.30807 278.5019
224.82176 282.85678
220.703 288.24527
218.13434 285.74026
206.46805 288.73325
219.34192 270.05038
218.50768 276.81134
213.89554 280.61084
206.46805 288.73325
201.7965 292.65234
196.25127 295.4764
204.24542 287.8758
216.23886 282.95746
218.13434 285.74026
208.9492 291.55948
207.81693 290.38004
216.23886 282.95746
215.41034 275.0222
218.50768 276.81134
224.30807 278.5019
224.82176 282.85678
218.50768 276.81134
125.64178 307.54053
126.37324 309.0532
124.746414 311.27258
122.65015 310.83878
125.64178 307.54053
158.32549 336.37674
156.57928 340.95865
148.15736 344.6126
149.47179 346.20862
192.05258 345.69724
191.25551 346.46442
182.98077 336.05316
179.68529 332.3544
210.68736 272.96707
205.92618 268.34796
204.52754 269.49667
205.92618 268.34796
204.52754 269.49667
158.32549 336.37674
156.57928 340.95865
149.47179 346.20862
148.15736 344.6126
156.57928 340.95865
158.32549 336.37674
245.17801 214.9237
247.02263 213.7949
248.54831 212.05257
144.4413 305.7505
148.28157 313.9881
259.18887 221.03012
257.56436 222.99161
256.05603 224.26361
257.56436 222.99161
248.54831 212.05257
241.62459 206.47401
245.17801 214.9237
247.02263 213.7949
256.05603 224.26361
126.37324 309.0532
125.64178 307.54053
122.65015 310.83878
124.746414 311.27258
125.64178 307.54053
192.05258 345.69724
191.25551 346.46442
186.38579 338.8999
182.98077 336.05316
191.25551 346.46442
135.03925 309.90158
133.71785 313.24326
135.03925 309.90158
144.4413 305.7505
143.99892 302.81595
147.9402 307.86777
148.28157 313.9881
190.54631 333.24652
189.02652 334.4494
184.12196 328.24414
190.54631 333.24652
245.23384 279.99496
250.33899 284.2023
253.44893 289.33417
256.80295 292.00067
253.83461 294.11597
251.94916 291.67285
253.44893 289.33417
253.83461 294.11597
248.54831 212.05257
259.18887 221.03012
256.05603 224.26361
245.17801 214.9237
238.2021 208.73732
247.02263 213.7949
257.56436 222.99161
131.65341 328.9471
130.65097 329.04944
131.65341 328.9471
130.65097 329.04944
130.26828 324.90033
127.21088 320.78253
