 421
 475
 571
 576
 455
 480
 453
 418
 423
 457
 453
 459
 467
 414
 412
 381
 356
 368
 375
 367
 356
 233
 254
 364
 372
 369
 369
 353
 442
 448
 464
 459
 463
 466
 469
 466
 451
 379
 342
 334
 353
 380
 181
 190
 184
 195
 203
 218
 254
 273
 278
 285
 297
 310
 282
 257
 253
 258
 111
 106
 111
 124
 135
 153
 152
 164
 159
 165
 165
 166
 153
 165
 153
 152
 152
 151
 160
 172
 167
 166
 172
 169
 173
 169
 170
 162
 161
 200
 196
 208
 195
 207
 203
 203
 208
 202
 198
 202
 203
 204
 220
 222
 243
 287
 284
 291
 218
 191
 202
 208
 243
 273
 280
 231
 243
 191
 187
 131
 145
 189
 196
 207
 207
 213
 239
 214
 186
 222
 188
 233
 231
 206
 206
 206
 248
 213
 256
 286
 322
 345
 399
 504
 483
 477
 460
 423
 380
 427
 441
 429
 452
 452
 446
 465
 477
 461
 483
 472
 481
 439
 416
 423
 465
 484
 537
 555
 533
 544
 538
 560
 513
 466
 468
 464
 478
 466
 467
 465
 460
 472
 451
 447
 473
 457
 462
 473
 476
 474
 486
 491
 506
 500
 500
 503
 491
 444
 462
 476
 477
 532
 503
 451
 481
 485
 482
 488
 440
 433
 448
 475
 538
 541
 541
 517
 498
 499
 424
 439
 489
 524
 540
 556
 560
 545
 512
 517
 600
 657
 655
 660
 658
 655
 664
 504
 495
 497
 542
 526
 520
 524
 537
 555
 554
 537
 563
 581
 638
 684
 655
 687
 684
 623
 598
 599
 660
 635
 664
 673
 584
 565
 598
 587
 561
 597
 616
 669
 587
 546
 510
 518
 508
 423
 449
 399
 403
 348
 354
 351
 199
 140
 139
 160
 389
 462
 460
 463
 451
 406
 433
 515
 611
 628
 710
 722
 799
 702
 740
 524
 515
 469
 423
 275
 290
 299
 328
 358
 413
 406
 399
 320
 407
 455
 525
 528
 623
 619
 657
 646
 698
 696
 686
 611
 621
 524
 613
 610
 583
 576
 658
 629
 645
 552
 510
 487
 596
 585
 574
 592
 591
 611
 627
 637
 684
 652
 676
 666
 598
 524
 507
 497
 519
 509
 497
 478
 479
 479
 414
 301
 299
 162
 230
 229
 240
 237
 252
 396
 455
 258
 249
 225
 512
 512
 545
 614
 663
 684
 745
 748
 717
 640
 636
 615
 615
 583
 517
 510
 463
 440
 360
 386
 427
 505
 540
 566
 556
 550
 567
 553
 492
 422
 379
 356
 407
 400
 424
 489
 485
 502
 510
 506
 475
 517
 519
 554
 566
 559
 565
 530
 552
 537
 511
 504
 485
 429
 422
 433
 434
 441
 447
 470
 487
 521
 524
 507
 529
 534
 521
 506
 518
 528
 333
 414
 434
 469
 503
 502
 489
 471
 491
 521
 511
 530
 491
 476
 510
 530
 496
 547
 507
 524
 559
 626
 662
 631
 648
 660
 667
 643
 635
 606
 638
 688
 658
 603
 605
 591
 600
 547
 626
 622
 684
 658
 626
 481
 468
 496
 516
 552
 536
 556
 521
 503
 485
 481
 579
 614
 592
 630
 584
 611
 680
 565
 573
 598
 667
 678
 646
 597
 599
 613
 634
 603
 539
 502
 30
 34
 48
 53
 74
 78
 74
 70
 60
 61
 41
 27
 46
 60
 64
 82
 79
 78
 85
 87
 97
 87
 72
 73
 519
 431
 390
 145
 142
 141
 462
 529
 506
 141
 154
 151
 160
 154
 157
 154
 151
 161
 179
 182
 182
 167
 175
 156
 139
 369
 407
 476
 273
 292
 333
 438
 496
 580
 573
 573
 583
 358
 376
 393
 399
 397
 343
 357
 355
 404
 416
 423
 405
 409
 452
 435
 431
 451
 426
 345
 399
 421
 406
 410
 422
 467
 461
 475
 467
 459
 440
 449
 451
 472
 495
 511
 554
 549
 427
 552
 660
 687
 694
 676
 710
 696
 694
 704
 719
 725
 736
 715
 764
 732
 718
 388
 354
 423
 430
 448
 436
 455
 447
 447
 447
 436
 439
 372
 312
 316
 351
 258
 268
 291
 289
 434
 460
 354
 357
 220
 226
 238
 444
 468
 482
 383
 421
 472
 438
 447
 455
 452
 436
 509
 550
 603
 632
 654
 679
 673
 658
 663
 632
 661
 662
 640
 671
 685
 662
 350
 410
 421
 385
 418
 414
 437
 436
 324
 312
 314
 297
 298
 303
 315
 301
 367
 364
 369
 376
 369
 366
 368
 350
 381
 454
 489
 568
 590
 617
 632
 655
 671
 666
 672
 685
 757
 563
 583
 594
 613
 613
 622
 638
 627
 673
 618
 601
 590
 598
 600
 626
 672
 647
 681
 671
 668
 625
 669
 659
 668
 681
 634
 626
 617
 650
 617
 586
 569
 558
 561
 572
 648
 588
 608
 604
 618
 636
 655
 649
 651
 420
 455
 517
 549
 579
 556
 583
 614
 631
 601
 593
 593
 618
 593
 590
 596
 590
 603
 616
 619
 606
 626
