182.47571 96.65428
182.24911 99.77357
180.46169 102.60157
188.932 110.21481
200.129 119.86325
202.1531 117.875626
65.544655 112.77032
67.578415 111.432335
70.15757 109.997856
72.13021 108.28554
76.93169 121.10659
74.49231 122.265724
71.71311 123.3149
76.93169 121.10659
79.14276 119.94775
89.65367 128.9518
87.85843 129.83101
86.15512 131.08124
84.44237 131.8076
82.88929 132.90553
81.257256 133.70482
82.88929 132.90553
188.932 110.21481
191.56146 108.105385
192.93498 105.86844
78.272606 156.77211
73.95977 157.46213
72.33906 161.65051
69.138115 158.7442
68.643684 154.83618
72.33906 161.65051
78.272606 156.77211
73.95977 157.46213
99.83589 146.72423
101.75523 144.34634
103.187614 142.12102
104.69248 139.44525
115.36568 142.65869
114.671585 144.84866
115.40657 146.95752
115.98588 149.50069
117.0177 151.47417
118.10274 153.40198
119.45737 155.5565
121.05099 157.43478
110.16346 163.92566
111.8604 165.65189
104.79962 171.07011
105.36095 173.62175
100.50997 169.04027
94.86976 162.7
90.502335 158.18747
91.93124 156.25331
94.001526 155.36679
96.3511 153.89716
104.79962 171.07011
111.8604 165.65189
110.16346 163.92566
118.70688 161.54669
115.96076 163.44139
119.45737 155.5565
155.43759 78.62499
153.67583 79.6982
151.1224 80.2843
152.85803 82.342865
153.67583 79.6982
155.43759 78.62499
153.67583 79.6982
161.89937 89.88252
162.69781 86.9949
150.0113 155.77629
152.75153 157.11197
157.50983 163.03119
156.55963 163.812
157.50983 163.03119
156.55963 163.812
150.0113 155.77629
143.14716 147.45274
137.53242 140.396
204.05554 115.32285
202.1531 117.875626
200.129 119.86325
191.56146 108.105385
204.05554 115.32285
42.368202 112.65865
46.905125 113.179436
54.52873 106.99407
61.61868 101.83876
60.80263 104.63096
52.00291 110.82794
46.905125 113.179436
120.91713 168.43999
117.69514 170.43378
119.786674 175.70287
122.55954 177.43114
124.48883 181.44595
129.64867 186.01486
128.90956 186.82454
129.64867 186.01486
128.90956 186.82454
124.48883 181.44595
119.786674 175.70287
115.6528 169.97974
117.69514 170.43378
115.6528 169.97974
117.69514 170.43378
115.6528 169.97974
140.75812 90.10007
136.1048 91.7959
58.09867 81.38041
55.795494 82.600136
45.354748 72.55717
35.586075 66.81828
33.238537 68.87677
40.133125 78.8114
27.63312 74.23304
140.37239 141.67279
137.53242 140.396
138.34637 137.26385
127.06526 144.21858
118.10274 153.40198
117.0177 151.47417
125.76572 142.12018
135.88564 134.87796
124.35453 140.07661
123.06386 137.94646
124.35453 140.07661
125.76572 142.12018
127.06526 144.21858
128.75395 146.77744
130.13925 149.11745
119.45737 155.5565
118.10274 153.40198
117.0177 151.47417
115.98588 149.50069
115.40657 146.95752
114.671585 144.84866
115.98588 149.50069
124.35453 140.07661
138.34637 137.26385
140.37239 141.67279
143.12022 135.58551
147.64633 135.66003
151.97913 128.23132
147.09608 117.36737
68.643684 154.83618
65.2281 152.01872
60.393585 147.05911
61.97103 146.06236
68.643684 154.83618
69.138115 158.7442
65.79885 166.54192
60.26729 171.85715
57.220776 169.16255
60.26729 171.85715
62.602497 164.67552
72.33906 161.65051
68.643684 154.83618
65.2281 152.01872
61.97103 146.06236
60.393585 147.05911
61.97103 146.06236
160.4365 125.41522
156.40964 120.54481
149.07182 114.4047
141.59792 106.24686
140.00826 107.559044
141.59792 106.24686
182.47571 96.65428
182.24911 99.77357
180.46169 102.60157
176.85371 103.073326
169.73166 111.762955
162.1616 119.955154
151.97913 128.23132
154.62883 130.06526
160.4365 125.41522
167.61862 118.6828
80.82538 118.43059
79.14276 119.94775
76.93169 121.10659
67.578415 111.432335
68.58403 101.327126
65.30483 102.099335
61.61868 101.83876
62.48097 92.81918
59.727592 93.53688
65.26573 92.114845
65.30483 102.099335
59.727592 93.53688
60.80263 104.63096
67.578415 111.432335
124.41582 95.93418
122.1825 94.130936
122.1084 91.68682
115.376755 83.55484
114.01621 84.23112
122.1825 94.130936
122.1084 91.68682
114.01621 84.23112
135.34923 131.38947
135.88564 134.87796
138.34637 137.26385
140.37239 141.67279
147.64633 135.66003
154.62883 130.06526
151.97913 128.23132
143.12022 135.58551
137.53242 140.396
128.75395 146.77744
119.45737 155.5565
121.05099 157.43478
130.13925 149.11745
140.37239 141.67279
95.300964 134.91083
93.678764 136.58331
92.21011 138.0573
90.79863 139.67447
89.69605 141.89346
97.98762 149.01404
96.87418 151.26573
90.79863 139.67447
97.98762 149.01404
100.57797 153.3697
101.75523 144.34634
107.19885 143.52795
99.83589 146.72423
104.69248 139.44525
107.19885 143.52795
104.69248 139.44525
92.21011 138.0573
82.88929 132.90553
88.067696 156.69862
90.502335 158.18747
94.86976 162.7
95.31789 166.70233
100.50997 169.04027
104.79962 171.07011
110.16346 163.92566
119.45737 155.5565
121.05099 157.43478
111.8604 165.65189
105.36095 173.62175
95.31789 166.70233
91.8691 165.99213
88.067696 156.69862
90.502335 158.18747
98.69282 161.16472
100.57797 153.3697
107.19885 143.52795
140.37239 141.67279
147.44534 150.50696
152.75153 157.11197
156.55963 163.812
157.50983 163.03119
156.55963 163.812
141.59792 106.24686
140.00826 107.559044
147.09608 117.36737
153.80054 122.65464
160.4365 125.41522
151.97913 128.23132
153.80054 122.65464
146.76369 122.35484
147.09608 117.36737
149.07182 114.4047
140.00826 107.559044
204.05554 115.32285
202.1531 117.875626
200.129 119.86325
188.932 110.21481
153.67583 79.6982
147.88568 84.70935
145.25006 87.57654
140.75812 90.10007
139.01231 93.093834
55.795494 82.600136
53.768764 84.26264
55.654854 95.17545
57.649906 93.930725
61.61868 101.83876
67.578415 111.432335
74.49231 122.265724
79.964096 135.05774
84.2557 143.7299
87.64032 149.15675
91.93124 156.25331
94.86976 162.7
95.31789 166.70233
90.502335 158.18747
83.03634 148.5356
84.2557 143.7299
80.911865 144.92651
87.64032 149.15675
88.067696 156.69862
91.93124 156.25331
90.502335 158.18747
51.72748 66.95526
50.244556 68.75259
45.354748 72.55717
53.768764 84.26264
55.795494 82.600136
63.62589 86.29976
60.26729 171.85715
57.220776 169.16255
62.602497 164.67552
69.138115 158.7442
68.643684 154.83618
204.05554 115.32285
202.1531 117.875626
200.129 119.86325
202.1531 117.875626
204.05554 115.32285
38.554726 80.8355
40.133125 78.8114
41.822803 76.760086
44.028744 74.89036
45.354748 72.55717
47.639133 70.55398
50.244556 68.75259
51.72748 66.95526
57.339176 71.42606
59.93331 79.30516
63.26631 81.59573
59.93331 79.30516
50.244556 68.75259
57.339176 71.42606
59.93331 79.30516
58.09867 81.38041
59.93331 79.30516
51.72748 66.95526
13.783575 65.146645
15.125112 62.026543
16.48848 59.67796
115.376755 83.55484
114.01621 84.23112
115.376755 83.55484
122.1825 94.130936
124.41582 95.93418
120.016205 100.788475
116.13292 105.81154
117.21257 107.6833
118.98368 109.47478
114.014915 113.946754
108.13564 116.79779
106.49103 116.297424
114.72505 126.33126
116.20706 125.559044
108.13564 116.79779
114.72505 126.33126
192.93498 105.86844
191.56146 108.105385
188.932 110.21481
191.56146 108.105385
182.47571 96.65428
177.57822 91.933586
174.64294 91.484436
171.81798 90.36522
168.95877 89.17081
166.23639 88.02758
162.69781 86.9949
155.43759 78.62499
146.77574 67.613144
144.6017 68.73125
153.67583 79.6982
161.89937 89.88252
161.48218 93.30832
152.85803 82.342865
161.89937 89.88252
162.69781 86.9949
152.85803 82.342865
151.1224 80.2843
153.67583 79.6982
155.43759 78.62499
152.85803 82.342865
72.33906 161.65051
73.95977 157.46213
83.03634 148.5356
87.64032 149.15675
78.272606 156.77211
73.95977 157.46213
77.248474 75.78599
77.30667 73.54251
77.44383 71.3784
77.30667 73.54251
77.248474 75.78599
85.12513 74.13735
84.44237 131.8076
95.300964 134.91083
146.76369 122.35484
140.03792 127.09437
135.34923 131.38947
124.35453 140.07661
115.40657 146.95752
114.671585 144.84866
123.06386 137.94646
131.17615 130.70752
138.3198 124.74338
147.09608 117.36737
152.85803 82.342865
153.67583 79.6982
155.43759 78.62499
152.85803 82.342865
162.69781 86.9949
161.89937 89.88252
161.48218 93.30832
156.20294 102.45227
161.89937 89.88252
162.69781 86.9949
155.43759 78.62499
105.36095 173.62175
104.79962 171.07011
100.50997 169.04027
95.31789 166.70233
91.8691 165.99213
90.502335 158.18747
91.93124 156.25331
94.001526 155.36679
96.3511 153.89716
96.87418 151.26573
97.98762 149.01404
99.83589 146.72423
101.75523 144.34634
103.187614 142.12102
104.69248 139.44525
107.19885 143.52795
115.36568 142.65869
91.8691 165.99213
93.91817 173.83928
100.50997 169.04027
94.86976 162.7
94.001526 155.36679
96.3511 153.89716
98.69282 161.16472
96.87418 151.26573
97.98762 149.01404
99.83589 146.72423
101.75523 144.34634
103.187614 142.12102
101.75523 144.34634
92.21011 138.0573
86.15512 131.08124
79.14276 119.94775
125.905754 171.83893
124.598625 172.97476
125.905754 171.83893
120.91713 168.43999
118.70688 161.54669
152.13148 114.14384
157.67476 103.77943
163.723 95.32229
166.23639 88.02758
168.95877 89.17081
166.44925 97.371544
159.64864 105.147835
161.11894 107.51204
169.04182 98.77814
171.81798 90.36522
174.64294 91.484436
171.47711 100.18826
162.97064 108.74213
164.73256 110.07258
174.04225 101.58485
177.57822 91.933586
176.85371 103.073326
182.47571 96.65428
182.24911 99.77357
180.46169 102.60157
173.3102 110.35306
167.61862 118.6828
160.4365 125.41522
154.62883 130.06526
141.59792 106.24686
140.00826 107.559044
147.09608 117.36737
149.07182 114.4047
140.00826 107.559044
141.59792 106.24686
173.3102 110.35306
169.73166 111.762955
167.61862 118.6828
162.1616 119.955154
160.4365 125.41522
151.97913 128.23132
154.62883 130.06526
107.19885 143.52795
103.187614 142.12102
93.678764 136.58331
86.15512 131.08124
51.72748 66.95526
41.85766 66.41788
35.586075 66.81828
41.85766 66.41788
50.244556 68.75259
47.639133 70.55398
35.586075 66.81828
41.85766 66.41788
33.30494 95.780014
41.716976 106.41954
46.905125 113.179436
42.368202 112.65865
41.716976 106.41954
37.636837 104.807144
31.276442 96.66093
33.30494 95.780014
37.636837 104.807144
115.36568 142.65869
107.19885 143.52795
100.57797 153.3697
98.69282 161.16472
104.79962 171.07011
110.16346 163.92566
119.45737 155.5565
121.05099 157.43478
118.70688 161.54669
115.96076 163.44139
111.8604 165.65189
105.36095 173.62175
99.96207 179.60251
94.51768 186.5915
93.00438 184.59892
98.59358 178.19005
104.79962 171.07011
100.50997 169.04027
96.85403 176.57426
91.63514 182.77177
90.11639 180.96391
95.49515 175.23651
100.50997 169.04027
94.86976 162.7
95.31789 166.70233
93.91817 173.83928
88.79927 179.13295
90.11639 180.96391
91.63514 182.77177
93.00438 184.59892
94.51768 186.5915
98.59358 178.19005
99.96207 179.60251
98.59358 178.19005
96.85403 176.57426
95.49515 175.23651
93.91817 173.83928
91.63514 182.77177
154.62883 130.06526
151.97913 128.23132
160.4365 125.41522
162.1616 119.955154
166.9701 111.13796
174.04225 101.58485
176.85371 103.073326
174.04225 101.58485
171.47711 100.18826
169.04182 98.77814
166.44925 97.371544
163.723 95.32229
161.48218 93.30832
166.23639 88.02758
166.44925 97.371544
157.67476 103.77943
156.20294 102.45227
152.13148 114.14384
116.13292 105.81154
117.21257 107.6833
118.98368 109.47478
106.49103 116.297424
108.13564 116.79779
114.014915 113.946754
117.21257 107.6833
118.98368 109.47478
128.69923 100.53288
120.016205 100.788475
118.98368 109.47478
147.09608 117.36737
149.07182 114.4047
141.59792 106.24686
140.00826 107.559044
78.272606 156.77211
73.95977 157.46213
72.33906 161.65051
68.643684 154.83618
69.138115 158.7442
167.61862 118.6828
162.1616 119.955154
152.13148 114.14384
149.07182 114.4047
89.65367 128.9518
87.85843 129.83101
86.15512 131.08124
84.44237 131.8076
90.79863 139.67447
99.83589 146.72423
96.3511 153.89716
89.69605 141.89346
82.88929 132.90553
87.95749 143.3605
81.257256 133.70482
74.49231 122.265724
78.204605 136.38974
79.964096 135.05774
81.257256 133.70482
84.2557 143.7299
87.95749 143.3605
89.69605 141.89346
182.47571 96.65428
182.24911 99.77357
180.46169 102.60157
176.85371 103.073326
173.3102 110.35306
117.69514 170.43378
122.55954 177.43114
129.64867 186.01486
128.90956 186.82454
93.91817 173.83928
95.49515 175.23651
96.85403 176.57426
100.50997 169.04027
93.91817 173.83928
95.49515 175.23651
95.31789 166.70233
100.50997 169.04027
104.79962 171.07011
105.36095 173.62175
96.85403 176.57426
91.8691 165.99213
94.86976 162.7
98.69282 161.16472
100.50997 169.04027
104.79962 171.07011
105.36095 173.62175
135.54758 94.684616
139.01231 93.093834
145.25006 87.57654
152.85803 82.342865
151.1224 80.2843
147.88568 84.70935
140.75812 90.10007
156.20294 102.45227
149.07182 114.4047
152.13148 114.14384
96.87418 151.26573
96.3511 153.89716
94.001526 155.36679
98.69282 161.16472
91.93124 156.25331
94.86976 162.7
90.502335 158.18747
88.067696 156.69862
91.8691 165.99213
95.31789 166.70233
100.57797 153.3697
96.3511 153.89716
96.87418 151.26573
97.98762 149.01404
99.83589 146.72423
101.75523 144.34634
103.187614 142.12102
104.69248 139.44525
107.19885 143.52795
99.83589 146.72423
114.72505 126.33126
116.20706 125.559044
114.72505 126.33126
116.20706 125.559044
106.49103 116.297424
117.21257 107.6833
126.11512 97.651375
127.58238 99.30147
118.98368 109.47478
117.21257 107.6833
116.13292 105.81154
115.96076 163.44139
121.144264 166.05435
125.905754 171.83893
124.598625 172.97476
120.91713 168.43999
115.96076 163.44139
118.70688 161.54669
121.144264 166.05435
120.91713 168.43999
125.905754 171.83893
137.53242 140.396
140.37239 141.67279
143.14716 147.45274
147.44534 150.50696
150.0113 155.77629
87.64032 149.15675
83.03634 148.5356
78.272606 156.77211
72.33906 161.65051
69.138115 158.7442
147.09608 117.36737
146.76369 122.35484
138.3198 124.74338
140.03792 127.09437
131.17615 130.70752
135.34923 131.38947
115.6528 169.97974
121.144264 166.05435
117.69514 170.43378
111.8604 165.65189
110.16346 163.92566
118.70688 161.54669
61.61868 101.83876
60.80263 104.63096
54.52873 106.99407
52.00291 110.82794
46.905125 113.179436
42.368202 112.65865
37.636837 104.807144
29.430143 98.15753
24.262865 92.62126
25.240738 91.76853
24.262865 92.62126
16.48848 59.67796
15.125112 62.026543
13.783575 65.146645
21.992653 69.66255
23.514984 67.709015
15.125112 62.026543
16.48848 59.67796
25.160109 65.68942
23.514984 67.709015
21.992653 69.66255
15.125112 62.026543
146.77574 67.613144
144.6017 68.73125
142.52031 70.05828
144.6017 68.73125
146.77574 67.613144
144.6017 68.73125
142.52031 70.05828
151.1224 80.2843
152.85803 82.342865
151.1224 80.2843
153.67583 79.6982
155.43759 78.62499
144.6017 68.73125
182.47571 96.65428
182.24911 99.77357
191.56146 108.105385
202.1531 117.875626
204.05554 115.32285
85.12513 74.13735
77.30667 73.54251
77.44383 71.3784
77.248474 75.78599
85.12513 74.13735
182.47571 96.65428
182.24911 99.77357
180.46169 102.60157
188.932 110.21481
191.56146 108.105385
139.01231 93.093834
136.1048 91.7959
134.7455 89.89593
133.31749 88.033226
132.09189 86.46424
130.64664 85.02584
122.1084 91.68682
122.1825 94.130936
132.09189 86.46424
133.31749 88.033226
124.41582 95.93418
126.11512 97.651375
134.7455 89.89593
136.1048 91.7959
127.58238 99.30147
128.69923 100.53288
135.54758 94.684616
136.1048 91.7959
134.7455 89.89593
133.31749 88.033226
132.09189 86.46424
130.64664 85.02584
132.09189 86.46424
124.41582 95.93418
126.11512 97.651375
127.58238 99.30147
128.69923 100.53288
134.7455 89.89593
87.85843 129.83101
93.678764 136.58331
103.187614 142.12102
107.19885 143.52795
104.69248 139.44525
95.300964 134.91083
89.65367 128.9518
87.85843 129.83101
86.15512 131.08124
84.44237 131.8076
93.678764 136.58331
104.69248 139.44525
115.36568 142.65869
114.671585 144.84866
107.19885 143.52795
110.16346 163.92566
111.8604 165.65189
115.96076 163.44139
118.70688 161.54669
121.05099 157.43478
119.45737 155.5565
115.96076 163.44139
110.16346 163.92566
111.8604 165.65189
154.62883 130.06526
151.97913 128.23132
162.1616 119.955154
169.73166 111.762955
176.85371 103.073326
180.46169 102.60157
188.932 110.21481
200.129 119.86325
202.1531 117.875626
191.56146 108.105385
182.24911 99.77357
182.47571 96.65428
192.93498 105.86844
204.05554 115.32285
182.47571 96.65428
182.24911 99.77357
192.93498 105.86844
204.05554 115.32285
202.1531 117.875626
200.129 119.86325
191.56146 108.105385
180.46169 102.60157
182.47571 96.65428
192.93498 105.86844
13.783575 65.146645
15.125112 62.026543
23.514984 67.709015
30.72472 71.62676
40.133125 78.8114
51.46708 86.28174
57.649906 93.930725
59.727592 93.53688
53.768764 84.26264
41.822803 76.760086
33.238537 68.87677
25.160109 65.68942
114.671585 144.84866
107.19885 143.52795
101.75523 144.34634
99.83589 146.72423
97.98762 149.01404
96.87418 151.26573
96.3511 153.89716
94.001526 155.36679
91.93124 156.25331
88.067696 156.69862
60.393585 147.05911
61.97103 146.06236
65.2281 152.01872
69.138115 158.7442
65.79885 166.54192
57.220776 169.16255
60.26729 171.85715
62.602497 164.67552
140.37239 141.67279
128.75395 146.77744
117.0177 151.47417
115.36568 142.65869
104.69248 139.44525
95.300964 134.91083
89.65367 128.9518
80.82538 118.43059
72.13021 108.28554
68.58403 101.327126
65.26573 92.114845
63.62589 86.29976
71.12057 80.95027
77.248474 75.78599
85.12513 74.13735
89.838745 79.45771
87.511055 81.183815
77.248474 75.78599
105.36095 173.62175
100.50997 169.04027
95.31789 166.70233
91.8691 165.99213
88.067696 156.69862
83.03634 148.5356
80.911865 144.92651
78.204605 136.38974
71.71311 123.3149
65.544655 112.77032
60.80263 104.63096
55.654854 95.17545
48.94131 88.25525
38.554726 80.8355
27.63312 74.23304
21.992653 69.66255
13.783575 65.146645
15.125112 62.026543
16.48848 59.67796
25.160109 65.68942
16.48848 59.67796
15.125112 62.026543
13.783575 65.146645
25.160109 65.68942
23.514984 67.709015
21.992653 69.66255
30.72472 71.62676
27.63312 74.23304
30.72472 71.62676
33.238537 68.87677
23.514984 67.709015
25.160109 65.68942
35.586075 66.81828
44.028744 74.89036
55.795494 82.600136
62.48097 92.81918
61.347332 84.61409
58.09867 81.38041
24.262865 92.62126
25.240738 91.76853
31.276442 96.66093
37.121048 92.01273
36.043365 90.625885
37.121048 92.01273
36.043365 90.625885
31.276442 96.66093
29.430143 98.15753
33.30494 95.780014
36.043365 90.625885
200.129 119.86325
202.1531 117.875626
204.05554 115.32285
77.248474 75.78599
77.30667 73.54251
89.838745 79.45771
87.511055 81.183815
85.12513 74.13735
77.44383 71.3784
70.283844 77.16465
63.26631 81.59573
61.347332 84.61409
70.85893 78.93271
77.30667 73.54251
77.44383 71.3784
77.30667 73.54251
77.248474 75.78599
70.283844 77.16465
70.85893 78.93271
71.12057 80.95027
63.26631 81.59573
63.62589 86.29976
62.48097 92.81918
65.30483 102.099335
70.15757 109.997856
79.14276 119.94775
87.85843 129.83101
93.678764 136.58331
103.187614 142.12102
114.671585 144.84866
55.795494 82.600136
53.768764 84.26264
51.46708 86.28174
48.94131 88.25525
41.822803 76.760086
156.20294 102.45227
157.67476 103.77943
159.64864 105.147835
161.11894 107.51204
162.97064 108.74213
164.73256 110.07258
166.9701 111.13796
169.73166 111.762955
167.61862 118.6828
166.9701 111.13796
173.3102 110.35306
174.04225 101.58485
182.47571 96.65428
177.57822 91.933586
174.64294 91.484436
169.04182 98.77814
164.73256 110.07258
54.52873 106.99407
52.00291 110.82794
46.905125 113.179436
46.905125 113.179436
54.52873 106.99407
52.00291 110.82794
46.905125 113.179436
52.00291 110.82794
54.52873 106.99407
149.07182 114.4047
152.13148 114.14384
156.40964 120.54481
162.1616 119.955154
153.80054 122.65464
147.09608 117.36737
156.40964 120.54481
151.97913 128.23132
146.76369 122.35484
204.05554 115.32285
202.1531 117.875626
204.05554 115.32285
119.45737 155.5565
121.05099 157.43478
115.96076 163.44139
118.70688 161.54669
119.45737 155.5565
111.8604 165.65189
110.16346 163.92566
