 493
 480
 506
 471
 476
 468
 482
 483
 504
 530
 542
 593
 550
 567
 554
 534
 546
 532
 503
 527
 509
 516
 496
 490
 476
 479
 459
 475
 190
 188
 187
 184
 169
 173
 267
 281
 276
 301
 294
 302
 487
 531
 583
 610
 624
 623
 67
 72
 73
 75
 126
 129
 142
 169
 259
 134
 132
 129
 125
 93
 79
 59
 103
 132
 206
 269
 387
 514
 564
 140
 98
 84
 110
 123
 127
 151
 161
 151
 113
 138
 133
 84
 51
 66
 73
 86
 86
 82
 82
 48
 66
 70
 72
 77
 86
 89
 91
 425
 487
 491
 537
 554
 586
 628
 659
 646
 683
 671
 498
 431
 448
 446
 525
 523
 543
 567
 586
 587
 610
 637
 367
 356
 268
 303
 292
 316
 320
 351
 348
 346
 360
 357
 356
 377
 357
 523
 539
 512
 553
 596
 575
 578
 570
 597
 548
 545
 529
 572
 536
 501
 514
 481
 506
 525
 526
 527
 512
 538
 509
 545
 535
 537
 141
 166
 174
 159
 196
 222
 217
 212
 215
 271
 278
 273
 259
 237
 238
 238
 238
 234
 244
 241
 246
 276
 273
 285
 235
 206
 235
 254
 246
 239
 126
 130
 179
 236
 231
 245
 250
 237
 227
 197
 209
 206
 206
 215
 222
 213
 210
 209
 205
 212
 213
 262
 265
 221
 202
 126
 305
 358
 399
 409
 417
 407
 429
 86
 86
 86
 87
 89
 101
 102
 98
 57
 60
 59
 430
 431
 483
 499
 513
 522
 575
 558
 553
 591
 603
 674
 708
 756
 722
 741
 708
 642
 613
 681
 679
 717
 683
 745
 705
 359
 448
 480
 539
 589
 556
 594
 600
 596
 615
 300
 306
 531
 547
 556
 564
 184
 210
 223
 238
 229
 304
 281
 259
 262
 258
 314
 352
 265
 184
 189
 219
 237
 226
 233
 354
 403
 386
 415
