169.31442 81.22225
160.2316 70.833115
153.54031 61.031097
150.2152 61.43692
150.2152 61.43692
159.14792 72.85047
167.0869 82.655815
175.21431 88.82903
180.57283 93.57885
179.92273 100.01381
184.33902 96.435905
180.57283 93.57885
180.6634 89.34356
175.21431 88.82903
173.4479 85.780876
166.37646 86.760895
161.15433 77.11001
43.862045 62.55066
47.017426 65.004486
50.677868 62.739033
55.972416 67.83698
61.11326 70.88139
60.184002 75.90229
63.610855 78.15505
63.177567 83.1892
66.89067 87.286064
66.76856 94.16189
70.56075 97.627045
68.790825 101.60212
60.11434 105.200836
59.315796 99.10688
51.66385 95.39368
53.833485 94.57346
51.66385 95.39368
47.87317 89.78465
42.2932 88.31528
41.961395 85.85163
32.491886 78.42308
35.91409 77.58103
32.491886 78.42308
34.760643 67.22138
31.930458 69.488945
34.760643 67.22138
35.757614 62.291332
39.483685 64.743805
43.862045 62.55066
194.24661 132.78322
192.03311 131.92828
182.61964 140.99483
172.88315 148.96446
165.18565 154.84169
158.75244 160.60951
147.53494 169.9972
138.79079 177.50764
129.86192 187.11285
123.105316 192.86108
121.86188 190.9061
84.99082 151.26497
86.130486 158.96495
90.91743 163.6558
91.39565 167.78041
98.13816 168.87999
99.75411 171.71259
104.02093 168.44225
107.88523 168.85988
111.77845 163.23082
50.78473 44.00542
46.591087 44.57562
40.718594 42.726643
36.412388 43.12684
60.736412 144.70317
59.854218 145.3167
60.736412 144.70317
59.854218 145.3167
53.90269 139.02617
192.09358 83.795296
194.76054 82.26226
198.23802 89.956566
201.42418 88.49731
198.23802 89.956566
194.46608 97.73032
194.47473 95.284164
194.46608 97.73032
189.1605 100.9572
184.33902 96.435905
128.21909 99.5949
128.44998 101.65321
120.62853 108.310814
118.09735 108.10279
114.128914 113.34489
79.54073 97.22414
77.386955 97.00874
79.54073 97.22414
83.65601 91.0945
86.02487 90.85399
79.54073 97.22414
55.972416 67.83698
55.98232 65.39877
62.305134 61.61133
120.78789 139.52791
115.04065 144.42473
110.88009 141.91002
104.99599 141.002
97.80646 138.52509
98.73279 135.80304
90.22469 132.50868
90.88737 128.21495
98.73279 135.80304
104.99599 141.002
115.04065 144.42473
119.88705 144.63646
120.78789 139.52791
163.37907 120.340004
158.89502 120.49585
156.5857 121.864204
67.59497 163.19322
68.888115 164.38823
76.94772 157.69438
84.99082 151.26497
82.34399 150.9471
74.3264 158.14159
67.59497 163.19322
36.412388 43.12684
40.718594 42.726643
50.78473 44.00542
46.591087 44.57562
36.412388 43.12684
32.436775 50.539207
30.137367 53.454086
26.69984 49.997128
32.436775 50.539207
25.61993 41.987152
26.63376 45.2032
32.436775 50.539207
127.00669 112.57735
127.73923 113.25657
124.09641 115.31066
121.554405 116.972626
122.28612 118.232834
121.554405 116.972626
126.034225 115.14839
127.00669 112.57735
126.034225 115.14839
84.99082 151.26497
82.34399 150.9471
76.94772 157.69438
74.3264 158.14159
68.888115 164.38823
67.59497 163.19322
53.90269 139.02617
56.056618 139.87239
60.736412 144.70317
59.854218 145.3167
56.056618 139.87239
115.00152 125.469635
109.26077 117.380264
106.93521 117.316666
109.26077 117.380264
113.29969 125.689644
126.034225 115.14839
120.62853 108.310814
124.09641 115.31066
156.5857 121.864204
158.89502 120.49585
163.37907 120.340004
156.5857 121.864204
158.89502 120.49585
163.37907 120.340004
132.56229 98.32362
135.92459 93.77371
138.53105 93.213585
142.10066 88.195015
144.2006 88.234886
138.53105 93.213585
132.56229 98.32362
56.887905 104.69259
60.11434 105.200836
61.5909 112.5099
65.609375 115.055145
67.09348 121.66614
71.03341 124.44518
73.29096 132.39047
76.58837 133.44553
78.96541 143.67082
82.169655 146.01582
82.34399 150.9471
84.99082 151.26497
106.93521 117.316666
109.26077 117.380264
106.93521 117.316666
118.09735 108.10279
128.21909 99.5949
135.92459 93.77371
138.53105 93.213585
144.2006 88.234886
148.94954 82.19445
150.03725 83.830444
114.128914 113.34489
109.26077 117.380264
106.93521 117.316666
113.29969 125.689644
115.00152 125.469635
109.59023 130.82477
108.25177 129.66632
109.59023 130.82477
108.25177 129.66632
194.24661 132.78322
192.03311 131.92828
187.6516 139.30101
182.61964 140.99483
120.78789 139.52791
119.88705 144.63646
110.88009 141.91002
104.99599 141.002
97.80646 138.52509
98.73279 135.80304
90.22469 132.50868
90.88737 128.21495
129.55154 154.21608
134.91516 145.9411
130.29492 134.92752
126.572 136.295
131.20091 149.16562
134.91516 145.9411
126.572 136.295
124.54857 139.70909
134.91516 145.9411
138.33128 146.61128
142.42816 139.15877
147.98196 136.95276
149.61575 131.27884
154.6165 130.01352
153.3239 126.94922
152.55295 121.84578
148.73627 119.48475
147.75815 112.9035
156.5857 121.864204
158.89502 120.49585
153.14467 108.50369
150.37514 108.99115
156.5857 121.864204
152.55295 121.84578
147.75815 112.9035
135.92459 93.77371
140.34317 98.06542
138.53105 93.213585
25.291857 100.01241
21.113026 91.34785
16.63576 84.6165
21.113026 91.34785
21.738018 95.37099
25.46616 102.62848
30.194464 114.66843
34.47975 111.96779
31.05889 112.723015
28.16761 106.756874
25.291857 100.01241
138.53105 93.213585
132.56229 98.32362
128.44998 101.65321
118.09735 108.10279
124.09641 115.31066
127.00669 112.57735
124.54857 139.70909
131.20091 149.16562
129.55154 154.21608
125.27393 153.7033
122.868385 158.82324
117.13211 159.85413
109.59023 130.82477
108.25177 129.66632
113.29969 125.689644
115.00152 125.469635
113.29969 125.689644
115.00152 125.469635
108.25177 129.66632
109.59023 130.82477
150.03725 83.830444
148.94954 82.19445
142.10066 88.195015
135.92459 93.77371
132.56229 98.32362
128.21909 99.5949
138.33128 146.61128
134.91516 145.9411
131.20091 149.16562
138.33128 146.61128
127.00669 112.57735
127.73923 113.25657
126.034225 115.14839
122.28612 118.232834
121.554405 116.972626
122.28612 118.232834
124.09641 115.31066
127.00669 112.57735
127.73923 113.25657
138.33128 146.61128
134.91516 145.9411
131.20091 149.16562
138.33128 146.61128
86.02487 90.85399
83.65601 91.0945
77.386955 97.00874
82.352234 102.92336
87.1289 106.94915
91.41838 105.71866
85.05789 110.47497
78.38425 116.34058
72.936806 114.18399
71.991486 109.98055
66.818504 104.996155
59.315796 99.10688
60.11434 105.200836
78.96541 143.67082
82.169655 146.01582
82.34399 150.9471
84.99082 151.26497
86.130486 158.96495
90.91743 163.6558
91.39565 167.78041
98.13816 168.87999
99.75411 171.71259
104.02093 168.44225
107.88523 168.85988
89.22711 78.9429
87.17591 76.658485
80.812744 84.060074
32.59532 96.3522
35.745518 92.20448
41.961395 85.85163
42.2932 88.31528
32.59532 96.3522
133.89287 172.21051
132.84497 172.1802
138.79079 177.50764
129.6346 184.76363
123.105316 192.86108
129.86192 187.11285
124.28741 180.77173
123.82587 178.50098
119.202415 174.85558
117.87452 170.61473
115.69062 170.3123
119.91839 167.01979
122.1414 166.90413
126.031494 171.18935
124.26798 172.43993
119.91839 167.01979
116.163765 163.34663
117.13211 159.85413
122.1414 166.90413
128.21909 99.5949
128.44998 101.65321
133.03401 107.984085
133.94704 106.5133
133.03401 107.984085
133.94704 106.5133
128.21909 99.5949
80.812744 84.060074
89.22711 78.9429
87.17591 76.658485
89.22711 78.9429
