 400
 399
 399
 394
 387
 323
 270
 261
 299
 299
 316
 344
 82
 83
 462
 491
 514
 560
 556
 588
 598
 412
 427
 428
 432
 430
 429
 520
 537
 534
 520
 548
 564
 565
 568
 594
 582
 572
 542
 503
 489
 483
 487
 490
 525
 531
 553
 552
 591
 582
 594
 71
 71
 79
 60
 69
 73
 122
 147
 138
 142
 142
 249
 232
 189
 184
 185
 234
 282
 291
 94
 179
 155
 112
 57
 65
 105
 144
 191
 208
 249
 300
 343
 348
 492
 520
 598
 603
 654
 658
 663
 648
 648
 648
 671
 652
 685
 588
 422
 497
 442
 478
 452
 438
 435
 420
 246
 118
 147
 156
 136
 129
 127
 138
 132
 130
 137
 154
 145
 172
 173
 189
 165
 165
 129
 147
 217
 181
 167
 210
 216
 218
 150
 179
 172
 182
 184
 195
 191
 186
 188
 399
 417
 462
 437
 419
 423
 560
 584
 506
 526
 536
 561
 575
 599
 616
 598
 606
 587
 590
 602
 611
 640
 646
 574
 627
 612
 527
 558
 590
 572
 546
 546
 503
 497
 572
 573
 505
 518
 5
 17
 27
 31
 56
 49
 48
 37
 38
 48
 57
 32
 34
 46
 58
 62
 67
 72
 97
 103
 103
 103
 356
 402
 380
 390
 409
 381
 369
 354
 350
 275
 387
 374
 385
 387
 384
 366
 401
 426
 439
 462
 449
 451
 457
 113
 108
 110
 122
 130
 139
 150
 155
