63.94744 112.32908
63.57655 115.28155
70.22633 123.02264
71.3108 128.83846
76.331604 133.83598
77.533936 140.24883
83.14934 140.67978
91.20433 131.80127
88.955475 138.74437
86.3876 143.38327
88.231926 149.78342
82.91898 145.91866
86.3876 143.38327
88.955475 138.74437
94.90967 132.70287
91.20433 131.80127
83.14934 140.67978
88.231926 149.78342
85.71363 150.13388
83.24589 150.88448
55.87322 139.64006
53.902504 139.55263
49.93161 134.49995
44.14167 127.1358
42.807446 121.64956
41.235043 118.05284
34.35858 109.59855
128.37973 185.72592
130.83366 186.32306
136.45244 179.10138
140.54398 178.71046
130.83366 186.32306
123.27769 192.52736
159.72145 123.44592
163.3713 129.90584
166.80728 132.17798
169.66496 137.76279
172.16582 139.01326
121.45547 117.34792
122.311455 117.94907
121.45547 117.34792
153.72017 70.1781
159.35744 72.144875
163.84749 72.02409
168.27887 73.03353
173.4372 81.51047
180.21782 90.92294
183.4985 98.06043
174.4737 107.85415
117.82748 196.17842
117.08438 194.99141
117.82748 196.17842
117.08438 194.99141
128.37973 185.72592
130.83366 186.32306
136.45244 179.10138
140.54398 178.71046
161.41484 160.57805
158.45746 160.76505
152.23056 151.9992
151.21524 153.03
152.23056 151.9992
59.040462 106.021675
63.94744 112.32908
165.0072 100.43866
160.12474 97.64365
159.73796 92.13583
162.04898 82.83377
159.4554 76.58352
153.72017 70.1781
117.82748 196.17842
117.08438 194.99141
117.82748 196.17842
117.08438 194.99141
123.27769 192.52736
128.37973 185.72592
136.45244 179.10138
41.235043 118.05284
50.589077 110.528946
59.040462 106.021675
47.053036 114.91233
41.235043 118.05284
65.668785 97.65244
63.354843 99.641754
58.39802 98.04272
51.361534 94.905266
42.256924 87.98712
36.83585 84.32297
31.64673 76.112175
31.652597 67.85177
33.696316 62.22166
37.890877 60.363094
46.30094 62.121895
55.722828 65.33422
60.225838 69.54426
63.558178 77.22837
66.36808 86.05567
69.73049 95.70446
65.20391 103.961464
61.646194 106.96619
59.040462 106.021675
56.791927 105.088005
51.361534 94.905266
90.35928 104.63608
91.56385 106.45436
90.35928 104.63608
91.56385 106.45436
87.535614 106.50078
87.67464 109.7217
81.630035 102.56558
79.508545 96.89117
87.535614 106.50078
83.24589 150.88448
87.07879 160.02129
89.63294 165.16426
101.54147 171.57188
106.84412 170.27946
117.02908 163.82648
118.46492 160.09015
123.25689 158.37979
125.956665 152.44566
131.45433 152.03496
133.68625 148.79056
135.24753 145.0657
140.324 145.13245
140.37343 140.87292
147.56534 136.8389
57.952137 45.68102
57.952084 43.85376
57.952137 45.68102
57.952084 43.85376
64.045944 51.509155
68.77409 57.068226
75.513336 64.870926
80.68386 71.39371
84.712296 74.28201
82.77153 76.50135
76.9214 68.64592
73.51335 70.789406
72.56486 69.8067
76.9214 68.64592
73.51335 70.789406
159.72145 123.44592
162.55688 117.889175
165.9685 117.646255
169.71191 110.599655
34.35858 109.59855
34.75637 112.17727
42.807446 121.64956
46.725246 125.21592
121.45547 117.34792
122.311455 117.94907
125.32657 114.13629
117.673294 108.70094
124.75897 115.93741
121.09616 129.31393
118.37998 125.21954
114.395836 125.932755
113.69747 122.73712
118.37998 125.21954
101.54147 171.57188
89.63294 165.16426
88.03468 157.25464
87.07879 160.02129
89.63294 165.16426
77.516846 157.69943
74.0415 158.27945
77.516846 157.69943
146.40195 117.29665
147.8451 112.59909
142.35493 106.45724
140.65704 108.04667
142.35493 106.45724
140.65704 108.04667
120.52162 139.45494
109.64819 142.08673
100.86071 137.58403
158.0061 123.61419
159.72145 123.44592
163.3713 129.90584
166.80728 132.17798
169.66496 137.76279
172.16582 139.01326
176.74924 145.74547
123.963135 172.83109
125.88637 171.68997
123.963135 172.83109
125.88637 171.68997
117.02908 163.82648
142.33965 87.66286
145.19716 87.3597
142.33965 87.66286
138.3811 93.30461
136.17828 92.73688
128.64456 101.15969
126.64268 101.03826
128.64456 101.15969
133.77258 106.46005
114.395836 125.932755
107.79443 118.51324
108.50548 115.80615
113.69747 122.73712
108.50548 115.80615
107.79443 118.51324
113.69747 122.73712
147.8451 112.59909
142.35493 106.45724
140.65704 108.04667
146.40195 117.29665
142.35493 106.45724
140.65704 108.04667
142.35493 106.45724
133.68625 148.79056
135.24753 145.0657
127.91791 142.9832
125.57878 136.06041
129.44977 135.63898
135.24753 145.0657
169.71191 110.599655
162.55688 117.889175
158.0061 123.61419
159.72145 123.44592
165.9685 117.646255
169.71191 110.599655
133.01138 107.14815
133.77258 106.46005
133.01138 107.14815
133.77258 106.46005
126.64268 101.03826
120.0088 108.272804
117.673294 108.70094
115.45843 112.77586
108.50548 115.80615
107.79443 118.51324
103.18685 122.7668
101.93778 121.45627
103.18685 122.7668
101.93778 121.45627
108.50548 115.80615
76.96603 174.22224
71.23462 172.80418
117.02908 163.82648
118.46492 160.09015
125.956665 152.44566
131.45433 152.03496
172.16582 139.01326
166.80728 132.17798
159.72145 123.44592
158.0061 123.61419
163.3713 129.90584
169.66496 137.76279
172.16582 139.01326
109.64819 142.08673
112.88709 139.51996
118.809265 143.59868
120.52162 139.45494
122.475464 138.02591
117.673294 108.70094
120.0088 108.272804
125.32657 114.13629
126.956055 112.72385
124.0283 131.94293
121.09616 129.31393
118.37998 125.21954
114.395836 125.932755
146.40195 117.29665
151.73947 109.76105
160.12474 97.64365
154.40617 101.18758
151.73947 109.76105
147.22318 105.856804
145.99556 102.59571
141.6019 99.20955
138.3811 93.30461
136.17828 92.73688
142.33965 87.66286
145.19716 87.3597
149.76427 83.710846
