 229
 296
 245
 252
 253
 254
 229
 192
 186
 184
 176
 167
 164
 153
 152
 178
 209
 214
 216
 216
 214
 207
 200
 226
 207
 212
 227
 246
 229
 240
 215
 228
 208
 211
 75
 74
 79
 83
 86
 80
 394
 418
 560
 406
 453
 461
 547
 563
 609
 611
 624
 616
 583
 590
 575
 560
 575
 202
 239
 252
 257
 240
 215
 202
 218
 172
 134
 113
 169
 166
 168
 192
 411
 438
 500
 480
 523
 535
 536
 544
 554
 551
 548
 562
 538
 613
 571
 611
 610
 129
 124
 128
 134
 116
 121
 592
 548
 552
 561
 549
 554
 545
 453
 463
 479
 532
 57
 68
 79
 122
 124
 127
 114
 124
 130
 136
 87
 111
 98
 99
 97
 92
 100
 108
 93
 108
 77
 88
 84
 98
 109
 105
 112
 90
 76
 74
 72
 76
 74
 292
 308
 216
 218
 222
 200
 194
 165
 182
 189
 186
 190
 309
 307
 129
 132
 133
 130
 127
 130
 135
 166
 110
 104
 125
 102
 396
 404
 419
 471
 457
 477
 516
 459
 523
 539
 427
 455
 463
 453
 454
 465
 473
 484
 479
 75
 86
 82
