209.3246 88.75186
207.4696 91.95412
204.27869 97.31576
193.94293 98.52006
181.23286 93.19707
192.87773 93.388504
193.94293 98.52006
192.16151 101.40886
191.02832 105.066505
193.16719 108.31952
202.78172 104.87153
191.02832 105.066505
192.16151 101.40886
201.87685 101.50124
193.94293 98.52006
179.1952 98.15773
191.02832 105.066505
201.87685 101.50124
202.78172 104.87153
193.16719 108.31952
199.27309 111.191895
204.90913 107.383804
204.07635 93.62823
207.4696 91.95412
209.3246 88.75186
211.07535 94.44352
207.4696 91.95412
204.6128 89.23297
179.96909 88.25242
175.50722 91.06126
165.87604 82.49832
128.03017 185.90468
130.85329 186.38913
133.81581 181.32632
139.36282 179.70273
144.73532 172.04134
149.96126 169.96323
158.43687 161.31656
161.52539 160.99452
166.6469 153.71152
170.49564 153.45668
176.67467 145.48929
179.60486 145.86774
183.79485 139.69101
187.68983 139.32614
192.07057 132.56325
194.5006 132.44722
144.73532 172.04134
149.96126 169.96323
158.43687 161.31656
166.6469 153.71152
176.67467 145.48929
179.43211 60.167664
180.85843 58.46086
182.22028 56.737484
182.98836 64.21079
187.10785 62.110306
87.5243 109.57794
82.19142 102.80219
77.52485 96.94168
84.17686 90.65451
80.617516 83.84286
86.445145 91.1688
79.15637 97.30884
84.274086 103.543655
87.5243 109.57794
68.62761 91.77409
64.89551 87.166756
65.777725 82.58271
64.45058 78.067986
61.018677 77.226265
64.89551 87.166756
68.62761 91.77409
102.24486 122.71645
101.57618 121.47317
108.58008 116.063225
118.14965 107.93461
123.1485 103.389915
130.43062 97.29495
135.93169 93.04258
145.48293 86.899025
144.68593 85.59636
209.3246 88.75186
211.07535 94.44352
208.93216 96.54774
207.4696 91.95412
209.3246 88.75186
211.07535 94.44352
192.11792 52.925636
195.89664 51.864933
203.57603 50.029438
213.00711 59.08975
220.28307 65.38628
228.54172 70.96699
217.72061 78.61758
153.86423 130.47745
149.77191 131.61406
143.81969 137.65869
144.73642 140.26085
153.86423 130.47745
129.47417 135.92331
132.13379 141.13942
135.23941 145.13696
135.71344 149.78261
125.695244 153.28851
194.5006 132.44722
184.97684 121.06714
40.39399 116.684975
40.34552 113.8577
42.44056 114.44258
37.111115 107.44867
30.370293 98.55497
33.553318 105.58104
40.34552 113.8577
64.89551 87.166756
61.018677 77.226265
54.53279 66.79395
50.22802 62.946743
47.27467 64.89649
43.415947 66.83076
41.28037 63.786255
37.2194 60.48585
36.33469 64.29055
41.28037 63.786255
47.27467 64.89649
54.53279 66.79395
179.1952 98.15773
181.40802 102.090324
192.91383 111.469666
199.27309 111.191895
204.90913 107.383804
202.78172 104.87153
201.87685 101.50124
204.27869 97.31576
208.93216 96.54774
211.07535 94.44352
213.99092 99.14195
211.00063 100.598785
208.93216 96.54774
213.99092 99.14195
157.4365 76.44891
155.94382 78.03696
155.14735 79.88227
155.94382 78.03696
76.98434 139.52069
83.72317 152.56242
76.4082 156.33832
75.451256 158.94626
68.73973 165.26147
67.2428 163.89586
76.4082 156.33832
83.26709 147.92584
127.87196 113.23059
127.13761 112.38397
122.05055 118.151
121.386086 117.089905
122.05055 118.151
121.386086 117.089905
83.26709 147.92584
80.357994 142.82684
81.16458 138.06339
80.59081 135.41318
86.138916 129.16661
88.61464 130.22688
81.16458 138.06339
80.357994 142.82684
86.424995 135.4723
91.19031 132.62315
93.34215 133.3725
86.424995 135.4723
88.759575 138.95534
84.38353 141.47778
83.26709 147.92584
159.82045 97.81421
155.5826 99.48062
153.24326 109.68509
146.8943 116.68022
147.56377 120.11223
142.25095 121.56912
137.70886 128.59431
133.39062 128.22656
129.47417 135.92331
125.605965 136.1164
123.2491 139.20326
120.37645 144.08208
119.208206 139.83673
120.37645 144.08208
110.46559 139.37518
107.48422 141.44463
101.17629 137.48055
100.88814 140.3281
192.87773 93.388504
193.94293 98.52006
192.16151 101.40886
21.76887 44.073822
23.293886 45.38076
27.540586 39.23066
27.109417 41.508137
30.744822 53.14284
31.97919 50.43259
27.802643 49.07088
30.744822 53.14284
184.97684 121.06714
194.5006 132.44722
187.68983 139.32614
179.60486 145.86774
170.49564 153.45668
161.52539 160.99452
149.96126 169.96323
139.36282 179.70273
133.81581 181.32632
58.066616 43.8402
59.338837 47.258434
67.0718 55.225407
58.066616 43.8402
