 378
 406
 471
 543
 590
 600
 634
 626
 512
 536
 557
 553
 549
 571
 527
 493
 486
 514
 480
 468
 516
 495
 473
 488
 483
 495
 526
 491
 496
 501
 477
 485
 479
 472
 468
 481
 462
 472
 456
 476
 457
 436
 433
 423
 514
 506
 508
 527
 503
 474
 466
 462
 455
 410
 32
 33
 33
 37
 57
 55
 74
 51
 60
 67
 93
 105
 56
 57
 49
 58
 42
 41
 188
 184
 167
 180
 170
 164
 184
 180
 47
 70
 77
 78
 322
 362
 355
 366
 364
 310
 172
 184
 198
 198
 200
 116
 91
 86
 109
 140
 160
 149
 146
 105
 99
 93
 91
 88
 89
 87
 94
 91
 97
 96
 105
 109
 101
 102
 105
 93
 97
 96
 578
 575
 545
 603
 620
 626
 641
 552
 558
 532
 362
 401
 406
 418
 394
 406
 410
 273
 217
 175
 146
 140
 148
 145
 131
 128
 105
 145
 172
 189
 203
 200
 250
 252
 266
 296
 302
 324
 335
 340
 375
 430
 431
 459
 456
 502
 501
 530
 523
 566
 532
 503
 494
 523
 490
 507
 477
 488
 493
 493
 466
 451
 182
 188
 187
 160
 170
 169
 137
 144
 151
 143
 173
 86
 66
 48
 29
 218
 269
 301
 346
 372
 401
 394
 126
 132
 132
 129
 105
 111
 105
 95
 89
 199
 372
 401
 378
 383
 381
 403
 393
 411
 404
 180
 295
 339
 429
 476
 32
 36
 61
 65
 75
 76
 76
 76
 75
 78
 77
 72
 75
 358
 479
 495
 499
 487
 495
 522
 364
 378
 408
