115.42146 124.47834
121.784874 129.951
128.28607 137.65602
43.439716 87.28426
40.589275 87.269104
38.166798 81.5238
34.629284 81.925476
40.589275 87.269104
43.439716 87.28426
136.23169 83.14057
136.37518 86.15672
135.79764 89.01356
131.70753 87.4272
128.50914 92.65841
126.25191 96.57718
119.61861 90.88863
122.21929 89.61003
128.35654 90.22741
128.50914 92.65841
119.61861 90.88863
22.31335 82.29309
21.279991 81.04441
18.480053 84.86345
21.002607 90.996544
25.071833 100.72117
30.5831 112.75472
34.6464 110.49911
41.60149 120.61045
44.24984 43.77227
41.73118 41.367256
127.49246 133.95053
121.784874 129.951
119.76733 125.21509
115.42146 124.47834
110.00015 117.68416
107.54054 117.25023
111.927956 113.50678
119.61594 105.90581
121.811195 106.47106
119.36319 102.72997
119.61594 105.90581
121.811195 106.47106
114.973145 113.537094
110.00015 117.68416
111.927956 113.50678
114.973145 113.537094
119.61594 105.90581
120.83773 165.83665
115.72891 170.10872
117.39651 170.91525
121.039276 168.53531
115.72891 170.10872
117.39651 170.91525
67.31813 102.99551
66.9353 95.034
68.48035 91.045975
65.09499 88.459366
63.4853 78.35893
59.8257 75.24374
57.35054 66.11203
59.15015 62.437435
63.417667 60.360023
66.55877 56.2934
68.57851 56.482475
24.261068 103.80697
25.071833 100.72117
32.309826 96.96024
33.074467 94.07039
38.436996 91.49145
43.439716 87.28426
163.81775 156.15706
172.28404 149.03363
177.2993 145.45776
186.76358 136.95369
192.04932 132.58492
172.1648 85.34984
175.01653 89.09528
179.93999 88.87383
180.06139 92.684364
182.78998 94.4776
180.30087 98.22797
181.49928 101.13939
172.23352 107.63725
166.89743 117.341156
163.49355 116.73304
160.32701 123.77737
157.5688 123.14661
154.0667 130.48903
150.84592 130.14561
148.76115 135.34401
145.54138 136.02275
142.45824 131.2483
143.53636 131.02167
148.76115 135.34401
27.159689 39.38277
41.73118 41.367256
41.60149 120.61045
34.006855 111.9138
29.285501 115.74905
30.5831 112.75472
24.261068 103.80697
20.319098 94.89092
15.914012 85.65393
53.033005 108.54852
50.448673 112.57591
44.087727 118.554375
43.238552 116.53592
44.087727 118.554375
43.238552 116.53592
50.448673 112.57591
68.48035 91.045975
74.56787 85.86735
82.719795 79.756546
85.215675 73.77927
90.4724 79.944756
88.40179 81.39703
86.66967 83.16899
82.719795 79.756546
83.15128 75.88661
88.40179 81.39703
82.719795 79.756546
83.15128 75.88661
62.014965 48.788437
58.1205 46.311592
57.83339 43.919365
44.24984 43.77227
41.73118 41.367256
82.387184 171.58472
81.355515 170.44095
74.559296 176.29208
69.306564 180.36894
70.17508 181.81279
74.166756 177.92792
74.559296 176.29208
82.387184 171.58472
81.355515 170.44095
63.4853 78.35893
59.8257 75.24374
54.3308 66.395004
131.03212 186.17288
128.20012 185.60654
124.073296 191.86226
115.94818 195.69742
116.75878 196.6372
115.94818 195.69742
116.75878 196.6372
94.58673 175.88843
93.14188 173.81664
90.85439 168.45969
87.84232 161.52393
83.68866 152.38155
77.64824 155.21889
76.051094 158.52496
68.47367 164.98195
67.589714 163.23735
68.47367 164.98195
67.589714 163.23735
77.64824 155.21889
85.47848 148.57698
43.439716 87.28426
38.166798 81.5238
34.629284 81.925476
40.589275 87.269104
43.439716 87.28426
107.54054 117.25023
110.00015 117.68416
114.471085 126.5298
115.42146 124.47834
114.471085 126.5298
107.54054 117.25023
110.00015 117.68416
65.09499 88.459366
66.9353 95.034
69.54776 101.902596
67.31813 102.99551
64.886536 97.61999
61.606087 89.06844
59.276146 89.97719
61.71711 98.82171
64.49182 104.40264
67.31813 102.99551
69.54776 101.902596
64.886536 97.61999
61.71711 98.82171
60.218468 102.41372
64.49182 104.40264
64.19157 108.47784
56.64557 100.28624
54.163044 92.3618
57.136295 91.05523
60.218468 102.41372
127.49246 133.95053
134.3105 131.4195
138.46347 124.67561
144.07384 122.95778
119.16477 161.0454
117.0421 163.51384
120.83773 165.83665
121.039276 168.53531
126.30678 171.28377
124.45282 172.62729
87.94808 127.27862
85.55818 126.07966
81.46608 117.22567
74.73915 113.16782
119.16477 161.0454
121.5209 156.43233
126.307594 156.42874
129.69499 152.56433
44.24984 43.77227
41.73118 41.367256
28.47556 41.6626
60.218468 102.41372
61.71711 98.82171
65.09499 88.459366
61.606087 89.06844
59.276146 89.97719
57.136295 91.05523
54.163044 92.3618
62.014965 48.788437
58.1205 46.311592
57.83339 43.919365
44.24984 43.77227
41.73118 41.367256
168.48909 70.82208
169.28802 70.074524
161.1633 70.05779
162.94849 68.87663
128.20012 185.60654
136.76608 178.93425
140.99237 178.08371
145.9925 171.12502
154.63808 163.86348
163.81775 156.15706
41.73118 41.367256
44.24984 43.77227
57.83339 43.919365
64.996475 118.35429
72.410034 130.58833
77.4201 132.32332
69.52984 121.90085
64.996475 118.35429
93.99105 138.3765
101.71112 138.2268
107.15643 140.90088
110.62702 139.22404
118.3557 144.74074
119.30126 141.11925
123.565216 138.56705
134.3105 131.4195
77.4201 132.32332
72.410034 130.58833
69.52984 121.90085
64.996475 118.35429
53.033005 108.54852
43.238552 116.53592
44.087727 118.554375
50.448673 112.57591
53.033005 108.54852
83.15128 75.88661
77.04321 68.769936
70.45984 60.806164
66.55877 56.2934
58.1205 46.311592
44.24984 43.77227
57.83339 43.919365
58.1205 46.311592
62.014965 48.788437
120.83773 165.83665
121.039276 168.53531
126.30678 171.28377
124.45282 172.62729
120.83773 165.83665
155.00862 67.96831
155.3295 69.77017
155.76593 71.63359
145.877 75.31409
146.77556 77.16182
147.24237 79.601974
136.23169 83.14057
97.928154 179.0676
96.05764 177.60947
94.58673 175.88843
98.96944 170.81305
105.77328 167.16223
115.47658 161.36082
121.5209 156.43233
129.69499 152.56433
134.7284 145.5685
54.3308 66.395004
57.35054 66.11203
59.8257 75.24374
63.4853 78.35893
43.889053 126.42135
46.733944 125.04036
40.84998 117.44655
41.60149 120.61045
43.889053 126.42135
