 281
 301
 370
 422
 469
 494
 534
 531
 523
 510
 485
 492
 513
 513
 489
 480
 474
 455
 310
 281
 140
 131
 97
 84
 74
 76
 60
 60
 56
 49
 80
 72
 93
 86
 102
 103
 519
 530
 481
 482
 469
 480
 474
 535
 343
 392
 469
 501
 592
 600
 537
 508
 564
 606
 635
 669
 679
 613
 575
 607
 574
 563
 587
 66
 78
 86
 90
 96
 115
 141
 188
 236
 266
 308
 55
 58
 61
 65
 66
 68
 67
 183
 183
 175
 126
 131
 132
 106
 77
 307
 278
 251
 252
 261
 261
 266
 221
 218
 72
 76
 80
 80
 96
 108
 138
 157
 240
 296
 140
 135
 138
 130
 129
 131
 101
 100
 381
 397
 382
 395
 400
 433
 448
 444
 418
 467
 141
 148
 136
 139
 139
 140
 139
 137
 118
 109
 115
 118
 94
 93
 94
 91
 90
 81
 82
 71
 67
 54
 53
 54
 55
 60
 44
 51
 55
 57
 57
 63
 67
 105
 132
 324
 376
 426
 455
 484
 564
 600
 601
 620
 564
 585
 625
 616
 80
 75
 62
 62
 56
 47
 43
 54
 48
 36
 33
 35
 46
 46
 46
 55
 59
 60
 56
 54
 54
 386
 392
 389
 386
 353
 190
 153
 129
 100
 61
 61
 70
 63
 54
 43
 48
 75
 109
 121
 121
 124
 111
 105
 83
 288
 326
 369
 391
 392
 403
 394
 360
 345
 344
 295
 228
 330
 402
 425
 438
 435
 432
 436
 438
 429
 419
 45
 54
 83
 99
 247
 292
 307
 300
 318
 97
 103
 89
 97
 90
 99
 95
 104
 107
 119
 104
 99
 103
 106
 101
 105
 103
 99
 97
 117
 123
 124
 129
 97
 109
 390
 335
 287
 157
 160
 160
 159
 156
 206
 340
 402
 399
 279
 309
 422
 462
 498
 519
 131
 132
 129
 128
 180
 206
 224
 231
 237
 273
 315
 372
 390
 391
 395
 395
 378
 363
 348
 309
 311
 384
 394
 402
 414
 445
 167
 177
 146
 155
 164
 174
 155
 158
 103
 110
 113
 113
 115
 97
 108
 106
 113
 133
 113
 122
 123
 133
 141
 296
 316
 358
 410
 352
 269
 269
 261
 237
 230
 250
 233
 213
 222
 214
 218
 211
 180
 183
 538
 529
 542
 507
 496
 405
 351
 308
 259
 172
 168
 165
 162
 438
 502
 513
 525
 471
 493
 339
 83
 82
 77
 121
 129
 114
 110
 114
 128
 112
 108
 107
 478
 474
 478
 334
 425
 176
 168
 171
 173
 165
 177
 390
 384
 394
 416
 352
 370
 366
 405
 435
 387
 407
 434
 351
 356
 364
 374
 245
 277
 275
 270
 283
 489
 493
 471
 474
 550
 583
 602
 554
 562
 554
 552
 28
 34
 35
 26
 31
 34
 34
 24
 29
 467
 527
 553
 574
 580
 305
 323
 244
 247
 216
 147
 106
 103
 116
 117
 388
 398
 368
 365
 99
 107
 73
 103
 104
 119
 110
 97
 94
 87
 98
 120
 139
