57.1973 64.56511
56.15403 67.82533
61.89474 74.16986
61.004852 78.08895
66.41718 85.36854
73.487144 83.50285
135.89996 90.51993
139.73508 95.15251
140.36957 97.98456
144.73717 100.58624
145.78307 104.234764
150.80626 108.38053
152.09413 112.0059
145.78307 104.234764
140.36957 97.98456
136.07465 93.55153
63.011097 161.8434
60.21178 160.67915
55.096424 152.41959
54.919464 153.82953
50.525593 155.0787
49.98673 157.54195
47.378456 152.0264
48.23035 150.44864
43.225048 145.90521
44.512875 148.92233
45.581455 145.76572
48.939606 145.14655
143.53488 131.0045
146.16815 138.51016
147.45381 133.10388
146.16815 138.51016
140.97073 140.34042
137.28667 148.26634
152.09413 112.0059
150.80626 108.38053
145.78307 104.234764
144.73717 100.58624
150.80626 108.38053
152.09413 112.0059
145.78307 104.234764
144.73717 100.58624
175.68575 109.469765
177.68268 102.39229
183.78522 99.977295
187.78447 91.56004
194.79243 92.203865
198.20276 94.84791
214.44704 58.868187
212.57481 58.683094
209.49068 61.954155
206.90378 67.266655
202.80342 70.7188
200.32274 75.8871
197.61385 76.97561
195.5599 83.195114
191.20528 88.73807
187.78447 91.56004
144.73717 100.58624
145.78307 104.234764
150.80626 108.38053
152.09413 112.0059
183.6875 72.38459
182.0297 74.266304
179.94202 69.28499
187.10124 61.183903
191.80698 57.660492
196.81458 50.866116
201.91788 45.716274
207.76009 52.220943
212.57481 58.683094
175.70157 72.11764
178.21945 66.85135
179.95564 61.736046
184.43214 60.1486
178.21945 66.85135
179.95564 61.736046
68.840706 59.968212
64.612144 54.26795
61.92032 50.4337
63.684372 48.59116
65.4998 50.733555
64.612144 54.26795
61.83899 60.020638
57.1973 64.56511
52.832672 63.110153
127.4348 101.307846
132.19244 106.50965
135.58528 108.72671
134.83862 109.75571
135.58528 108.72671
130.32178 186.2273
136.4155 179.52664
139.81145 178.83765
223.47629 69.7943
224.85782 70.49734
226.7731 70.03175
224.55023 63.98254
220.50833 60.236645
214.44704 58.868187
65.78142 89.5143
61.004852 78.08895
56.15403 67.82533
47.301434 64.30538
42.023697 64.681656
37.58286 63.696514
34.46134 66.11789
33.979637 73.40526
33.783752 62.424
31.77066 67.63694
31.820702 75.208534
35.65337 83.28123
42.48661 88.084404
51.515385 95.32121
57.252728 104.40509
63.882397 116.7035
68.98142 125.379135
75.49123 137.07228
80.02653 145.9321
82.52066 151.2777
87.47815 161.4987
91.29761 167.1826
56.15403 67.82533
57.1973 64.56511
57.646255 60.358578
62.24339 56.14048
61.92032 50.4337
65.4998 50.733555
63.684372 48.59116
64.612144 54.26795
70.213684 58.11152
62.24339 56.14048
68.28569 165.22824
67.14812 163.84422
73.02068 159.08253
82.52066 151.2777
88.1365 158.35652
87.47815 161.4987
91.54554 164.75603
97.03795 166.60017
102.377144 168.93213
109.21074 164.25568
114.62282 159.9677
109.531906 159.2974
109.21074 164.25568
116.6764 163.46689
83.92825 111.328804
85.357605 108.85639
89.90762 104.63799
91.240074 105.833084
89.90762 104.63799
91.240074 105.833084
214.44704 58.868187
212.57481 58.683094
203.11577 50.000244
200.60927 53.503044
196.81458 50.866116
203.11577 50.000244
198.01866 46.511898
200.60927 53.503044
83.122635 76.151115
76.417435 68.436745
68.840706 59.968212
70.213684 58.11152
68.840706 59.968212
119.21433 109.187996
118.02216 105.97828
124.22756 113.0175
123.01113 114.28309
119.21433 109.187996
124.22756 113.0175
123.01113 114.28309
124.22756 113.0175
166.10739 87.28768
165.77718 90.61526
156.57422 102.07335
152.09413 112.0059
146.869 120.31593
137.53525 128.3547
128.87369 134.86253
125.73937 139.78105
124.348694 143.98666
116.99214 142.97696
106.47869 140.91698
97.20692 139.39775
90.543076 133.91365
90.036415 129.69592
84.114716 122.869225
78.290215 116.27019
74.315605 112.65299
67.99949 105.4297
67.22285 101.487465
66.43917 97.268425
65.78142 89.5143
89.90762 104.63799
91.240074 105.833084
85.357605 108.85639
83.92825 111.328804
89.90762 104.63799
91.240074 105.833084
83.92825 111.328804
39.754295 61.41578
37.58286 63.696514
59.592724 105.157
52.194225 110.900055
45.29125 116.86944
40.942417 119.686295
42.48661 88.084404
41.566864 85.39831
37.25305 79.76796
33.979637 73.40526
31.77066 67.63694
34.46134 66.11789
76.49029 158.0479
73.02068 159.08253
67.14812 163.84422
68.28569 165.22824
76.49029 158.0479
157.47304 122.991455
160.29715 123.51835
157.47304 122.991455
164.86285 129.99673
169.97932 136.21039
177.24278 145.2321
192.26389 53.404156
191.80698 57.660492
190.84541 60.920452
189.39134 62.985134
187.10124 61.183903
184.43214 60.1486
179.95564 61.736046
178.21945 66.85135
175.70157 72.11764
172.26964 81.432976
164.0452 84.29272
190.64864 110.09113
193.47005 104.829765
197.4874 104.55748
199.06694 100.059746
198.20276 94.84791
201.77669 96.67376
208.01071 92.662056
203.83293 94.67322
201.77669 96.67376
199.06694 100.059746
128.08507 185.78438
130.32178 186.2273
125.74348 135.98352
120.749306 128.9539
116.246284 123.445595
114.46298 126.52276
110.664734 121.459465
109.823135 118.11039
116.005516 109.60479
112.58358 139.53683
106.47869 140.91698
100.90446 137.32217
97.20692 139.39775
106.47869 140.91698
112.58358 139.53683
216.2816 98.413414
214.99287 101.816505
210.24232 98.09498
210.01672 101.65116
209.60004 93.69903
214.22475 89.42821
218.20322 89.90086
220.97092 87.50721
217.88564 83.01452
215.81857 84.08553
218.20322 89.90086
215.81857 84.08553
213.37154 83.504486
55.096424 152.41959
54.919464 153.82953
50.525593 155.0787
49.98673 157.54195
50.525593 155.0787
198.01866 46.511898
192.26389 53.404156
184.43214 60.1486
179.94202 69.28499
178.21945 66.85135
184.43214 60.1486
179.95564 61.736046
173.41707 72.05382
172.26964 81.432976
169.72073 78.91052
166.10739 87.28768
165.77718 90.61526
84.748276 151.67569
82.52066 151.2777
87.47815 161.4987
91.29761 167.1826
99.19792 171.74216
102.377144 168.93213
97.03795 166.60017
91.54554 164.75603
48.939606 145.14655
49.369213 143.0361
53.631275 139.05801
55.545734 139.72661
124.22756 113.0175
123.01113 114.28309
119.21433 109.187996
118.02216 105.97828
127.4348 101.307846
126.85949 97.958084
136.07465 93.55153
135.89996 90.51993
144.59126 87.062065
145.46347 82.71992
155.14001 78.50681
153.92757 75.9581
155.14001 78.50681
50.525593 155.0787
49.98673 157.54195
54.919464 153.82953
55.096424 152.41959
49.98673 157.54195
50.525593 155.0787
177.29054 147.13795
177.24278 145.2321
184.73172 138.6159
187.75632 138.96722
177.24278 145.2321
172.35356 149.21483
165.73082 154.81192
157.97127 161.65121
151.18393 167.06116
115.81142 170.39336
117.5538 170.7047
120.34549 175.6935
122.65868 177.46738
128.08507 185.78438
130.32178 186.2273
123.68176 189.67828
123.61051 192.1181
117.38598 195.93367
116.970634 194.88472
117.38598 195.93367
116.970634 194.88472
175.68575 109.469765
169.57874 110.43158
168.92506 114.59642
165.51566 115.249374
160.29715 123.51835
154.34189 126.278046
153.09267 131.39906
147.45381 133.10388
143.53488 131.0045
147.45381 133.10388
83.122635 76.151115
85.986984 83.70717
88.47506 90.55233
94.40834 94.12475
96.167465 99.82938
101.478676 102.78166
101.87185 106.64302
108.89002 104.68753
116.005516 109.60479
118.02216 105.97828
126.85949 97.958084
135.89996 90.51993
145.46347 82.71992
153.92757 75.9581
155.14001 78.50681
144.59126 87.062065
136.07465 93.55153
127.4348 101.307846
119.21433 109.187996
126.85949 97.958084
127.4348 101.307846
131.14766 103.77349
132.19244 106.50965
134.83862 109.75571
135.58528 108.72671
134.83862 109.75571
135.58528 108.72671
131.14766 103.77349
126.85949 97.958084
57.252728 104.40509
59.592724 105.157
66.43917 97.268425
67.22285 101.487465
59.51588 98.30517
57.252728 104.40509
184.4026 92.19124
186.11273 88.41883
180.6638 87.34589
183.51941 83.669235
178.94102 83.824394
55.545734 139.72661
53.631275 139.05801
49.239 131.15028
52.975018 128.13634
52.066555 127.20378
49.239 131.15028
47.58126 130.92526
52.975018 128.13634
215.81857 84.08553
218.01503 78.331505
218.82613 74.4725
220.5257 77.76304
218.01503 78.331505
214.72214 77.61209
218.01503 78.331505
224.85782 70.49734
223.47629 69.7943
220.5257 77.76304
166.10739 87.28768
164.0452 84.29272
169.72073 78.91052
173.41707 72.05382
175.70157 72.11764
182.0297 74.266304
183.6875 72.38459
179.94202 69.28499
175.70157 72.11764
183.6875 72.38459
109.531906 159.2974
116.6764 163.46689
121.55956 168.2485
126.388885 171.40544
124.96601 172.80934
126.388885 171.40544
124.96601 172.80934
121.55956 168.2485
117.5538 170.7047
115.81142 170.39336
121.283554 165.22888
117.5538 170.7047
187.78447 91.56004
191.20528 88.73807
197.18251 87.96234
203.83293 94.67322
208.01071 92.662056
214.22475 89.42821
139.81145 178.83765
144.0358 173.03996
147.60728 172.51497
151.18393 167.06116
154.78485 166.4592
81.95723 83.03106
88.47506 90.55233
96.167465 99.82938
101.87185 106.64302
116.005516 109.60479
118.02216 105.97828
108.89002 104.68753
116.6764 163.46689
121.283554 165.22888
121.55956 168.2485
124.96601 172.80934
126.388885 171.40544
121.283554 165.22888
114.62282 159.9677
109.531906 159.2974
154.78485 166.4592
157.97127 161.65121
160.02318 161.86955
165.73082 154.81192
169.52876 154.17928
172.35356 149.21483
177.29054 147.13795
177.24278 145.2321
184.73172 138.6159
78.290215 116.27019
78.29893 113.70197
83.92825 111.328804
85.357605 108.85639
89.90762 104.63799
91.240074 105.833084
89.90762 104.63799
91.240074 105.833084
83.92825 111.328804
78.290215 116.27019
169.57874 110.43158
164.21292 105.78774
162.84322 102.596306
158.0707 94.85347
67.14812 163.84422
68.28569 165.22824
67.14812 163.84422
68.28569 165.22824
73.02068 159.08253
82.52066 151.2777
84.748276 151.67569
76.49029 158.0479
68.28569 165.22824
75.49123 137.07228
81.603615 142.30273
80.02653 145.9321
84.748276 151.67569
82.52066 151.2777
76.49029 158.0479
73.02068 159.08253
45.29125 116.86944
47.56248 120.245705
46.325268 121.84446
47.56248 120.245705
46.325268 121.84446
45.29125 116.86944
46.325268 121.84446
47.56248 120.245705
41.32395 118.081085
48.618134 112.03507
57.252728 104.40509
119.21433 109.187996
118.02216 105.97828
108.89002 104.68753
101.478676 102.78166
94.40834 94.12475
85.986984 83.70717
91.29761 167.1826
84.00807 174.05667
76.54272 180.27429
77.369896 177.75732
72.39801 173.82054
66.75933 166.81378
65.06769 166.17685
60.21178 160.67915
54.919464 153.82953
49.98673 157.54195
50.525593 155.0787
47.378456 152.0264
44.512875 148.92233
48.939606 145.14655
55.545734 139.72661
53.631275 139.05801
47.58126 130.92526
45.4026 123.58323
41.32395 118.081085
36.24528 112.18624
31.547184 106.39748
25.752249 100.146614
27.4128 101.20884
35.034866 94.53694
42.48661 88.084404
177.29054 147.13795
171.08588 139.2022
165.72766 132.89183
157.47304 122.991455
152.09413 112.0059
146.84833 115.79566
153.40256 121.42608
154.34189 126.278046
157.47304 122.991455
153.40256 121.42608
155.17647 115.796616
146.869 120.31593
153.40256 121.42608
175.68575 109.469765
171.98296 108.201195
164.21292 105.78774
162.84322 102.596306
156.57422 102.07335
155.72371 98.98106
162.84322 102.596306
171.98296 108.201195
169.57874 110.43158
164.21292 105.78774
156.57422 102.07335
66.41718 85.36854
68.9273 91.36468
