 230
 264
 290
 306
 333
 382
 387
 417
 426
 454
 534
 506
 511
 529
 462
 423
 410
 435
 388
 397
 381
 395
 395
 413
 417
 425
 434
 266
 264
 261
 193
 106
 39
 59
 79
 88
 97
 125
 137
 121
 121
 186
 238
 365
 385
 391
 380
 490
 525
 492
 464
 456
 456
 451
 422
 379
 344
 378
 377
 376
 258
 208
 141
 116
 154
 154
 158
 128
 120
 117
 161
 336
 362
 367
 370
 365
 328
 93
 100
 97
 115
 119
 111
 109
 102
 114
 82
 83
 85
 474
 487
 484
 476
 474
 441
 425
 368
 346
 336
 305
 282
 181
 143
 136
 110
 70
 72
 74
 468
 458
 466
 466
 449
 464
 511
 534
 512
 510
 471
 500
 496
 498
 529
 502
 277
 286
 270
 273
 277
 265
 263
 248
 256
 265
 284
 286
 296
 304
 302
 296
 297
 290
 291
 295
 295
 287
 285
 258
 259
 207
 478
 519
 495
 459
 531
 540
 525
 540
 548
 474
 455
 483
 461
 486
 480
 458
 458
 407
 439
 471
 468
 499
 503
 496
 482
 467
 443
 37
 43
 45
 49
 48
 48
 48
 51
 35
 45
 45
 109
 117
 171
 176
 183
 183
 185
 183
 487
 510
 518
 178
 178
 171
 157
 151
 170
 121
 122
 121
 118
 111
 74
 88
 95
 99
 105
 112
 121
 113
 94
 439
 454
 458
 467
 462
 485
 497
 501
 471
 418
 432
 438
 448
 414
 417
 464
 448
 481
 521
 522
