190.03716 79.533356
189.23248 81.719505
190.03716 79.533356
193.91878 83.864075
77.17334 115.344795
79.83865 115.36061
84.44741 109.42303
90.09912 104.79263
91.06574 106.37143
90.09912 104.79263
84.91358 73.66608
83.84081 76.42403
79.395065 78.94301
67.25483 86.684326
69.06589 91.11569
75.651344 84.634605
83.84081 76.42403
87.78035 149.66846
82.60981 151.09436
75.06124 157.36261
68.44976 165.0276
67.859856 163.48946
128.31892 152.18932
131.6156 145.53212
136.57516 145.26453
139.17569 141.97813
130.49219 140.50102
128.9207 136.35095
124.716095 138.88707
117.64329 140.59747
130.49219 140.50102
131.6156 145.53212
135.72371 149.51869
136.57516 145.26453
130.49219 140.50102
128.27135 147.70894
128.9207 136.35095
123.512886 143.14212
130.49219 140.50102
128.31892 152.18932
125.20662 156.6226
116.63488 163.4789
107.87631 169.04395
100.177124 171.41376
92.14315 167.75888
91.425644 164.24205
127.82536 99.9382
127.59064 101.99918
135.61401 108.8871
134.66414 110.084435
128.31892 152.18932
128.27135 147.70894
123.512886 143.14212
117.64329 140.59747
126.39389 134.93324
123.21615 129.71555
120.19842 128.43822
118.42934 123.69542
116.55547 123.87686
114.716576 126.41393
114.18878 123.66549
110.450584 121.60506
109.70606 118.21559
106.99486 117.4891
115.84111 109.7237
118.989685 109.16661
109.70606 118.21559
114.18878 123.66549
57.926067 104.7266
52.670204 95.74077
49.95727 91.66241
43.416687 86.71276
36.76715 81.08543
34.100685 73.843315
34.416256 65.921715
39.97641 63.635033
87.78035 149.66846
82.60981 151.09436
75.06124 157.36261
67.859856 163.48946
68.44976 165.0276
45.101467 116.33758
47.459106 119.787796
46.749996 121.46515
42.107304 119.017715
47.459106 119.787796
193.91878 83.864075
189.23248 81.719505
190.03716 79.533356
193.89731 82.06302
193.91878 83.864075
190.03716 79.533356
90.09912 104.79263
91.06574 106.37143
84.44741 109.42303
77.17334 115.344795
79.83865 115.36061
91.06574 106.37143
76.69635 179.53418
76.73451 177.50854
69.031586 169.81224
63.465363 162.80434
55.291176 152.4014
50.506996 155.01778
50.110424 157.9127
43.613003 146.28
53.988995 138.92526
46.679348 129.82729
46.461098 125.709175
39.603046 118.103775
31.604015 110.08643
25.759825 99.80618
30.99506 95.77046
38.30695 90.16187
43.416687 86.71276
91.425644 164.24205
86.73275 159.46619
86.985245 154.85922
39.98263 51.39034
40.09777 53.819855
40.179817 56.242302
40.347034 58.286686
39.09721 60.298508
33.0874 63.38957
31.87013 71.10687
32.470062 78.261986
37.122623 84.827354
42.94398 88.930275
52.670204 95.74077
57.926067 104.7266
148.20154 136.58844
144.21582 137.29083
141.76372 143.00891
139.17569 141.97813
144.21582 137.29083
148.20154 136.58844
141.76372 143.00891
57.926067 104.7266
51.674366 111.10274
47.481884 113.372696
45.101467 116.33758
42.107304 119.017715
39.603046 118.103775
47.481884 113.372696
57.926067 104.7266
156.14674 77.99737
154.45163 75.69807
144.14487 84.245155
136.18964 90.824196
125.957695 98.7412
117.24983 105.46199
108.45158 104.42122
102.36466 103.676056
95.91275 95.8451
87.74016 86.0199
62.49996 105.14413
51.674366 111.10274
45.101467 116.33758
39.603046 118.103775
67.67494 105.201256
71.60777 101.30363
75.36734 110.21857
79.83865 115.36061
171.63318 107.95279
163.99301 105.60158
163.90175 103.1746
164.27016 100.535446
158.27763 101.38471
158.50917 98.223114
160.35802 95.46718
164.28377 88.52062
171.28854 88.05569
173.27696 85.945244
178.92978 90.7013
179.3417 88.42642
86.985245 154.85922
82.60981 151.09436
87.78035 149.66846
86.985245 154.85922
82.60981 151.09436
76.63297 137.98976
77.6205 135.0429
76.63297 137.98976
81.18425 138.02023
84.383835 135.6097
83.84081 76.42403
78.87147 70.34042
76.33114 65.93813
70.208984 58.27807
69.39266 59.345646
70.208984 58.27807
163.21788 129.93788
169.74637 137.24994
176.8366 145.58746
179.47119 145.7222
172.76172 139.20901
166.70747 132.36996
163.21788 129.93788
118.89437 106.66287
118.989685 109.16661
124.380264 113.35603
123.32877 114.116165
129.08755 187.33272
128.90533 184.98378
122.85215 179.08878
121.72606 175.76782
117.88866 171.16852
115.52342 170.32726
121.47914 165.38866
120.753944 168.0312
117.88866 171.16852
115.52342 170.32726
122.85215 179.08878
129.08755 187.33272
69.06589 91.11569
65.258354 89.07164
67.25483 86.684326
75.651344 84.634605
79.395065 78.94301
75.651344 84.634605
65.258354 89.07164
67.25483 86.684326
63.03995 77.81476
60.240093 71.373436
59.580414 74.21466
179.95723 115.32685
183.2781 120.87695
192.7101 132.36255
194.94199 132.80959
192.7101 132.36255
182.94533 140.4042
176.8366 145.58746
171.24522 152.16147
166.10481 154.71298
160.69296 160.82558
158.19962 160.77223
151.35876 168.69553
145.42398 171.83238
140.0974 178.59491
135.49359 179.80977
151.96251 112.14728
154.76518 106.07496
155.03679 100.93826
158.50917 98.223114
163.90175 103.1746
172.30501 110.71742
171.63318 107.95279
164.27016 100.535446
160.35802 95.46718
159.24615 93.01086
158.50917 98.223114
158.27763 101.38471
155.03679 100.93826
158.27763 101.38471
163.99301 105.60158
172.30501 110.71742
45.677956 63.80282
39.97641 63.635033
33.0874 63.38957
34.416256 65.921715
31.87013 71.10687
34.100685 73.843315
32.470062 78.261986
36.76715 81.08543
37.122623 84.827354
43.416687 86.71276
62.64518 114.82857
62.20909 109.93629
57.926067 104.7266
52.670204 95.74077
75.651344 84.634605
65.258354 89.07164
69.06589 91.11569
