 291
 296
 301
 327
 383
 421
 427
 456
 450
 439
 404
 404
 333
 297
 269
 247
 232
 76
 71
 66
 105
 110
 111
 114
 123
 124
 126
 123
 108
 102
 107
 282
 305
 358
 350
 355
 377
 400
 412
 400
 401
 411
 400
 404
 410
 402
 412
 408
 472
 405
 419
 423
 425
 419
 422
 395
 28
 47
 54
 61
 62
 55
 58
 53
 48
 48
 45
 46
 334
 339
 367
 392
 389
 398
 363
 317
 313
 267
 237
 202
 203
 201
 226
 218
 220
 195
 192
 192
 197
 193
 189
 214
 218
 221
 221
 218
 221
 225
 234
 236
 241
 285
 265
 277
 290
 332
 366
 370
 376
 377
 367
 283
 269
 258
 255
 22
 25
 27
 55
 110
 130
 173
 174
 335
 338
 314
 314
 313
 317
 312
 250
 271
 261
 265
 273
 291
 290
 293
 182
 188
 185
 200
 220
 216
 210
 213
 208
 196
 47
 47
 47
 79
 83
 84
 34
 28
 23
 21
 18
 21
 17
 38
 58
 66
 75
 90
 86
 204
 211
 173
 412
 426
 440
 460
 468
 470
 474
 452
 455
 439
 430
 453
 433
 446
 464
 473
 466
 458
 463
 460
 299
 297
 308
 303
 222
 220
 230
 224
 199
 198
 124
 127
 126
 117
 163
 173
 173
 154
 382
 397
 395
 397
 400
 391
 39
 45
 42
 44
 46
 49
 50
 64
 247
 255
 254
 244
 188
 197
 196
 198
 194
 186
 186
 181
 74
 78
 83
