129.72777 186.85272
129.39037 185.01068
124.19892 180.34586
123.00527 177.36832
115.603065 170.5502
119.80661 166.57181
122.392395 166.97676
118.14471 170.64937
115.603065 170.5502
169.90999 87.446335
170.17506 84.44945
175.37357 88.635574
178.48132 87.03968
181.4881 82.42018
179.4494 78.18599
177.35278 78.87678
183.88159 82.37648
181.4881 82.42018
147.4372 116.19609
146.12006 111.30497
139.99101 107.418045
141.75919 106.164116
139.99101 107.418045
147.4372 116.19609
139.99101 107.418045
141.75919 106.164116
146.12006 111.30497
149.9641 108.63473
146.12006 111.30497
147.4372 116.19609
121.989815 105.90035
117.53701 105.26166
103.088135 102.92629
93.55758 92.08191
87.19222 82.82679
80.85178 75.51062
84.90069 73.61424
89.91238 79.63789
87.19222 82.82679
85.56363 85.90775
77.66685 77.89648
80.85178 75.51062
89.91238 79.63789
138.84528 114.21589
145.30493 119.441986
141.53029 122.135
145.30493 119.441986
138.84528 114.21589
66.59882 168.4582
67.408356 167.7429
70.63412 173.01094
73.15512 174.45546
150.48204 132.85974
147.73364 131.30443
146.39862 128.78064
144.67328 126.280556
143.0258 124.197334
153.47011 112.139824
149.9641 108.63473
145.6916 104.19404
144.43106 100.62795
123.00527 177.36832
124.19892 180.34586
129.72777 186.85272
129.39037 185.01068
134.53568 183.49316
137.36783 178.55092
141.55954 177.44577
144.24712 172.90446
147.50182 172.4349
75.61564 178.59572
78.12046 178.89459
75.61564 178.59572
73.15512 174.45546
67.408356 167.7429
72.765305 183.54628
71.218056 182.84213
78.12046 178.89459
75.61564 178.59572
72.765305 183.54628
189.37306 127.678116
193.46454 131.09737
187.77798 138.19061
184.73177 134.07825
183.02237 135.6947
185.5368 138.28227
177.81892 144.64726
171.82642 149.63501
164.16348 155.72603
156.90472 161.96008
150.93529 167.373
144.24712 172.90446
137.36783 178.55092
129.39037 185.01068
149.9641 108.63473
152.91754 105.53796
157.03455 103.07371
158.90286 93.30801
161.16159 94.77883
163.89417 88.94885
169.90999 87.446335
170.17506 84.44945
175.37357 88.635574
178.48132 87.03968
180.36964 93.63454
183.1182 98.55852
180.36023 99.206276
177.54031 104.920494
173.32903 106.53041
173.28577 110.285095
168.76213 111.47281
167.31642 117.10885
162.2736 118.92313
160.59807 125.31567
158.0805 122.82201
67.28066 164.06966
68.36907 165.5737
75.68705 159.04593
83.3765 153.27461
84.351944 150.29764
77.240204 155.63397
67.28066 164.06966
68.36907 165.5737
124.4987 135.1058
127.63264 135.2117
131.94444 129.74384
133.79825 131.59409
135.40062 133.6095
137.1247 135.83862
138.62943 137.5541
140.3535 139.78322
142.0507 142.0667
146.39862 128.78064
147.73364 131.30443
150.48204 132.85974
146.39862 128.78064
144.67328 126.280556
143.0258 124.197334
141.53029 122.135
87.85949 161.13173
87.646835 157.55742
83.3765 153.27461
84.351944 150.29764
114.48633 139.33269
108.8904 139.14296
100.89995 137.28639
93.0818 135.81963
87.11013 135.57346
81.60693 139.02296
80.63116 145.69984
83.3765 153.27461
77.240204 155.63397
75.68705 159.04593
77.240204 155.63397
75.68705 159.04593
83.3765 153.27461
87.85949 161.13173
87.646835 157.55742
84.351944 150.29764
81.924904 142.6652
89.01381 138.23073
93.9174 138.35165
103.395676 140.2304
112.74559 141.5129
75.68705 159.04593
77.240204 155.63397
83.3765 153.27461
84.351944 150.29764
147.50182 172.4349
150.93529 167.373
154.20166 166.74393
156.90472 161.96008
93.0818 135.81963
93.482506 128.81987
94.75684 129.76102
100.868126 122.78847
104.39524 121.510056
108.249596 116.30825
112.40088 114.77177
92.37841 165.9371
87.85949 161.13173
87.646835 157.55742
83.3765 153.27461
84.351944 150.29764
80.63116 145.69984
81.924904 142.6652
81.60693 139.02296
89.01381 138.23073
93.0818 135.81963
93.9174 138.35165
100.89995 137.28639
103.395676 140.2304
108.8904 139.14296
112.74559 141.5129
114.48633 139.33269
123.835106 138.68579
124.07413 141.63821
112.74559 141.5129
157.67601 118.16673
154.50206 118.32647
150.90367 116.497246
143.0258 124.197334
135.40062 133.6095
126.73384 145.30814
124.07413 141.63821
135.40062 133.6095
144.67328 126.280556
150.90367 116.497246
146.39862 128.78064
154.50206 118.32647
158.0805 122.82201
156.3776 133.27512
172.28203 140.56184
169.82417 134.9501
164.82616 130.93784
172.28203 140.56184
169.82417 134.9501
93.0818 135.81963
100.89995 137.28639
108.8904 139.14296
114.48633 139.33269
124.4987 135.1058
131.94444 129.74384
141.53029 122.135
147.4372 116.19609
153.47011 112.139824
157.03455 103.07371
161.16159 94.77883
169.90999 87.446335
175.37357 88.635574
180.36964 93.63454
182.78705 93.79846
90.01899 169.5093
91.08821 172.5302
93.438385 174.93002
95.63964 177.451
97.6041 179.90727
107.928604 171.53806
118.83793 162.09633
125.22825 157.83432
135.00542 150.96149
142.0507 142.0667
148.4775 135.58725
150.48204 132.85974
158.0805 122.82201
162.2736 118.92313
168.76213 111.47281
173.32903 106.53041
180.36023 99.206276
182.78705 93.79846
136.94304 99.50628
135.73497 97.775185
140.20471 97.76852
145.6916 104.19404
149.9641 108.63473
144.43106 100.62795
139.8231 95.29971
66.59882 168.4582
67.408356 167.7429
66.59882 168.4582
70.63412 173.01094
75.61564 178.59572
72.765305 183.54628
71.218056 182.84213
72.765305 183.54628
