264.8334 194.33359
268.0045 194.46025
266.63217 203.78171
268.75095 203.3235
84.28247 197.83337
82.935684 200.40707
79.35647 201.2664
76.435 199.53648
84.28247 197.83337
79.35647 201.2664
80.631226 207.5349
79.57428 210.44722
76.435 199.53648
82.935684 200.40707
268.0045 194.46025
264.8334 194.33359
266.63217 203.78171
268.75095 203.3235
268.0045 194.46025
111.03233 109.583466
109.45229 108.74302
111.03233 109.583466
109.45229 108.74302
108.0462 114.17282
111.274155 117.83516
113.60296 121.75125
114.23684 125.36574
123.143845 124.54798
130.99483 122.2322
135.86385 116.45466
142.21877 107.73252
139.28049 104.49545
136.1237 99.79841
132.63606 95.409676
135.50665 92.75268
143.44958 90.89172
144.47745 93.41012
137.11629 95.30151
132.63606 95.409676
184.57188 98.733574
186.95041 98.222046
189.55115 97.460945
181.69815 88.841484
186.85829 84.17323
184.30449 84.579834
181.68077 84.91042
157.3862 208.38683
160.16563 208.08678
203.57457 195.39104
200.98877 183.76555
193.13467 197.54936
192.07678 186.34888
187.84435 187.44768
193.13467 197.54936
189.41145 138.12726
193.20602 127.68222
164.23975 88.33849
166.52994 91.02122
167.7017 98.16768
170.15607 108.52556
171.38927 111.98656
169.16751 112.72176
168.46349 106.85914
166.90752 100.86025
164.23975 88.33849
215.5674 182.8016
218.16647 183.85506
227.96227 179.96063
230.09486 180.88773
218.16647 183.85506
215.5674 182.8016
227.96227 179.96063
121.44124 94.787224
123.3962 98.30212
130.31026 107.46911
139.37273 115.02952
135.86385 116.45466
127.412186 109.24744
122.71206 101.871414
120.35897 97.50555
119.53247 100.945366
124.45697 110.71215
136.36307 119.10931
135.86385 116.45466
130.31026 107.46911
127.412186 109.24744
124.45697 110.71215
122.71206 101.871414
123.3962 98.30212
132.63606 95.409676
184.57188 98.733574
186.95041 98.222046
189.55115 97.460945
232.21172 190.53577
230.11319 179.50111
132.22653 162.65535
134.08727 163.0197
135.94016 163.2129
136.49126 148.58495
138.38264 148.95482
140.44203 149.30965
140.63098 139.54514
146.6433 196.09271
143.11588 192.31493
144.38866 188.18222
140.77586 183.557
143.964 182.51314
187.95177 141.16548
185.97789 142.62448
232.21172 190.53577
248.17458 188.26186
159.55104 205.89243
157.8044 208.27344
146.58443 209.00931
146.84349 210.56845
200.4127 151.22377
201.55821 150.75105
203.8402 162.52074
205.37247 172.75371
208.46237 185.56578
206.50153 183.63956
203.45697 169.45435
202.19055 160.58751
140.63098 139.54514
142.09993 140.7957
143.79791 142.00018
148.75784 137.19395
142.09993 140.7957
142.26852 131.9112
189.41145 138.12726
187.95177 141.16548
182.40231 138.84581
179.66504 141.29684
189.41145 138.12726
182.40231 138.84581
181.68077 84.91042
173.04825 85.782005
164.23975 88.33849
152.74191 90.65692
208.86206 216.74796
210.1775 216.02426
207.57143 209.91408
206.01105 200.34702
120.25213 187.08127
113.57867 184.39964
113.36153 182.75243
107.864105 183.34697
104.69442 185.5976
99.74619 185.13354
235.2257 206.95107
233.28261 208.20584
233.67036 200.21031
230.93971 197.1293
233.28261 208.20584
125.832794 96.595276
130.31026 107.46911
122.71206 101.871414
254.30466 183.6027
251.72427 174.51695
170.51709 157.00485
169.9377 154.35243
177.81879 154.79639
180.8498 152.68848
188.14621 153.1605
190.26506 152.3226
191.7037 150.62535
180.8498 152.68848
169.9377 154.35243
170.51709 157.00485
177.81879 154.79639
188.14621 153.1605
85.217514 208.85861
94.34682 210.50102
93.41133 208.05455
94.34682 210.50102
92.58677 205.46272
94.34682 210.50102
101.733116 203.48077
108.84188 207.152
106.005356 204.7234
108.84188 207.152
120.19551 201.79555
122.83955 204.41269
133.04195 198.84944
144.48889 199.37724
163.83684 224.25832
157.01361 225.07907
147.78236 225.85796
137.86192 226.96185
127.114456 228.08125
121.82748 228.65654
112.978516 229.27083
106.2337 230.34064
99.3283 230.08813
99.53583 228.24925
90.556076 230.0948
82.3235 230.42111
73.30665 230.30722
68.94965 229.3202
64.27388 230.18283
64.003136 225.87706
68.142334 224.74374
68.94965 229.3202
266.50797 180.73474
258.70187 186.09541
254.30466 183.6027
258.25632 181.87846
258.70187 186.09541
258.25632 181.87846
266.91934 184.04242
155.93391 97.92234
155.39333 95.83959
153.87328 92.055374
152.56514 88.38858
248.17458 188.26186
230.11319 179.50111
174.79721 89.468414
173.98953 87.673965
173.04825 85.782005
164.23975 88.33849
166.52994 91.02122
251.72427 174.51695
251.20496 177.93143
250.35178 186.26819
254.30466 183.6027
251.20496 177.93143
262.71857 176.09943
265.87027 177.27249
251.20496 177.93143
151.13371 159.9387
151.6595 161.9364
151.80676 163.99641
143.37915 165.24756
142.89067 161.98886
151.13371 159.9387
151.6595 161.9364
151.80676 163.99641
68.94965 229.3202
76.39931 229.05003
85.0909 228.99075
92.72662 227.57298
99.74334 226.41035
99.53583 228.24925
99.3283 230.08813
92.72662 227.57298
90.556076 230.0948
82.3235 230.42111
73.30665 230.30722
68.94965 229.3202
192.81104 210.27815
190.197 197.47963
193.13467 197.54936
195.55952 209.57431
192.81104 210.27815
193.13467 197.54936
190.197 197.47963
195.55952 209.57431
230.11319 179.50111
248.17458 188.26186
90.556076 230.0948
92.72662 227.57298
99.74334 226.41035
99.53583 228.24925
99.3283 230.08813
106.2337 230.34064
109.34527 228.5605
112.978516 229.27083
118.613174 227.69542
121.82748 228.65654
124.808334 226.75467
127.114456 228.08125
132.78088 225.99774
137.86192 226.96185
143.23506 224.78238
147.78236 225.85796
152.43408 223.7952
157.01361 225.07907
160.59361 222.39632
163.83684 224.25832
200.98877 183.76555
193.13467 197.54936
112.978516 229.27083
109.34527 228.5605
110.32586 218.669
149.80626 177.84294
152.6058 178.4636
155.973 177.03793
157.10432 175.16017
158.87085 180.05049
157.12656 180.41508
155.973 177.03793
79.35647 201.2664
80.631226 207.5349
76.435 199.53648
159.55104 205.89243
157.8044 208.27344
146.84349 210.56845
146.58443 209.00931
159.55104 205.89243
92.72662 227.57298
99.53583 228.24925
99.74334 226.41035
203.38428 136.03293
202.26845 133.53343
203.38428 136.03293
202.26845 133.53343
190.83928 134.45651
203.38428 136.03293
80.631226 207.5349
85.217514 208.85861
86.55308 206.66203
82.935684 200.40707
51.880936 217.26799
58.361675 215.68227
67.67302 213.1098
79.57428 210.44722
85.217514 208.85861
93.41133 208.05455
106.005356 204.7234
120.19551 201.79555
133.04195 198.84944
146.6433 196.09271
208.86206 216.74796
210.1775 216.02426
209.1876 211.22957
208.55363 203.68764
206.65088 194.18065
206.01105 200.34702
208.55363 203.68764
207.57143 209.91408
209.1876 211.22957
208.86206 216.74796
210.1775 216.02426
245.14021 176.2422
232.21172 190.53577
203.57457 195.39104
200.98877 183.76555
184.57188 98.733574
186.95041 98.222046
189.55115 97.460945
186.82202 110.42516
189.22571 110.4607
191.61682 110.06523
190.25705 124.41169
180.62427 127.742134
248.17458 188.26186
232.21172 190.53577
120.19551 201.79555
122.41387 213.14117
124.808334 226.75467
121.82748 228.65654
118.613174 227.69542
112.978516 229.27083
109.34527 228.5605
107.3692 215.08058
106.005356 204.7234
108.84188 207.152
110.32586 218.669
112.978516 229.27083
141.91307 116.79783
140.36932 118.483086
139.1033 120.20053
51.880936 217.26799
53.957283 219.49847
55.18685 229.92705
52.0636 230.41418
53.957283 219.49847
166.52994 91.02122
164.23975 88.33849
153.87328 92.055374
143.44958 90.89172
230.11319 179.50111
245.14021 176.2422
149.89905 124.36024
147.66267 125.94191
145.2974 127.427475
144.06221 129.62633
142.26852 131.9112
148.75784 137.19395
152.7291 133.3462
157.56508 130.13066
157.1986 135.75464
152.7291 133.3462
148.75784 137.19395
144.06221 129.62633
135.52014 125.00557
136.56064 123.26369
137.7171 121.94142
139.1033 120.20053
140.36932 118.483086
141.91307 116.79783
99.53583 228.24925
99.3283 230.08813
109.34527 228.5605
106.2337 230.34064
99.53583 228.24925
189.55115 97.460945
186.95041 98.222046
184.57188 98.733574
186.95041 98.222046
189.55115 97.460945
192.3795 163.66254
191.33772 170.20189
196.94139 176.32057
195.01422 176.71191
192.65265 176.88855
197.84204 186.3613
194.3193 186.12912
190.94872 191.45375
142.09993 140.7957
140.63098 139.54514
134.3755 142.11777
133.66771 140.63385
194.76898 206.14743
192.88339 210.31718
197.59131 218.02994
194.60587 218.99194
192.88339 210.31718
194.76898 206.14743
274.52094 170.0486
275.32834 173.53304
276.39774 176.80539
277.06662 180.0968
277.76184 182.97362
278.41113 185.74963
279.14114 188.57034
279.16135 191.5714
120.25213 187.08127
113.36153 182.75243
113.57867 184.39964
104.69442 185.5976
96.19414 187.25772
90.17185 187.18597
90.126175 188.65753
279.16135 191.5714
279.14114 188.57034
278.41113 185.74963
277.76184 182.97362
267.20996 186.47559
266.91934 184.04242
277.06662 180.0968
276.39774 176.80539
266.50797 180.73474
258.25632 181.87846
140.44203 149.30965
144.17924 147.40985
149.20663 148.10449
148.70396 146.78648
180.62427 127.742134
173.5794 128.36694
165.47047 130.5159
161.88354 120.322845
162.90617 116.120735
162.18092 110.41929
160.20699 109.42233
139.1033 120.20053
137.7171 121.94142
144.48889 199.37724
133.23602 201.92998
122.83955 204.41269
108.84188 207.152
94.34682 210.50102
81.87412 212.95457
68.26409 215.78073
59.108517 217.66458
53.957283 219.49847
190.29123 196.78946
198.69931 195.51688
206.65088 194.18065
217.78448 192.51419
231.73111 190.2208
242.79008 188.57639
250.35178 186.26819
64.003136 225.87706
68.142334 224.74374
64.27388 230.18283
68.94965 229.3202
73.30665 230.30722
76.39931 229.05003
82.3235 230.42111
85.0909 228.99075
90.556076 230.0948
229.62656 188.01306
230.93971 197.1293
233.28261 208.20584
235.2257 206.95107
233.67036 200.21031
231.73111 190.2208
229.62656 188.01306
250.35178 186.26819
258.70187 186.09541
267.20996 186.47559
267.44952 189.1512
267.67914 191.73387
268.0045 194.46025
279.16135 191.5714
279.14114 188.57034
267.67914 191.73387
267.44952 189.1512
278.41113 185.74963
277.76184 182.97362
120.19551 201.79555
122.83955 204.41269
122.41387 213.14117
189.27289 123.75903
194.07146 112.49381
156.17033 196.104
157.8044 208.27344
160.59361 222.39632
163.83684 224.25832
157.01361 225.07907
152.43408 223.7952
147.78236 225.85796
143.23506 224.78238
137.86192 226.96185
132.78088 225.99774
127.114456 228.08125
121.82748 228.65654
112.978516 229.27083
106.2337 230.34064
99.3283 230.08813
90.556076 230.0948
85.0909 228.99075
158.10924 100.82401
158.40575 102.12592
167.7017 98.16768
122.41387 213.14117
124.72173 216.75954
124.808334 226.75467
127.114456 228.08125
124.72173 216.75954
122.83955 204.41269
248.17458 188.26186
245.14021 176.2422
143.79791 142.00018
140.44203 149.30965
135.94016 163.2129
135.07114 166.42471
132.79639 177.15526
133.73901 188.93114
132.93031 195.37007
138.00223 195.35469
135.54135 186.99846
135.12952 183.86131
134.62755 178.42838
135.07114 166.42471
137.44267 179.13902
134.62755 178.42838
132.79639 177.15526
130.667 176.21913
128.27159 175.70221
135.12952 183.86131
139.37273 115.02952
132.77635 105.8123
125.832794 96.595276
132.63606 95.409676
220.03296 208.18526
221.75554 213.12033
216.4113 215.08684
216.21361 209.90456
220.03296 208.18526
254.30466 183.6027
250.35178 186.26819
252.89777 198.89517
255.11751 205.687
252.2732 206.46956
250.15231 195.6147
247.90865 184.45056
250.35178 186.26819
245.14021 176.2422
248.17458 188.26186
179.36081 196.92007
179.60197 194.45781
179.51659 191.77637
181.504 189.20808
179.51659 191.77637
189.96242 188.08931
190.29123 196.78946
192.88339 210.31718
194.60587 218.99194
197.59131 218.02994
194.76898 206.14743
191.60486 194.84915
190.94872 191.45375
189.96242 188.08931
139.74225 99.19709
136.1237 99.79841
137.11629 95.30151
143.44958 90.89172
135.50665 92.75268
128.39064 92.02192
121.44124 94.787224
115.03108 99.17301
114.60118 102.37076
89.787 197.89331
89.47524 195.987
82.935684 200.40707
79.35647 201.2664
76.435 199.53648
82.935684 200.40707
194.07146 112.49381
187.09082 113.7963
99.74619 185.13354
96.19414 187.25772
90.126175 188.65753
90.17185 187.18597
99.74619 185.13354
107.864105 183.34697
113.57867 184.39964
120.677124 190.47089
152.56514 88.38858
153.87328 92.055374
155.39333 95.83959
155.93391 97.92234
140.63098 139.54514
133.66771 140.63385
134.3755 142.11777
142.09993 140.7957
181.69815 88.841484
180.9838 86.76666
181.68077 84.91042
174.79721 89.468414
173.98953 87.673965
173.04825 85.782005
166.52994 91.02122
174.79721 89.468414
194.76898 206.14743
192.88339 210.31718
194.60587 218.99194
197.59131 218.02994
194.76898 206.14743
164.23975 88.33849
166.52994 91.02122
166.90752 100.86025
170.15607 108.52556
169.16751 112.72176
171.38927 111.98656
207.57143 209.91408
209.1876 211.22957
208.86206 216.74796
210.1775 216.02426
207.57143 209.91408
136.36307 119.10931
133.59662 123.51572
127.59566 125.98385
130.99483 122.2322
136.36307 119.10931
133.59662 123.51572
130.99483 122.2322
127.59566 125.98385
133.59662 123.51572
110.32586 218.669
107.3692 215.08058
108.84188 207.152
109.406296 198.82448
134.62755 178.42838
124.950096 184.24652
120.25213 187.08127
120.677124 190.47089
126.48938 190.5734
124.950096 184.24652
120.677124 190.47089
126.48938 190.5734
129.79291 188.1036
133.73901 188.93114
138.00223 195.35469
133.73901 188.93114
135.12952 183.86131
137.44267 179.13902
169.16751 112.72176
171.38927 111.98656
168.46349 106.85914
167.7017 98.16768
164.23975 88.33849
118.53956 189.64648
118.411156 192.92798
119.687645 196.82181
120.19551 201.79555
181.504 189.20808
178.52444 180.29895
174.83333 179.91304
182.09087 177.31212
183.02036 179.22896
178.52444 180.29895
174.83333 179.91304
181.504 189.20808
187.95177 141.16548
179.66504 141.29684
169.92575 141.72275
170.27802 143.9222
205.69046 183.33731
208.51497 195.01555
210.67094 194.47493
208.08481 182.54926
205.69046 183.33731
210.67094 194.47493
208.51497 195.01555
208.08481 182.54926
137.7171 121.94142
136.56064 123.26369
135.52014 125.00557
147.66267 125.94191
141.91307 116.79783
245.14021 176.2422
230.11319 179.50111
247.90865 184.45056
242.79008 188.57639
240.01033 186.68657
231.73111 190.2208
118.53956 189.64648
118.411156 192.92798
120.19551 201.79555
122.83955 204.41269
119.687645 196.82181
118.53956 189.64648
264.8334 194.33359
268.0045 194.46025
267.67914 191.73387
267.44952 189.1512
267.20996 186.47559
266.91934 184.04242
266.50797 180.73474
265.87027 177.27249
263.3957 173.24321
274.52094 170.0486
49.3386 214.58725
51.880936 217.26799
53.957283 219.49847
51.880936 217.26799
57.73024 212.5165
58.361675 215.68227
59.108517 217.66458
58.361675 215.68227
57.73024 212.5165
67.67302 213.1098
67.27057 210.19057
68.26409 215.78073
67.27057 210.19057
79.57428 210.44722
81.87412 212.95457
80.631226 207.5349
81.87412 212.95457
85.217514 208.85861
86.55308 206.66203
106.005356 204.7234
109.406296 198.82448
119.687645 196.82181
118.411156 192.92798
109.406296 198.82448
141.91307 116.79783
140.36932 118.483086
139.1033 120.20053
135.86385 116.45466
136.36307 119.10931
137.7171 121.94142
139.1033 120.20053
136.36307 119.10931
184.21442 99.11532
192.33423 103.97073
187.09082 113.7963
196.02257 122.54009
167.7017 98.16768
166.90752 100.86025
158.40575 102.12592
158.10924 100.82401
167.7017 98.16768
166.90752 100.86025
158.10924 100.82401
179.36081 196.92007
179.60197 194.45781
179.51659 191.77637
181.504 189.20808
190.94872 191.45375
190.29123 196.78946
179.60197 194.45781
190.94872 191.45375
200.41116 186.79736
206.50153 183.63956
208.46237 185.56578
215.5674 182.8016
218.16647 183.85506
227.96227 179.96063
230.09486 180.88773
239.4785 177.25464
241.3906 178.49527
251.72427 174.51695
251.20496 177.93143
263.3957 173.24321
275.32834 173.53304
276.39774 176.80539
265.87027 177.27249
266.50797 180.73474
277.06662 180.0968
276.39774 176.80539
263.3957 173.24321
262.71857 176.09943
267.20996 186.47559
278.41113 185.74963
268.0045 194.46025
279.14114 188.57034
279.16135 191.5714
230.93971 197.1293
233.67036 200.21031
235.2257 206.95107
233.28261 208.20584
135.94016 163.2129
142.89067 161.98886
151.13371 159.9387
203.55643 192.838
206.01105 200.34702
207.57143 209.91408
208.86206 216.74796
113.60296 121.75125
109.612076 120.39044
111.274155 117.83516
109.45229 108.74302
193.13467 197.54936
200.98877 183.76555
141.91307 116.79783
140.36932 118.483086
157.42368 111.18349
157.73532 107.76909
155.75487 103.15315
155.93391 97.92234
142.26852 131.9112
140.63098 139.54514
136.49126 148.58495
132.22653 162.65535
128.27159 175.70221
120.25213 187.08127
133.23602 201.92998
133.04195 198.84944
132.93031 195.37007
138.00223 195.35469
146.6433 196.09271
144.38866 188.18222
143.964 182.51314
140.77586 183.557
143.11588 192.31493
144.48889 199.37724
79.57428 210.44722
76.435 199.53648
84.28247 197.83337
89.47524 195.987
89.787 197.89331
84.28247 197.83337
86.55308 206.66203
85.217514 208.85861
82.935684 200.40707
89.787 197.89331
120.25213 187.08127
118.53956 189.64648
109.406296 198.82448
101.733116 203.48077
92.58677 205.46272
86.55308 206.66203
80.631226 207.5349
67.27057 210.19057
57.73024 212.5165
49.3386 214.58725
51.880936 217.26799
53.957283 219.49847
209.1876 211.22957
210.1775 216.02426
208.86206 216.74796
210.1775 216.02426
209.1876 211.22957
229.62656 188.01306
231.73111 190.2208
230.93971 197.1293
233.67036 200.21031
233.28261 208.20584
235.2257 206.95107
207.57143 209.91408
209.1876 211.22957
210.1775 216.02426
208.86206 216.74796
207.57143 209.91408
158.56595 214.78278
162.32045 213.87605
186.85829 84.17323
184.30449 84.579834
181.68077 84.91042
193.13467 197.54936
203.57457 195.39104
113.60296 121.75125
107.4703 124.261055
103.26117 124.306915
98.7937 126.3071
93.968124 127.88805
93.754005 126.45866
93.968124 127.88805
93.754005 126.45866
98.7937 126.3071
103.26117 124.306915
93.754005 126.45866
93.968124 127.88805
98.7937 126.3071
208.46237 185.56578
206.50153 183.63956
205.37247 172.75371
203.45697 169.45435
203.8402 162.52074
202.19055 160.58751
200.4127 151.22377
201.55821 150.75105
143.44958 90.89172
144.47745 93.41012
152.56514 88.38858
231.73111 190.2208
230.09486 180.88773
227.96227 179.96063
229.62656 188.01306
230.09486 180.88773
82.935684 200.40707
84.28247 197.83337
79.35647 201.2664
76.435 199.53648
80.631226 207.5349
79.57428 210.44722
189.41145 138.12726
182.40231 138.84581
179.66504 141.29684
187.95177 141.16548
185.69476 105.69304
192.33423 103.97073
151.13371 159.9387
151.80676 163.99641
142.89067 161.98886
143.37915 165.24756
135.94016 163.2129
155.973 177.03793
157.10432 175.16017
157.12656 180.41508
158.87085 180.05049
155.973 177.03793
152.6058 178.4636
149.80626 177.84294
142.39777 179.24303
134.62755 178.42838
188.14621 153.1605
180.8498 152.68848
169.9377 154.35243
170.51709 157.00485
191.7037 150.62535
180.8498 152.68848
177.81879 154.79639
169.9377 154.35243
170.51709 157.00485
177.81879 154.79639
188.14621 153.1605
220.03296 208.18526
216.21361 209.90456
216.4113 215.08684
221.75554 213.12033
216.21361 209.90456
216.4113 215.08684
221.75554 213.12033
114.62859 106.19728
124.45697 110.71215
114.60118 102.37076
122.71206 101.871414
114.62859 106.19728
231.73111 190.2208
229.62656 188.01306
217.78448 192.51419
214.8837 190.58957
206.65088 194.18065
203.55643 192.838
198.69931 195.51688
191.60486 194.84915
268.0045 194.46025
264.8334 194.33359
266.63217 203.78171
268.75095 203.3235
268.0045 194.46025
187.09082 113.7963
194.07146 112.49381
187.09082 113.7963
194.68549 164.36197
189.7385 163.81367
188.14621 153.1605
185.97789 142.62448
264.8334 194.33359
268.0045 194.46025
266.63217 203.78171
268.75095 203.3235
191.7037 150.62535
190.26506 152.3226
188.14621 153.1605
180.8498 152.68848
177.81879 154.79639
170.51709 157.00485
169.9377 154.35243
51.880936 217.26799
50.69264 222.88924
55.18685 229.92705
52.0636 230.41418
112.978516 229.27083
109.34527 228.5605
106.2337 230.34064
99.3283 230.08813
99.53583 228.24925
99.74334 226.41035
92.72662 227.57298
90.556076 230.0948
85.0909 228.99075
82.3235 230.42111
76.39931 229.05003
73.30665 230.30722
68.94965 229.3202
64.27388 230.18283
64.003136 225.87706
68.142334 224.74374
68.94965 229.3202
64.003136 225.87706
103.26117 124.306915
98.7937 126.3071
93.968124 127.88805
93.754005 126.45866
163.83684 224.25832
162.1042 214.07742
159.55104 205.89243
159.42691 198.45912
157.8044 208.27344
162.1042 214.07742
160.59361 222.39632
137.44267 179.13902
142.39777 179.24303
146.49274 176.98357
149.80626 177.84294
49.3386 214.58725
50.69264 222.88924
52.0636 230.41418
