195.85086 62.05724
193.47038 60.40359
189.49098 53.6006
189.76141 51.05344
192.57866 53.46448
195.85086 62.05724
123.58883 108.19836
125.441635 110.547134
126.817 119.38584
128.71765 127.8836
130.5078 131.89757
127.33577 131.12906
126.25225 123.460106
196.07858 27.658981
195.96501 38.154205
198.44907 46.10841
198.63791 48.71319
192.57866 53.46448
193.47038 60.40359
195.85086 62.05724
203.45142 59.33115
167.343 56.818348
167.08168 58.979355
173.40628 57.31189
173.01004 56.056263
167.343 56.818348
163.55731 57.305492
125.441635 110.547134
131.3977 118.42319
125.04713 116.52208
126.817 119.38584
131.3977 118.42319
189.76141 51.05344
189.70076 48.83403
189.56085 46.950844
123.58883 108.19836
116.6651 111.45644
114.83966 109.72999
103.1817 113.74785
102.6376 111.458374
105.30832 110.62216
104.71028 106.24837
101.465385 106.6985
101.06607 105.69671
109.551605 104.189644
109.85648 105.99026
107.22677 106.20627
107.91475 110.42992
160.06656 104.2981
161.8211 105.85833
163.82977 115.45157
161.72418 113.39377
160.06656 104.2981
218.39693 122.08079
220.10165 121.11474
221.90332 120.37024
220.10165 121.11474
226.84334 128.17831
225.40569 130.19351
215.62463 128.02597
215.18047 131.98433
204.17413 127.75352
216.38226 124.53089
215.18047 131.98433
121.642624 143.50314
122.45082 145.81187
127.86646 154.39171
125.252884 155.21017
130.60625 165.6654
127.917046 166.10019
116.99683 133.76855
117.70524 131.86859
120.872475 131.30188
118.124825 135.96683
189.70076 48.83403
189.76141 51.05344
180.08975 56.0628
125.441635 110.547134
125.04713 116.52208
126.817 119.38584
126.25225 123.460106
128.71765 127.8836
127.33577 131.12906
116.99683 133.76855
107.89987 135.97719
108.583046 138.3496
118.124825 135.96683
130.5078 131.89757
136.02197 129.73473
142.53993 129.6501
152.56348 127.613556
160.3703 126.65906
172.96155 124.35919
180.87737 122.42589
190.27483 120.05236
147.88057 105.171745
143.73825 99.75038
139.45547 99.19135
137.38979 95.24979
199.14267 70.79447
196.70753 68.922165
206.61533 67.92993
199.14267 70.79447
161.56995 135.02094
158.99377 138.45198
153.85133 136.0936
211.77397 111.329285
211.53053 99.82375
209.36629 90.16692
207.19519 80.57427
204.83986 69.82678
203.45142 59.33115
202.39177 61.6544
205.1911 60.839878
201.48712 46.894302
144.13603 137.96576
139.03607 136.15617
131.76631 141.00772
125.959595 144.50266
121.642624 143.50314
115.356514 143.5269
110.4311 147.99918
109.96377 145.45828
109.44802 143.23576
108.944084 141.0568
108.583046 138.3496
107.89987 135.97719
147.08882 140.5645
145.8064 133.99637
145.10712 130.98582
145.8064 133.99637
139.03607 136.15617
131.02335 138.24556
131.76631 141.00772
134.48659 142.76273
144.13603 137.96576
145.8064 133.99637
132.33875 133.56845
134.48659 142.76273
131.02335 138.24556
130.28023 135.86426
139.03607 136.15617
136.02197 129.73473
228.26503 141.7268
221.9786 134.66336
215.18047 131.98433
203.40613 129.79266
194.48055 130.81764
192.07214 128.64117
190.63309 124.39522
190.27483 120.05236
197.3993 112.07696
199.0444 109.97728
201.04163 100.19572
198.99812 90.73314
197.70462 82.66885
194.39798 69.22314
192.85178 63.936214
65.451546 82.26031
53.24017 82.54283
52.338448 91.54697
54.327763 91.06971
214.00438 101.60906
211.53053 99.82375
211.63013 91.97793
209.36629 90.16692
209.91902 82.20938
206.96545 119.354294
216.26294 120.61744
220.10165 121.11474
208.12675 116.20255
196.70753 68.922165
194.39798 69.22314
183.81308 71.487114
174.44553 74.32701
174.14447 71.35151
183.3473 69.08952
193.54083 66.30551
192.85178 63.936214
66.561935 88.45328
69.18028 87.901634
66.80384 79.3223
53.24017 82.54283
45.15446 84.03791
45.06228 86.41491
51.42206 84.70653
52.338448 91.54697
54.327763 91.06971
53.24017 82.54283
51.42206 84.70653
65.451546 82.26031
93.01776 165.69495
96.68763 164.94774
89.83388 153.36476
93.53582 152.4288
89.401855 144.68243
86.78179 138.84756
84.03667 139.25401
87.364784 153.36787
89.83388 153.36476
143.9522 85.64752
137.38979 95.24979
131.14993 105.52272
131.8303 110.5325
133.44681 121.71734
136.02197 129.73473
133.47583 127.18825
131.3977 118.42319
186.77979 43.97566
190.11205 33.590466
187.96123 33.9645
185.41588 33.79383
188.61984 22.747446
186.28236 22.026985
183.79108 21.099344
183.60065 26.284172
193.66296 27.809504
191.48912 23.921156
192.19348 11.07231
194.04352 11.771864
191.48912 23.921156
197.7738 13.185455
192.19348 11.07231
189.90031 10.346949
187.34412 9.512515
184.73235 8.485887
188.61984 22.747446
194.04352 11.771864
195.78925 12.352881
197.7738 13.185455
199.88779 13.984674
191.48912 23.921156
196.07858 27.658981
197.96698 27.502808
130.60625 165.6654
127.917046 166.10019
127.86646 154.39171
125.252884 155.21017
194.48055 130.81764
181.7437 134.0519
172.02371 135.95766
158.99377 138.45198
147.08882 140.5645
134.48659 142.76273
125.959595 144.50266
122.45082 145.81187
110.4311 147.99918
109.96377 145.45828
189.56085 46.950844
189.26112 44.86283
187.96123 33.9645
186.28236 22.026985
187.34412 9.512515
189.90031 10.346949
188.61984 22.747446
190.11205 33.590466
189.26112 44.86283
190.27483 120.05236
190.63309 124.39522
179.9168 125.926636
170.1567 127.36145
156.53467 129.2464
145.10712 130.98582
132.33875 133.56845
118.763275 138.29634
108.944084 141.0568
108.583046 138.3496
107.89987 135.97719
195.85086 62.05724
193.54083 66.30551
196.70753 68.922165
199.14267 70.79447
199.45357 80.12271
197.70462 82.66885
201.69237 84.04198
198.99812 90.73314
201.40259 90.44333
203.48418 90.0386
201.04163 100.19572
203.48045 100.029144
205.87306 99.85177
199.0444 109.97728
201.55756 110.35754
204.02249 110.26143
206.40129 110.265144
208.40327 100.12318
211.53053 99.82375
213.70303 111.72508
169.74876 54.531414
169.142 52.48631
168.42863 50.390026
168.13467 48.036167
179.17696 49.93896
178.56226 47.908028
178.48262 45.796707
189.70076 48.83403
188.61984 22.747446
191.48912 23.921156
190.11205 33.590466
171.11119 76.53194
172.29298 76.04062
173.55632 87.04201
176.26024 92.65284
175.15257 95.71945
178.28625 102.183945
176.11858 101.16877
171.20702 103.63085
167.74191 102.90608
161.8211 105.85833
205.84268 122.08085
206.96545 119.354294
196.94728 117.62149
194.94699 119.54239
197.70462 82.66885
199.45357 80.12271
208.5917 76.61898
103.1817 113.74785
102.6376 111.458374
105.30832 110.62216
107.91475 110.42992
114.83966 109.72999
123.58883 108.19836
173.32745 68.35409
174.14447 71.35151
174.44553 74.32701
182.77605 66.40264
183.3473 69.08952
183.81308 71.487114
192.85178 63.936214
196.70753 68.922165
199.45357 80.12271
201.40259 90.44333
203.48045 100.029144
201.55756 110.35754
204.02249 110.26143
205.87306 99.85177
203.48418 90.0386
201.69237 84.04198
199.14267 70.79447
195.85086 62.05724
209.36629 90.16692
216.47067 88.647606
231.03133 85.43779
153.85133 136.0936
147.08882 140.5645
185.20581 140.8993
182.19794 139.80661
185.81783 153.62108
188.9114 152.96298
200.1965 50.615795
192.57866 53.46448
189.49098 53.6006
189.76141 51.05344
198.63791 48.71319
201.48712 46.894302
198.44907 46.10841
189.70076 48.83403
189.56085 46.950844
198.20508 43.877277
189.26112 44.86283
198.63791 48.71319
200.1965 50.615795
202.39177 61.6544
192.85178 63.936214
193.47038 60.40359
203.45142 59.33115
131.14993 105.52272
130.80719 102.66933
129.03117 101.48813
137.38979 95.24979
137.14928 88.039856
109.96377 145.45828
110.4311 147.99918
109.96377 145.45828
121.642624 143.50314
131.76631 141.00772
144.13603 137.96576
153.85133 136.0936
161.56995 135.02094
173.73653 133.29076
183.15494 132.37137
192.07214 128.64117
51.42206 84.70653
45.15446 84.03791
45.06228 86.41491
220.10165 121.11474
216.3398 114.84205
213.70303 111.72508
211.77397 111.329285
209.10757 110.72997
206.40129 110.265144
199.45357 80.12271
188.04173 82.0987
185.01505 84.59771
174.26607 85.00677
173.55632 87.04201
185.01505 84.59771
197.70462 82.66885
218.39693 122.08079
216.26294 120.61744
205.84268 122.08085
84.4229 105.55811
76.1972 107.17499
75.66186 104.31703
83.63611 102.67507
84.4229 105.55811
75.66186 104.31703
120.33047 63.97633
124.53925 62.60344
130.32687 60.926243
140.97752 66.0257
153.44896 72.17902
216.47067 88.647606
219.44626 90.15404
231.32083 87.60502
231.03133 85.43779
236.42346 136.55022
236.88486 133.90613
236.69841 131.30234
236.13286 128.7424
236.69841 131.30234
226.84334 128.17831
227.65395 126.13171
226.84334 128.17831
225.40569 130.19351
223.78876 132.15475
221.9786 134.66336
215.62463 128.02597
216.38226 124.53089
218.39693 122.08079
220.10165 121.11474
192.85178 63.936214
182.77605 66.40264
173.32745 68.35409
174.14447 71.35151
174.44553 74.32701
174.9853 55.232815
179.9052 54.11242
189.76141 51.05344
189.49098 53.6006
180.08975 56.0628
174.9853 55.232815
175.17163 56.887867
174.9853 55.232815
179.52501 51.828476
189.70076 48.83403
189.56085 46.950844
179.17696 49.93896
192.19348 11.07231
194.04352 11.771864
195.78925 12.352881
197.7738 13.185455
199.88779 13.984674
197.96698 27.502808
199.0544 39.36279
201.48712 46.894302
203.45142 59.33115
231.03133 85.43779
231.32083 87.60502
219.44626 90.15404
211.63013 91.97793
216.47067 88.647606
219.44626 90.15404
231.03133 85.43779
231.32083 87.60502
120.33047 63.97633
119.90528 68.16695
120.695404 71.11555
129.19122 78.66402
135.61255 84.79522
137.14928 88.039856
139.59935 82.37688
143.0084 77.23575
149.95433 67.88618
138.83786 62.998825
131.07697 58.9387
125.76384 58.470417
120.33047 63.97633
216.47067 88.647606
217.70581 95.42725
221.73817 98.85731
219.94281 99.502945
219.44626 90.15404
104.71028 106.24837
107.91475 110.42992
116.6651 111.45644
78.28922 76.63598
78.92072 79.06458
65.451546 82.26031
66.561935 88.45328
197.70462 82.66885
188.04173 82.0987
174.26607 85.00677
172.29298 76.04062
171.11119 76.53194
173.55632 87.04201
175.15257 95.71945
176.11858 101.16877
167.74191 102.90608
160.06656 104.2981
161.8211 105.85833
171.20702 103.63085
178.28625 102.183945
176.26024 92.65284
174.26607 85.00677
171.11119 76.53194
172.29298 76.04062
169.74876 54.531414
169.142 52.48631
79.256226 122.31546
79.89361 125.79522
79.256226 122.31546
79.89361 125.79522
87.30561 120.60939
87.92554 124.17392
87.30561 120.60939
186.77979 43.97566
185.41588 33.79383
183.60065 26.284172
183.79108 21.099344
184.73235 8.485887
187.34412 9.512515
189.90031 10.346949
192.19348 11.07231
92.35794 143.64053
89.401855 144.68243
89.83388 153.36476
93.01776 165.69495
96.68763 164.94774
93.53582 152.4288
92.35794 143.64053
91.00823 138.23761
91.35403 135.53012
88.35 127.9124
89.731544 127.79036
91.35403 135.53012
92.35794 143.64053
91.00823 138.23761
88.35 127.9124
107.91475 110.42992
105.30832 110.62216
107.22677 106.20627
109.551605 104.189644
109.85648 105.99026
104.71028 106.24837
101.06607 105.69671
185.81783 153.62108
188.9114 152.96298
185.20581 140.8993
183.15494 132.37137
181.74657 128.77791
179.9168 125.926636
216.3398 114.84205
209.52165 113.03022
197.3993 112.07696
196.26472 114.8901
208.12675 116.20255
200.1965 50.615795
201.48712 46.894302
208.36317 48.29774
210.91373 45.800312
221.95396 46.583443
221.90005 43.550556
208.36317 48.29774
211.04384 58.112526
213.61673 57.774796
210.91373 45.800312
179.17696 49.93896
179.52501 51.828476
169.74876 54.531414
163.55731 57.305492
157.85944 65.68923
153.44896 72.17902
149.45125 77.85583
143.9522 85.64752
141.65388 84.153435
143.0084 77.23575
149.45125 77.85583
147.09976 73.45866
143.0084 77.23575
65.451546 82.26031
66.80384 79.3223
78.28922 76.63598
78.92072 79.06458
66.80384 79.3223
66.561935 88.45328
69.18028 87.901634
178.56226 47.908028
168.42863 50.390026
161.73302 55.70655
159.89058 54.248444
161.73302 55.70655
163.55731 57.305492
154.19124 62.668056
156.00656 64.2463
157.85944 65.68923
149.95433 67.88618
153.44896 72.17902
120.695404 71.11555
125.81178 72.579605
129.19122 78.66402
137.94466 83.73201
141.65388 84.153435
149.80144 72.67106
156.00656 64.2463
161.73302 55.70655
169.142 52.48631
179.17696 49.93896
179.52501 51.828476
179.9052 54.11242
180.08975 56.0628
175.17163 56.887867
174.9853 55.232815
143.9522 85.64752
137.14928 88.039856
137.38979 95.24979
135.39677 95.202866
133.2467 94.827515
130.80719 102.66933
131.14993 105.52272
128.52586 109.97959
125.441635 110.547134
110.4311 147.99918
109.96377 145.45828
109.44802 143.23576
114.92594 140.58174
115.356514 143.5269
109.96377 145.45828
109.44802 143.23576
108.944084 141.0568
115.356514 143.5269
114.92594 140.58174
196.26472 114.8901
196.94728 117.62149
208.12675 116.20255
206.11342 113.105
199.0444 109.97728
149.45125 77.85583
149.80144 72.67106
149.95433 67.88618
154.19124 62.668056
159.89058 54.248444
168.13467 48.036167
178.48262 45.796707
186.77979 43.97566
189.26112 44.86283
178.56226 47.908028
142.53993 129.6501
145.10712 130.98582
152.56348 127.613556
156.53467 129.2464
160.3703 126.65906
170.1567 127.36145
172.96155 124.35919
179.9168 125.926636
180.87737 122.42589
190.63309 124.39522
190.27483 120.05236
179.9168 125.926636
206.96545 119.354294
208.12675 116.20255
216.3398 114.84205
216.26294 120.61744
209.52165 113.03022
200.1965 50.615795
205.1911 60.839878
202.39177 61.6544
206.61533 67.92993
204.83986 69.82678
199.14267 70.79447
216.48463 112.17007
213.70303 111.72508
211.77397 111.329285
209.10757 110.72997
208.40327 100.12318
205.87306 99.85177
203.48045 100.029144
75.66186 104.31703
76.1972 107.17499
75.66186 104.31703
76.1972 107.17499
83.63611 102.67507
84.4229 105.55811
83.63611 102.67507
204.83986 69.82678
208.5917 76.61898
199.45357 80.12271
197.70462 82.66885
207.19519 80.57427
209.91902 82.20938
201.69237 84.04198
199.45357 80.12271
200.1965 50.615795
208.36317 48.29774
221.95396 46.583443
221.90005 43.550556
210.91373 45.800312
201.48712 46.894302
209.10757 110.72997
209.52165 113.03022
208.12675 116.20255
206.96545 119.354294
205.84268 122.08085
204.91281 124.9529
204.17413 127.75352
203.40613 129.79266
192.07214 128.64117
194.48055 130.81764
193.78746 124.472496
194.19357 122.31605
205.84268 122.08085
192.07214 128.64117
193.78746 124.472496
204.17413 127.75352
215.62463 128.02597
223.78876 132.15475
231.85939 140.49213
234.09357 138.88223
225.40569 130.19351
216.38226 124.53089
204.91281 124.9529
194.19357 122.31605
190.27483 120.05236
194.94699 119.54239
216.47067 88.647606
219.44626 90.15404
221.73817 98.85731
219.94281 99.502945
217.70581 95.42725
219.44626 90.15404
131.3977 118.42319
128.52586 109.97959
130.80719 102.66933
135.39677 95.202866
141.65388 84.153435
137.14928 88.039856
133.2467 94.827515
129.03117 101.48813
123.58883 108.19836
125.441635 110.547134
130.80719 102.66933
81.317215 93.31349
75.371765 94.800575
75.19962 91.212906
80.95584 89.890015
81.317215 93.31349
75.19962 91.212906
75.371765 94.800575
84.03667 139.25401
86.78179 138.84756
84.03667 139.25401
89.401855 144.68243
87.364784 153.36787
89.83388 153.36476
193.66296 27.809504
196.07858 27.658981
197.7738 13.185455
195.78925 12.352881
191.48912 23.921156
197.96698 27.502808
191.48912 23.921156
183.60065 26.284172
75.19962 91.212906
75.371765 94.800575
81.317215 93.31349
80.95584 89.890015
75.371765 94.800575
75.19962 91.212906
81.317215 93.31349
203.45142 59.33115
205.1911 60.839878
206.61533 67.92993
208.5917 76.61898
209.91902 82.20938
211.63013 91.97793
214.00438 101.60906
216.48463 112.17007
221.90332 120.37024
227.65395 126.13171
236.13286 128.7424
236.69841 131.30234
236.88486 133.90613
236.42346 136.55022
234.09357 138.88223
231.85939 140.49213
228.26503 141.7268
121.642624 143.50314
122.45082 145.81187
125.252884 155.21017
127.917046 166.10019
130.60625 165.6654
127.86646 154.39171
125.959595 144.50266
118.124825 135.96683
117.70524 131.86859
120.872475 131.30188
130.28023 135.86426
127.33577 131.12906
136.02197 129.73473
132.33875 133.56845
142.53993 129.6501
130.60625 165.6654
127.917046 166.10019
125.252884 155.21017
127.86646 154.39171
130.60625 165.6654
152.56348 127.613556
154.85188 126.46055
155.49545 119.24857
148.95357 118.221954
146.53014 107.6789
147.88057 105.171745
149.70338 103.825
154.12732 114.36675
151.40332 117.3166
149.70338 103.825
193.66296 27.809504
196.07858 27.658981
195.96501 38.154205
198.44907 46.10841
198.20508 43.877277
199.0544 39.36279
195.96501 38.154205
197.96698 27.502808
125.441635 110.547134
116.6651 111.45644
103.1817 113.74785
128.52586 109.97959
131.8303 110.5325
131.3977 118.42319
133.44681 121.71734
133.47583 127.18825
128.71765 127.8836
126.25225 123.460106
125.04713 116.52208
123.58883 108.19836
194.48055 130.81764
183.15494 132.37137
181.7437 134.0519
181.74657 128.77791
168.58159 131.14427
156.59644 132.95775
156.53467 129.2464
168.58159 131.14427
179.9168 125.926636
170.1567 127.36145
168.58159 131.14427
160.3703 126.65906
156.59644 132.95775
161.56995 135.02094
172.02371 135.95766
173.73653 133.29076
181.7437 134.0519
101.06607 105.69671
101.465385 106.6985
109.551605 104.189644
210.91373 45.800312
208.36317 48.29774
213.61673 57.774796
211.04384 58.112526
149.95433 67.88618
140.97752 66.0257
138.83786 62.998825
130.32687 60.926243
131.07697 58.9387
124.53925 62.60344
125.76384 58.470417
124.53925 62.60344
119.90528 68.16695
125.81178 72.579605
134.02313 78.55589
139.59935 82.37688
137.94466 83.73201
135.61255 84.79522
134.02313 78.55589
125.81178 72.579605
128.31096 68.949165
130.95206 69.18819
130.32687 60.926243
126.63508 66.40116
125.81178 72.579605
120.695404 71.11555
124.53925 62.60344
126.63508 66.40116
128.31096 68.949165
130.95206 69.18819
130.32687 60.926243
128.31096 68.949165
120.33047 63.97633
119.90528 68.16695
128.31096 68.949165
87.92554 124.17392
79.89361 125.79522
79.256226 122.31546
87.30561 120.60939
87.92554 124.17392
79.256226 122.31546
88.35 127.9124
89.731544 127.79036
91.35403 135.53012
92.35794 143.64053
89.83388 153.36476
93.53582 152.4288
93.01776 165.69495
96.68763 164.94774
236.13286 128.7424
236.69841 131.30234
236.88486 133.90613
226.84334 128.17831
236.42346 136.55022
223.78876 132.15475
228.26503 141.7268
231.85939 140.49213
234.09357 138.88223
236.42346 136.55022
183.15494 132.37137
182.19794 139.80661
185.20581 140.8993
185.81783 153.62108
188.9114 152.96298
154.12732 114.36675
155.49545 119.24857
156.53467 129.2464
154.85188 126.46055
153.45341 118.30873
149.70338 103.825
143.73825 99.75038
137.38979 95.24979
135.39677 95.202866
139.45547 99.19135
147.88057 105.171745
151.40332 117.3166
152.56348 127.613556
181.7437 134.0519
182.19794 139.80661
185.81783 153.62108
160.06656 104.2981
161.8211 105.85833
161.72418 113.39377
154.12732 114.36675
155.49545 119.24857
163.82977 115.45157
151.40332 117.3166
153.45341 118.30873
155.49545 119.24857
161.72418 113.39377
231.32083 87.60502
231.03133 85.43779
219.44626 90.15404
216.47067 88.647606
231.03133 85.43779
231.32083 87.60502
108.944084 141.0568
108.583046 138.3496
107.89987 135.97719
118.763275 138.29634
118.124825 135.96683
116.99683 133.76855
190.63309 124.39522
194.19357 122.31605
194.94699 119.54239
205.84268 122.08085
218.39693 122.08079
226.84334 128.17831
167.343 56.818348
167.08168 58.979355
173.01004 56.056263
173.40628 57.31189
182.19794 139.80661
185.20581 140.8993
188.9114 152.96298
185.81783 153.62108
194.19357 122.31605
193.78746 124.472496
203.40613 129.79266
