152.57219 70.56299
157.02963 66.69136
152.96413 65.43406
160.36053 61.17086
159.54486 59.232487
159.1378 56.830574
168.24748 52.05494
176.40189 47.796097
188.85158 43.87456
198.49593 40.614033
201.06596 44.69048
186.38332 47.18941
177.93138 51.09356
170.22563 54.300114
165.85068 50.065506
176.40189 47.796097
177.93138 51.09356
170.22563 54.300114
176.40189 47.796097
161.72813 60.49831
151.7978 64.86734
152.88899 72.535194
143.43188 79.355194
145.39409 84.70078
137.4066 86.262764
140.86269 91.630615
135.45018 89.19458
137.4066 86.262764
130.1771 83.91841
127.18052 78.05547
120.27484 75.17599
119.92654 110.39752
125.1553 112.3244
109.540115 86.99179
107.80163 76.58519
116.40504 75.57941
120.48765 71.55336
114.740875 73.413
105.42414 75.64982
107.80163 76.58519
107.3705 85.87718
112.99418 79.60756
138.05692 58.853584
146.78659 63.714115
152.96413 65.43406
157.02963 66.69136
152.96413 65.43406
146.78659 63.714115
144.04529 64.374245
138.05692 58.853584
135.30328 140.75563
132.56435 142.90651
141.83533 141.8671
144.54431 139.62509
141.83533 141.8671
135.30328 140.75563
148.94293 70.2622
152.88899 72.535194
156.46631 67.835304
151.7978 64.86734
148.94293 70.2622
156.46631 67.835304
151.7978 64.86734
152.88899 72.535194
77.79517 127.669235
81.3263 130.23949
214.4955 40.737907
212.6349 38.959885
213.11304 32.90984
211.46837 33.22089
179.62798 107.52109
178.10832 106.009514
177.87465 99.309654
176.50189 97.473755
180.23677 98.44974
178.86893 96.70371
178.16573 86.601814
176.6978 85.00553
175.48152 73.86302
173.87794 73.08557
173.16112 64.83409
170.82156 58.0918
170.22563 54.300114
168.24748 52.05494
157.02963 66.69136
152.96413 65.43406
146.78659 63.714115
144.04529 64.374245
138.05692 58.853584
196.76642 88.65494
195.13406 79.37895
192.88844 69.7294
192.10927 60.259792
191.09615 62.70611
188.78749 53.7015
88.47034 125.9897
88.69356 128.7814
77.79517 127.669235
81.3263 130.23949
80.44028 140.819
83.44113 138.5745
82.62808 152.50053
89.8934 151.13219
90.92079 148.37894
92.866875 145.94246
85.156136 147.0465
82.62808 152.50053
84.00774 149.41405
90.92079 148.37894
95.04285 157.24771
97.85488 170.7357
94.56835 173.02422
92.333115 163.29309
89.8934 151.13219
150.5087 138.8785
152.98375 148.66531
155.57129 160.58374
154.3621 160.36435
140.86269 91.630615
143.43188 79.355194
168.24748 52.05494
170.82156 58.0918
215.68524 109.52179
213.00693 110.52948
211.33353 111.71896
200.89485 109.08369
196.35881 115.438095
200.5609 123.2199
207.22583 127.59113
203.24762 129.40956
198.02618 124.2128
194.93936 118.13289
192.45776 118.90424
195.22359 125.0103
194.84114 129.24384
191.12653 127.040565
195.22359 125.0103
200.692 127.93187
200.5609 123.2199
198.02618 124.2128
195.22359 125.0103
191.12653 127.040565
194.84114 129.24384
195.22359 125.0103
194.93936 118.13289
196.35881 115.438095
193.36884 114.554886
185.12456 118.638565
111.81619 134.88962
106.82632 124.92363
109.66301 125.612366
113.32682 122.90326
113.9634 124.18831
131.2884 127.95684
129.0577 118.658165
128.60347 112.930885
131.0058 105.80218
138.5364 93.77435
143.50633 84.681595
152.96413 65.43406
146.78659 63.714115
138.05692 58.853584
124.547714 57.59479
127.92111 58.446484
121.25142 63.200123
120.48765 71.55336
122.578026 75.50729
128.75526 79.73948
131.27692 84.744415
139.62129 88.76969
136.41058 89.579315
131.27692 84.744415
123.79973 78.302284
122.578026 75.50729
123.439674 72.88893
120.48765 71.55336
118.213104 66.62429
121.25142 63.200123
123.55594 63.87133
127.92111 58.446484
131.40564 60.05243
138.05692 58.853584
144.04529 64.374245
146.78659 63.714115
152.57219 70.56299
152.96413 65.43406
176.40189 47.796097
177.93138 51.09356
179.11678 54.78294
188.78749 53.7015
200.21284 48.986404
186.38332 47.18941
177.93138 51.09356
188.78749 53.7015
186.38332 47.18941
201.06596 44.69048
188.85158 43.87456
125.79144 156.45587
127.427155 154.0302
138.99342 153.25739
140.29565 151.6753
141.61418 164.45421
233.39651 100.84781
235.2973 109.05914
236.52448 108.857864
235.11621 103.13599
233.39651 100.84781
233.77397 96.40708
231.92581 94.324326
231.32793 87.596146
230.02538 85.77616
230.25412 79.8856
228.28668 77.234505
228.50984 72.14405
226.81425 69.35224
226.87512 64.27783
225.06494 60.53082
225.78758 55.842262
223.3825 52.139
223.73637 45.507404
222.1877 43.357754
223.10439 39.285866
221.83861 39.70265
148.58313 97.74753
147.09177 107.10009
151.55719 111.85688
148.00081 113.86468
151.55719 111.85688
157.81488 112.10688
162.29198 109.87917
168.51793 109.93866
172.35074 107.86683
178.10832 106.009514
176.50189 97.473755
177.87465 99.309654
180.23677 98.44974
178.16573 86.601814
183.3981 85.4531
183.13715 83.81762
176.6978 85.00553
178.16573 86.601814
183.13715 83.81762
151.7978 64.86734
156.46631 67.835304
109.31673 135.69337
106.82632 124.92363
113.32682 122.90326
113.9634 124.18831
109.66301 125.612366
111.81619 134.88962
221.95186 124.06819
219.45273 124.000435
219.71208 117.04683
192.88844 69.7294
185.8959 70.58712
184.39648 71.84791
180.27405 71.67939
178.6175 72.940155
175.48152 73.86302
173.87794 73.08557
180.27405 71.67939
179.50526 67.39498
177.12637 68.2233
178.6175 72.940155
152.96413 65.43406
147.84724 73.738686
142.91602 80.171745
136.41058 89.579315
143.50633 84.681595
151.7348 74.51433
157.02963 66.69136
160.36053 61.17086
170.22563 54.300114
168.24748 52.05494
159.54486 59.232487
152.57219 70.56299
151.7348 74.51433
147.84724 73.738686
143.50633 84.681595
138.45026 82.776405
141.36067 79.043304
142.91602 80.171745
223.73637 45.507404
222.1877 43.357754
211.56111 47.75969
209.20915 45.918503
209.90872 42.556732
209.3713 39.619347
212.6349 38.959885
211.46837 33.22089
213.11304 32.90984
214.4955 40.737907
209.90872 42.556732
125.1553 112.3244
126.133484 119.05401
127.89327 127.91832
115.89989 132.27205
107.13591 133.50517
109.31673 135.69337
111.81619 134.88962
120.74449 132.41306
133.66856 130.193
141.70274 128.70798
154.24696 127.00561
168.9687 124.84574
179.24652 122.217766
192.45776 118.90424
188.85158 43.87456
185.21616 32.535168
185.48288 24.94728
187.34882 14.859197
184.7183 17.284147
185.48288 24.94728
183.54443 27.23512
185.21616 32.535168
184.20204 36.321384
188.85158 43.87456
188.78749 53.7015
192.10927 60.259792
194.62675 70.19314
197.65613 82.44856
199.7101 95.37555
201.48904 106.72168
200.89485 109.08369
198.66891 104.87152
143.50633 84.681595
139.62129 88.76969
138.5364 93.77435
131.07086 98.86904
131.0058 105.80218
126.10372 105.81134
125.1553 112.3244
129.0577 118.658165
136.41058 89.579315
138.5364 93.77435
148.58313 97.74753
146.47543 98.91966
170.82156 58.0918
176.60654 56.407185
176.034 55.049103
170.22563 54.300114
170.82156 58.0918
176.034 55.049103
186.38332 47.18941
184.20204 36.321384
183.54443 27.23512
184.7183 17.284147
184.65567 8.5624485
187.21237 10.475478
196.57791 12.970201
199.79767 14.546884
195.68643 20.497206
184.7183 17.284147
187.34882 14.859197
187.21237 10.475478
187.34882 14.859197
199.79767 14.546884
196.57791 12.970201
195.68643 20.497206
187.34882 14.859197
184.65567 8.5624485
196.57791 12.970201
195.68643 20.497206
199.11081 150.66684
200.50311 150.91367
205.89418 149.28503
207.49425 149.93295
213.13358 150.03047
212.99225 148.0629
205.89418 149.28503
199.11081 150.66684
195.16193 152.25104
191.93428 152.23508
188.0153 153.52734
185.78198 152.90585
178.8364 155.72694
173.79509 156.08908
167.57939 158.23578
165.70131 157.75946
155.57129 160.58374
194.84114 129.24384
197.28574 141.2006
199.11081 150.66684
123.16626 145.11409
125.42436 142.68661
127.427155 154.0302
131.3957 166.55486
127.91199 167.79596
212.99225 148.0629
213.13358 150.03047
205.89418 149.28503
199.11081 150.66684
191.93428 152.23508
185.78198 152.90585
173.79509 156.08908
165.70131 157.75946
154.3621 160.36435
142.91025 162.94104
137.40654 165.19708
131.3957 166.55486
127.91199 167.79596
125.79144 156.45587
123.16626 145.11409
235.2973 109.05914
236.52448 108.857864
235.11621 103.13599
233.77397 96.40708
231.32793 87.596146
230.25412 79.8856
228.50984 72.14405
226.87512 64.27783
225.78758 55.842262
223.73637 45.507404
223.10439 39.285866
221.83861 39.70265
222.1877 43.357754
223.3825 52.139
225.06494 60.53082
226.81425 69.35224
228.28668 77.234505
230.02538 85.77616
209.20915 45.918503
211.56111 47.75969
210.97433 57.46604
213.58113 57.170372
209.20915 45.918503
209.90872 42.556732
201.06596 44.69048
209.20915 45.918503
197.24307 19.16166
198.20825 26.106152
198.74985 34.790604
201.06596 44.69048
204.60036 57.151566
207.75897 70.65395
209.92314 83.06973
211.61366 92.018654
211.5639 101.82331
209.33414 89.92817
206.8866 77.64725
204.77124 64.810616
201.96075 54.686115
200.21284 48.986404
198.49593 40.614033
196.53975 33.25919
196.06638 28.277311
195.68643 20.497206
197.24307 19.16166
199.79767 14.546884
198.20825 26.106152
106.82632 124.92363
109.66301 125.612366
113.9634 124.18831
113.32682 122.90326
106.82632 124.92363
211.61366 92.018654
211.5639 101.82331
215.68524 109.52179
219.71208 117.04683
224.57239 124.04363
218.34076 132.83372
215.04031 131.12767
203.24762 129.40956
196.58704 130.90636
184.04562 133.52986
194.84114 129.24384
195.13406 79.37895
206.8866 77.64725
203.86417 83.75527
209.92314 83.06973
197.65613 82.44856
206.8866 77.64725
203.86417 83.75527
195.13406 79.37895
196.76642 88.65494
199.7101 95.37555
198.66891 104.87152
207.50638 105.38355
208.1155 100.43123
211.5639 101.82331
209.89684 104.37481
207.50638 105.38355
200.89485 109.08369
201.48904 106.72168
213.00693 110.52948
207.50638 105.38355
155.57129 160.58374
154.3621 160.36435
148.08168 162.60103
142.91025 162.94104
141.61418 164.45421
137.40654 165.19708
135.51622 166.43698
131.3957 166.55486
127.91199 167.79596
197.28574 141.2006
199.41 144.80434
199.11081 150.66684
200.50311 150.91367
199.41 144.80434
196.58704 130.90636
147.70245 66.69973
138.89526 61.88038
133.12343 60.41317
134.0986 57.01682
139.77524 59.725113
148.93799 64.18183
147.70245 66.69973
134.0986 57.01682
133.12343 60.41317
148.93799 64.18183
194.84114 129.24384
196.58704 130.90636
197.28574 141.2006
192.88844 69.7294
185.8959 70.58712
180.27405 71.67939
198.20825 26.106152
196.06638 28.277311
192.1319 26.40201
192.07156 27.85495
123.439674 72.88893
116.40504 75.57941
114.740875 73.413
107.80163 76.58519
105.42414 75.64982
107.3705 85.87718
109.540115 86.99179
98.578316 89.72689
97.777855 88.10556
107.3705 85.87718
107.13591 133.50517
111.81619 134.88962
115.53515 144.27649
112.840866 146.11676
110.23012 147.96873
112.840866 146.11676
115.53515 144.27649
108.97996 141.64447
111.81619 134.88962
211.33353 111.71896
216.30327 116.47206
219.71208 117.04683
213.00693 110.52948
179.50526 67.39498
177.12637 68.2233
180.27405 71.67939
178.6175 72.940155
173.87794 73.08557
142.91602 80.171745
141.36067 79.043304
138.45026 82.776405
139.62129 88.76969
143.50633 84.681595
142.91602 80.171745
151.7348 74.51433
198.20825 26.106152
196.53975 33.25919
198.74985 34.790604
198.49593 40.614033
201.06596 44.69048
201.96075 54.686115
204.60036 57.151566
204.77124 64.810616
207.75897 70.65395
206.8866 77.64725
209.92314 83.06973
209.33414 89.92817
217.51762 88.38969
230.02538 85.77616
231.32793 87.596146
219.5632 89.921455
211.61366 92.018654
209.33414 89.92817
217.51762 88.38969
219.94548 96.05509
221.90855 104.69821
223.3936 104.510475
147.70245 66.69973
139.77524 59.725113
133.12343 60.41317
134.0986 57.01682
138.89526 61.88038
148.93799 64.18183
216.30327 116.47206
221.95186 124.06819
217.57962 130.59285
214.39148 128.58665
215.04031 131.12767
217.57962 130.59285
224.57239 124.04363
221.95186 124.06819
214.4955 40.737907
212.6349 38.959885
211.46837 33.22089
213.11304 32.90984
214.4955 40.737907
127.18052 78.05547
131.80885 81.67885
137.4066 86.262764
143.43188 79.355194
148.94293 70.2622
147.70245 66.69973
138.89526 61.88038
133.12343 60.41317
134.0986 57.01682
139.77524 59.725113
148.93799 64.18183
151.7978 64.86734
158.42227 57.73941
161.72813 60.49831
174.91112 135.56438
162.79514 136.92838
113.45459 82.68154
112.99418 79.60756
113.45459 82.68154
127.91199 167.79596
135.51622 166.43698
141.61418 164.45421
148.08168 162.60103
155.57129 160.58374
167.57939 158.23578
178.8364 155.72694
188.0153 153.52734
195.16193 152.25104
200.50311 150.91367
207.49425 149.93295
212.99225 148.0629
213.13358 150.03047
88.47034 125.9897
88.69356 128.7814
81.3263 130.23949
127.427155 154.0302
140.29565 151.6753
142.91025 162.94104
141.61418 164.45421
138.99342 153.25739
125.79144 156.45587
212.6349 38.959885
209.90872 42.556732
211.56111 47.75969
213.58113 57.170372
210.97433 57.46604
209.20915 45.918503
209.33414 89.92817
211.61366 92.018654
217.51762 88.38969
219.5632 89.921455
230.02538 85.77616
231.32793 87.596146
162.79514 136.92838
161.6995 138.75252
150.5087 138.8785
150.03754 140.67958
144.54431 139.62509
141.83533 141.8671
135.30328 140.75563
131.2884 127.95684
133.66856 130.193
135.30328 140.75563
130.75055 135.60985
133.66856 130.193
176.034 55.049103
176.60654 56.407185
170.22563 54.300114
184.04562 133.52986
186.12938 145.33876
188.0153 153.52734
185.78198 152.90585
182.97464 141.62686
180.3329 132.2195
177.12637 68.2233
179.50526 67.39498
178.6175 72.940155
184.39648 71.84791
192.88844 69.7294
131.30525 113.005035
131.59552 117.90886
134.85211 127.94148
129.0577 118.658165
127.89327 127.91832
126.133484 119.05401
129.0577 118.658165
131.59552 117.90886
136.29973 115.87845
135.66685 112.18917
131.30525 113.005035
131.0058 105.80218
126.10372 105.81134
128.60347 112.930885
125.1553 112.3244
121.78068 108.49389
131.30525 113.005035
136.29973 115.87845
152.57219 70.56299
144.04529 64.374245
131.40564 60.05243
123.55594 63.87133
123.439674 72.88893
128.75526 79.73948
139.62129 88.76969
136.41058 89.579315
131.27692 84.744415
123.79973 78.302284
118.213104 66.62429
124.547714 57.59479
138.05692 58.853584
136.29973 115.87845
135.66685 112.18917
131.59552 117.90886
128.60347 112.930885
126.10372 105.81134
131.07086 98.86904
138.5364 93.77435
146.47543 98.91966
147.09177 107.10009
148.00081 113.86468
157.81488 112.10688
168.51793 109.93866
179.62798 107.52109
196.35881 115.438095
185.12456 118.638565
170.81723 122.43048
157.70004 124.17976
144.12561 126.30475
134.85211 127.94148
131.2884 127.95684
127.89327 127.91832
120.74449 132.41306
115.89989 132.27205
111.81619 134.88962
109.31673 135.69337
112.840866 146.11676
110.23012 147.96873
108.97996 141.64447
107.13591 133.50517
118.213104 66.62429
120.48765 71.55336
123.439674 72.88893
122.578026 75.50729
116.40504 75.57941
230.02538 85.77616
231.32793 87.596146
231.92581 94.324326
233.77397 96.40708
233.39651 100.84781
235.11621 103.13599
235.2973 109.05914
236.52448 108.857864
162.79514 136.92838
161.6995 138.75252
164.51428 145.49191
164.57373 149.71432
165.70131 157.75946
167.57939 158.23578
164.51428 145.49191
162.79514 136.92838
145.39409 84.70078
148.94293 70.2622
156.46631 67.835304
158.42227 57.73941
150.5087 138.8785
150.03754 140.67958
152.98375 148.66531
152.81792 153.06323
155.57129 160.58374
154.3621 160.36435
152.81792 153.06323
150.03754 140.67958
124.00875 73.46698
125.82567 79.41737
131.80885 81.67885
135.45018 89.19458
145.39409 84.70078
81.3263 130.23949
83.44113 138.5745
85.156136 147.0465
84.00774 149.41405
82.62808 152.50053
80.44028 140.819
77.79517 127.669235
88.47034 125.9897
88.69356 128.7814
116.40504 75.57941
114.740875 73.413
116.40504 75.57941
114.740875 73.413
120.48765 71.55336
122.578026 75.50729
123.439674 72.88893
118.213104 66.62429
120.48765 71.55336
116.40504 75.57941
114.740875 73.413
161.72813 60.49831
156.46631 67.835304
152.88899 72.535194
145.39409 84.70078
140.86269 91.630615
135.45018 89.19458
130.1771 83.91841
125.82567 79.41737
120.27484 75.17599
124.00875 73.46698
127.18052 78.05547
192.45776 118.90424
193.36884 114.554886
198.66891 104.87152
199.7101 95.37555
196.76642 88.65494
197.65613 82.44856
195.13406 79.37895
194.62675 70.19314
192.88844 69.7294
191.09615 62.70611
192.10927 60.259792
188.78749 53.7015
188.85158 43.87456
191.36568 42.696674
191.32767 39.55817
193.4569 39.730927
193.54478 43.009888
191.32767 39.55817
195.68643 20.497206
198.20825 26.106152
196.06638 28.277311
192.07156 27.85495
192.1319 26.40201
198.20825 26.106152
170.82156 58.0918
173.16112 64.83409
173.87794 73.08557
176.6978 85.00553
178.86893 96.70371
177.87465 99.309654
179.62798 107.52109
172.35074 107.86683
162.29198 109.87917
151.55719 111.85688
148.58313 97.74753
136.41058 89.579315
222.1877 43.357754
209.20915 45.918503
201.06596 44.69048
200.21284 48.986404
211.56111 47.75969
223.73637 45.507404
127.91199 167.79596
131.3957 166.55486
125.79144 156.45587
127.427155 154.0302
123.16626 145.11409
184.04562 133.52986
174.91112 135.56438
171.6361 133.59447
168.9687 124.84574
170.81723 122.43048
174.91112 135.56438
168.9687 124.84574
157.70004 124.17976
154.24696 127.00561
144.12561 126.30475
141.70274 128.70798
134.85211 127.94148
133.66856 130.193
131.2884 127.95684
127.89327 127.91832
130.75055 135.60985
132.56435 142.90651
141.83533 141.8671
150.03754 140.67958
161.6995 138.75252
174.91112 135.56438
180.3329 132.2195
146.47543 98.91966
148.58313 97.74753
138.5364 93.77435
191.32767 39.55817
193.4569 39.730927
191.36568 42.696674
193.54478 43.009888
119.92654 110.39752
110.406624 109.807
103.56328 113.77371
102.82907 111.39794
102.07985 109.1076
106.90522 107.53931
103.56328 113.77371
97.85488 170.7357
94.56835 173.02422
97.85488 170.7357
92.333115 163.29309
89.8934 151.13219
85.156136 147.0465
219.5632 89.921455
219.94548 96.05509
221.54672 99.23496
221.90855 104.69821
223.3936 104.510475
221.54672 99.23496
219.5632 89.921455
209.20915 45.918503
211.56111 47.75969
213.58113 57.170372
210.97433 57.46604
209.20915 45.918503
194.93936 118.13289
192.45776 118.90424
185.12456 118.638565
179.24652 122.217766
170.81723 122.43048
161.6995 138.75252
164.57373 149.71432
165.70131 157.75946
167.57939 158.23578
164.57373 149.71432
194.84114 129.24384
200.692 127.93187
207.22583 127.59113
214.39148 128.58665
219.45273 124.000435
216.30327 116.47206
213.00693 110.52948
209.89684 104.37481
208.1155 100.43123
211.5639 101.82331
215.68524 109.52179
138.5364 93.77435
146.47543 98.91966
148.58313 97.74753
195.16193 152.25104
191.93428 152.23508
188.0153 153.52734
185.78198 152.90585
191.93428 152.23508
97.777855 88.10556
98.578316 89.72689
107.3705 85.87718
113.45459 82.68154
112.99418 79.60756
107.3705 85.87718
152.88899 72.535194
148.94293 70.2622
123.16626 145.11409
125.42436 142.68661
132.56435 142.90651
135.30328 140.75563
185.78198 152.90585
188.0153 153.52734
191.93428 152.23508
195.16193 152.25104
195.16193 152.25104
188.0153 153.52734
185.78198 152.90585
209.20915 45.918503
211.56111 47.75969
210.97433 57.46604
213.58113 57.170372
180.3329 132.2195
184.04562 133.52986
182.97464 141.62686
186.12938 145.33876
185.78198 152.90585
188.0153 153.52734
132.56435 142.90651
135.30328 140.75563
141.83533 141.8671
144.54431 139.62509
135.30328 140.75563
132.56435 142.90651
106.82632 124.92363
109.66301 125.612366
113.32682 122.90326
113.9634 124.18831
132.56435 142.90651
123.16626 145.11409
110.23012 147.96873
115.53515 144.27649
123.16626 145.11409
82.74006 130.15417
90.03343 129.01822
89.316505 125.3846
82.2951 126.46286
82.74006 130.15417
89.316505 125.3846
90.03343 129.01822
82.2951 126.46286
183.13715 83.81762
183.3981 85.4531
176.6978 85.00553
178.16573 86.601814
175.48152 73.86302
173.16112 64.83409
170.22563 54.300114
165.85068 50.065506
159.1378 56.830574
152.96413 65.43406
136.41058 89.579315
131.07086 98.86904
126.10372 105.81134
121.78068 108.49389
119.92654 110.39752
111.23 112.2665
103.56328 113.77371
102.82907 111.39794
110.406624 109.807
121.78068 108.49389
110.23012 147.96873
112.840866 146.11676
115.53515 144.27649
125.42436 142.68661
135.30328 140.75563
144.54431 139.62509
150.5087 138.8785
162.79514 136.92838
171.6361 133.59447
180.3329 132.2195
194.84114 129.24384
196.58704 130.90636
184.04562 133.52986
103.56328 113.77371
102.82907 111.39794
106.90522 107.53931
102.07985 109.1076
110.406624 109.807
111.23 112.2665
121.78068 108.49389
218.34076 132.83372
217.57962 130.59285
215.04031 131.12767
207.22583 127.59113
198.02618 124.2128
89.8934 151.13219
90.92079 148.37894
92.866875 145.94246
95.04285 157.24771
92.333115 163.29309
97.85488 170.7357
94.56835 173.02422
97.85488 170.7357
230.02538 85.77616
231.92581 94.324326
233.39651 100.84781
209.90872 42.556732
209.3713 39.619347
214.4955 40.737907
212.6349 38.959885
213.11304 32.90984
211.46837 33.22089
