133.81937 64.503395
134.66264 59.671436
138.54611 61.944656
151.64648 67.853035
149.92851 71.09699
137.75902 64.250435
135.93706 66.50946
133.81937 64.503395
138.54611 61.944656
149.92851 71.09699
151.64648 67.853035
137.75902 64.250435
127.251564 156.68846
125.43974 158.60625
123.22641 148.44719
125.480896 144.99811
213.29787 102.66018
211.3744 92.14923
209.6934 82.49948
206.53026 81.8173
195.35405 82.965485
197.84944 85.72498
207.6971 85.28013
209.6934 82.49948
195.35405 82.965485
109.46081 138.00046
110.94286 136.42415
117.65959 136.15324
121.16033 133.79501
127.48773 131.47148
129.2071 134.07942
132.80226 145.54517
124.05863 81.28397
127.083 77.54119
120.48247 78.13409
124.05863 81.28397
123.42654 74.321526
83.89948 131.40614
85.308395 131.05533
85.84916 133.7112
89.20501 128.07133
85.308395 131.05533
132.80226 145.54517
129.2071 134.07942
127.48773 131.47148
121.16033 133.79501
117.65959 136.15324
110.94286 136.42415
109.46081 138.00046
223.95334 42.736443
222.11034 43.181286
222.52966 45.72513
223.91685 56.97481
226.41484 56.05891
227.49217 65.12096
228.58974 72.958916
230.14798 80.335754
231.38145 88.25042
131.32417 132.79607
132.8069 127.494064
131.89392 115.77815
132.03221 105.93829
124.27561 110.91174
120.19144 113.4499
112.082 113.269135
109.796684 115.54306
103.58917 116.818405
102.77631 113.93877
112.082 113.269135
124.27561 110.91174
130.06044 102.97315
231.38145 88.25042
219.88799 90.584595
211.3744 92.14923
219.24881 92.53452
219.88799 90.584595
230.89558 90.098305
195.012 130.67776
203.78967 132.97916
203.02757 130.09901
203.78967 132.97916
206.95457 130.25348
133.81937 64.503395
134.66264 59.671436
138.54611 61.944656
151.64648 67.853035
149.92851 71.09699
137.75902 64.250435
135.93706 66.50946
133.81937 64.503395
138.54611 61.944656
149.92851 71.09699
151.64648 67.853035
137.75902 64.250435
221.10696 98.405716
220.40807 100.955444
221.78194 107.7275
223.10695 107.470116
195.58017 125.66875
187.1466 122.60948
182.31409 122.06218
170.05295 125.109375
174.56715 136.50021
169.76805 137.61234
168.23337 128.01768
171.39825 139.07448
174.56715 136.50021
170.05295 125.109375
223.95334 42.736443
222.11034 43.181286
222.52966 45.72513
223.95334 42.736443
224.45975 48.066116
168.23337 128.01768
170.05295 125.109375
177.40532 125.279594
182.31409 122.06218
191.64908 118.24534
187.1466 122.60948
110.94286 136.42415
107.147896 127.734856
109.398285 128.45819
113.51858 125.73539
113.98899 127.28345
109.398285 128.45819
110.94286 136.42415
109.46081 138.00046
107.147896 127.734856
113.51858 125.73539
113.98899 127.28345
109.398285 128.45819
110.94286 136.42415
179.26782 70.9467
177.08257 71.388054
180.25337 75.29015
188.64793 73.71631
192.30724 72.28362
184.6194 73.69306
178.16156 74.89988
175.24213 76.72164
180.25337 75.29015
184.6194 73.69306
188.64793 73.71631
125.480896 144.99811
123.22641 148.44719
125.43974 158.60625
128.3013 170.95482
131.07271 169.78888
141.61671 168.52382
142.70456 167.35783
149.16858 166.85811
191.52808 42.888504
193.75508 43.126606
191.52808 42.888504
193.58751 46.21861
202.28603 48.35377
133.81937 64.503395
134.66264 59.671436
138.54611 61.944656
135.93706 66.50946
134.66264 59.671436
139.49637 94.12803
130.06044 102.97315
132.03221 105.93829
125.34255 115.660904
125.30371 122.13125
126.88826 125.32884
127.48773 131.47148
125.30371 122.13125
124.27561 110.91174
125.34255 115.660904
126.88826 125.32884
129.2071 134.07942
148.55345 74.106636
152.46303 76.47116
156.311 70.88851
151.64648 67.853035
148.55345 74.106636
156.311 70.88851
151.64648 67.853035
152.46303 76.47116
161.53442 63.321514
168.12326 51.310795
177.66151 55.861584
186.79956 53.142933
178.58496 59.566208
177.66151 55.861584
188.4355 57.42015
186.79956 53.142933
176.50273 49.350975
177.66151 55.861584
170.34392 56.19805
163.88054 59.741077
158.2215 67.48695
153.33113 73.650734
148.22026 81.40986
143.59679 87.6781
139.49637 94.12803
132.03221 105.93829
130.53908 112.106606
131.89392 115.77815
131.95686 119.99604
132.8069 127.494064
134.60995 130.09447
197.55313 16.631128
196.56969 20.679691
199.024 19.858597
196.56969 20.679691
197.55313 16.631128
192.61879 17.99613
186.99774 15.531384
188.56587 11.071431
125.43974 158.60625
127.251564 156.68846
140.14674 154.66168
139.17819 156.3835
142.70456 167.35783
141.61671 168.52382
140.14674 154.66168
211.19072 114.26922
211.6909 108.59168
209.81104 94.89924
213.29787 102.66018
215.39789 112.986084
211.6909 108.59168
207.8104 103.092865
206.89737 108.346306
211.6909 108.59168
213.29787 102.66018
207.8104 103.092865
125.480896 144.99811
132.80226 145.54517
135.59807 143.75429
141.32306 144.6716
145.90718 142.32335
151.4416 143.4384
158.1721 140.78862
163.2106 141.25522
169.76805 137.61234
171.39825 139.07448
174.56715 136.50021
183.64136 136.95068
195.012 130.67776
203.02757 130.09901
206.95457 130.25348
212.48453 131.31802
218.13039 129.0327
217.7788 120.62285
211.19072 114.26922
203.07626 111.82306
196.74641 115.86034
198.08582 122.89529
203.02757 130.09901
198.68344 13.957445
206.17526 17.835064
211.34093 19.591818
214.26276 19.898214
216.834 20.90103
220.39862 24.913593
220.52194 26.607706
217.72508 27.203009
216.834 20.90103
215.1569 25.833292
214.26276 19.898214
212.55716 26.510553
211.34093 19.591818
214.26276 19.898214
216.834 20.90103
217.72508 27.203009
220.39862 24.913593
220.52194 26.607706
200.52345 153.12698
197.4989 140.01282
195.012 130.67776
180.85078 135.18964
174.56715 136.50021
169.76805 137.61234
158.1721 140.78862
145.90718 142.32335
135.59807 143.75429
125.480896 144.99811
115.75282 147.0664
113.135544 147.90477
110.22405 148.47896
110.689514 150.88179
120.250916 77.673775
122.101974 75.725296
126.42628 77.42453
120.250916 77.673775
184.69196 13.125565
186.99774 15.531384
192.61879 17.99613
199.024 19.858597
198.68344 13.957445
197.55313 16.631128
196.56969 20.679691
196.45512 25.268166
195.94756 31.18615
195.85762 34.05367
198.2418 45.33543
200.5565 52.274403
203.67892 63.374912
191.64908 118.24534
196.74641 115.86034
197.22289 111.0929
198.80132 103.07654
196.03616 90.29476
195.35405 82.965485
192.30724 72.28362
183.67603 49.47292
178.66206 48.707943
176.5221 51.122677
175.75626 53.760654
179.0474 54.96848
170.34392 56.19805
169.75261 53.29341
149.16858 166.85811
151.79991 165.3697
155.78363 165.33606
156.44055 163.0686
162.52214 162.90521
165.71162 160.90526
171.65013 159.96677
175.76878 158.45596
180.18471 158.25302
134.60995 130.09447
131.95686 119.99604
136.07324 118.84243
135.19754 115.06097
131.89392 115.77815
136.07324 118.84243
200.5565 52.274403
208.98045 47.86919
211.4791 50.473892
222.52966 45.72513
224.45975 48.066116
199.024 19.858597
196.56969 20.679691
192.61879 17.99613
186.99774 15.531384
188.56587 11.071431
110.94286 136.42415
117.65959 136.15324
121.16033 133.79501
129.2071 134.07942
132.80226 145.54517
135.90347 93.53106
139.49637 94.12803
146.62779 101.96292
149.03128 100.58045
146.62779 101.96292
150.94998 114.801674
159.92732 114.85121
170.91202 112.26931
179.24905 110.92177
177.82289 109.36738
176.96873 100.279564
237.85724 113.495415
236.30734 113.928406
235.12622 103.97597
232.62178 98.9326
183.64136 136.95068
197.16475 132.89455
203.78967 132.97916
215.33456 133.81201
220.72543 129.52063
220.82872 122.22351
215.39789 112.986084
206.89737 108.346306
201.22058 107.90307
197.22289 111.0929
191.64908 118.24534
194.48424 73.349846
188.64793 73.71631
168.23337 128.01768
154.31943 129.71283
140.43764 131.7353
129.2071 134.07942
117.65959 136.15324
109.46081 138.00046
110.22405 148.47896
113.135544 147.90477
110.94286 136.42415
114.88022 143.20398
115.75282 147.0664
110.689514 150.88179
113.135544 147.90477
114.88022 143.20398
109.46081 138.00046
92.20595 168.46011
93.475426 170.46889
89.1757 171.56355
88.85818 170.57686
89.1757 171.56355
92.20595 168.46011
230.89558 90.098305
233.50746 95.913
232.62178 98.9326
235.12622 103.97597
234.15549 106.54007
237.85724 113.495415
180.85078 135.18964
183.64136 136.95068
183.68527 147.38097
185.26508 144.82657
191.64908 118.24534
187.1466 122.60948
177.40532 125.279594
168.23337 128.01768
212.5701 150.91626
212.48099 152.57202
205.8322 152.69513
199.19356 154.46115
193.15962 155.53954
186.00412 156.83391
180.18471 158.25302
171.65013 159.96677
162.52214 162.90521
155.78363 165.33606
149.16858 166.85811
141.61671 168.52382
128.3013 170.95482
128.3013 170.95482
131.07271 169.78888
127.251564 156.68846
125.480896 144.99811
209.81104 94.89924
219.24881 92.53452
230.89558 90.098305
232.62178 98.9326
234.15549 106.54007
236.30734 113.928406
237.85724 113.495415
235.12622 103.97597
233.50746 95.913
231.38145 88.25042
176.50273 49.350975
169.94084 57.391235
168.12326 51.310795
177.66151 55.861584
127.48773 131.47148
131.32417 132.79607
132.80226 145.54517
135.59807 143.75429
134.60995 130.09447
131.32417 132.79607
132.80226 145.54517
180.85078 135.18964
183.64136 136.95068
185.26508 144.82657
183.68527 147.38097
180.85078 135.18964
125.480896 144.99811
123.22641 148.44719
125.43974 158.60625
127.251564 156.68846
125.480896 144.99811
123.22641 148.44719
127.251564 156.68846
125.43974 158.60625
123.22641 148.44719
115.75282 147.0664
123.22641 148.44719
115.75282 147.0664
83.89948 131.40614
85.308395 131.05533
85.84916 133.7112
90.23844 132.4509
89.20501 128.07133
83.633835 129.35234
83.89948 131.40614
201.22058 107.90307
198.80132 103.07654
198.6166 95.43131
196.03616 90.29476
197.84944 85.72498
195.35405 82.965485
194.48424 73.349846
192.30724 72.28362
191.99867 61.906887
190.86995 65.15721
191.99867 61.906887
188.5843 56.03643
189.6093 51.419796
185.42915 47.35731
185.18665 35.073315
183.01965 35.087296
185.56377 27.892353
183.68307 23.089413
185.92047 17.46249
184.69196 13.125565
188.56587 11.071431
185.63174 9.560757
84.55271 152.09792
85.79675 156.49747
89.83475 155.95723
92.20595 168.46011
93.475426 170.46889
94.43053 168.00156
91.48584 154.56252
88.176384 149.53918
92.42519 148.8961
93.92851 155.88716
96.60906 167.56076
94.43053 168.00156
92.20595 168.46011
171.6504 60.51587
170.90839 58.931015
170.34392 56.19805
171.6504 60.51587
173.88498 71.34234
175.24213 76.72164
176.75313 84.36468
177.80888 89.66505
178.98483 95.36294
178.26747 101.52399
177.82289 109.36738
164.3507 112.36458
150.94998 114.801674
148.14456 116.65754
127.083 77.54119
123.42654 74.321526
120.48247 78.13409
175.75626 53.760654
168.5265 51.102932
169.75261 53.29341
170.34392 56.19805
163.3521 54.58197
163.3679 56.936787
163.88054 59.741077
157.52216 61.136444
157.64241 63.85392
158.2215 67.48695
151.79703 68.498245
153.33113 73.650734
148.22026 81.40986
142.559 84.55387
139.49637 94.12803
139.17819 156.3835
125.43974 158.60625
127.251564 156.68846
139.17819 156.3835
140.14674 154.66168
139.17819 156.3835
142.70456 167.35783
157.98982 60.676994
161.53442 63.321514
134.87715 60.083107
134.3814 64.18878
135.8857 66.24693
134.3814 64.18878
142.6594 63.72521
144.31282 67.65851
151.79703 68.498245
151.81398 71.61249
145.82378 79.38551
142.559 84.55387
138.0046 90.07359
129.15514 82.729576
122.101974 75.725296
113.35451 76.78756
105.77514 78.160904
107.5574 88.75987
109.72636 90.018295
98.24658 92.787254
98.105644 90.963844
107.5574 88.75987
109.72636 90.018295
107.645546 80.22671
115.60167 78.41511
120.250916 77.673775
130.5819 86.26337
135.90347 93.53106
219.88799 90.584595
219.24881 92.53452
221.10696 98.405716
220.40807 100.955444
223.10695 107.470116
221.78194 107.7275
221.78194 107.7275
223.10695 107.470116
221.10696 98.405716
230.89558 90.098305
231.38145 88.25042
229.59933 83.95138
230.14798 80.335754
227.78848 76.0294
228.58974 72.958916
226.663 68.43449
227.49217 65.12096
226.47868 61.000248
226.41484 56.05891
224.45975 48.066116
221.10696 98.405716
220.40807 100.955444
223.10695 107.470116
221.78194 107.7275
202.28603 48.35377
208.98045 47.86919
211.4791 50.473892
200.5565 52.274403
202.28603 48.35377
211.4791 50.473892
135.90347 93.53106
138.0046 90.07359
130.5819 86.26337
129.15514 82.729576
120.250916 77.673775
113.35451 76.78756
107.645546 80.22671
105.77514 78.160904
107.645546 80.22671
107.5574 88.75987
109.72636 90.018295
98.105644 90.963844
98.24658 92.787254
188.56587 11.071431
186.99774 15.531384
192.61879 17.99613
196.56969 20.679691
199.024 19.858597
197.55313 16.631128
199.024 19.858597
196.56969 20.679691
185.92047 17.46249
192.61879 17.99613
196.56969 20.679691
199.024 19.858597
196.45512 25.268166
198.24095 29.580585
195.85762 34.05367
199.02373 39.326054
198.2418 45.33543
193.58751 46.21861
189.06035 46.339962
185.42915 47.35731
189.6093 51.419796
202.28603 48.35377
208.98045 47.86919
222.52966 45.72513
224.45975 48.066116
211.4791 50.473892
200.5565 52.274403
115.75282 147.0664
123.22641 148.44719
85.308395 131.05533
89.20501 128.07133
85.84916 133.7112
192.30724 72.28362
190.86995 65.15721
188.5843 56.03643
185.42915 47.35731
183.01965 35.087296
183.68307 23.089413
184.69196 13.125565
185.63174 9.560757
188.56587 11.071431
125.480896 144.99811
123.22641 148.44719
127.251564 156.68846
125.43974 158.60625
131.07271 169.78888
188.64793 73.71631
184.6194 73.69306
180.25337 75.29015
178.16156 74.89988
175.24213 76.72164
173.9735 75.660286
178.16156 74.89988
177.08257 71.388054
179.26782 70.9467
180.25337 75.29015
122.101974 75.725296
126.42628 77.42453
122.101974 75.725296
130.5819 86.26337
139.49637 94.12803
149.03128 100.58045
150.94998 114.801674
148.14456 116.65754
159.92732 114.85121
164.3507 112.36458
170.91202 112.26931
177.82289 109.36738
179.24905 110.92177
178.26747 101.52399
176.96873 100.279564
180.28348 101.75061
178.98483 95.36294
177.49065 93.26877
177.80888 89.66505
176.77267 88.34085
176.75313 84.36468
175.19649 81.626274
175.24213 76.72164
173.9735 75.660286
173.88498 71.34234
172.46022 68.44143
172.52336 65.66256
171.6504 60.51587
185.63174 9.560757
188.56587 11.071431
186.99774 15.531384
185.92047 17.46249
185.56377 27.892353
185.18665 35.073315
189.06035 46.339962
189.6093 51.419796
191.99867 61.906887
194.48424 73.349846
197.84944 85.72498
198.6166 95.43131
201.22058 107.90307
230.89558 90.098305
229.59933 83.95138
227.78848 76.0294
226.663 68.43449
226.47868 61.000248
223.91685 56.97481
226.41484 56.05891
222.52966 45.72513
224.45975 48.066116
169.94084 57.391235
157.98982 60.676994
195.35405 82.965485
197.84944 85.72498
209.6934 82.49948
207.1513 70.67204
204.00838 57.418465
202.28603 48.35377
199.02373 39.326054
198.24095 29.580585
192.72363 29.399385
192.25053 30.924015
195.94756 31.18615
192.72363 29.399385
83.633835 129.35234
85.308395 131.05533
90.23844 132.4509
192.72363 29.399385
192.25053 30.924015
198.24095 29.580585
199.024 19.858597
197.55313 16.631128
198.68344 13.957445
85.84916 133.7112
90.23844 132.4509
89.20501 128.07133
83.633835 129.35234
83.89948 131.40614
203.67892 63.374912
206.54814 74.55532
207.6971 85.28013
209.81104 94.89924
148.14456 116.65754
146.62779 101.96292
135.90347 93.53106
138.54611 61.944656
149.92851 71.09699
137.75902 64.250435
151.64648 67.853035
149.92851 71.09699
138.54611 61.944656
208.98045 47.86919
210.05338 60.01818
213.05876 59.906754
210.05338 60.01818
211.4791 50.473892
200.5565 52.274403
188.5843 56.03643
189.6093 51.419796
193.58751 46.21861
193.75508 43.126606
191.52808 42.888504
189.6093 51.419796
223.10695 107.470116
221.78194 107.7275
220.40807 100.955444
219.24881 92.53452
219.88799 90.584595
221.10696 98.405716
223.10695 107.470116
96.60906 167.56076
94.43053 168.00156
92.20595 168.46011
93.92851 155.88716
91.48584 154.56252
84.55271 152.09792
89.83475 155.95723
85.79675 156.49747
88.176384 149.53918
92.42519 148.8961
91.48584 154.56252
96.60906 167.56076
202.28603 48.35377
200.5565 52.274403
204.00838 57.418465
203.67892 63.374912
207.1513 70.67204
206.54814 74.55532
209.6934 82.49948
206.53026 81.8173
207.6971 85.28013
211.3744 92.14923
209.81104 94.89924
213.29787 102.66018
161.53442 63.321514
169.94084 57.391235
177.66151 55.861584
178.58496 59.566208
188.4355 57.42015
186.79956 53.142933
185.42389 47.170475
176.50273 49.350975
168.12326 51.310795
157.98982 60.676994
161.53442 63.321514
136.07324 118.84243
135.19754 115.06097
131.95686 119.99604
130.53908 112.106606
130.06044 102.97315
135.90347 93.53106
143.59679 87.6781
142.559 84.55387
148.22026 81.40986
145.82378 79.38551
153.33113 73.650734
151.81398 71.61249
157.64241 63.85392
163.3679 56.936787
169.75261 53.29341
176.5221 51.122677
183.67603 49.47292
184.29828 54.677616
179.0474 54.96848
175.75626 53.760654
170.34392 56.19805
163.88054 59.741077
170.90839 58.931015
179.0474 54.96848
188.5843 56.03643
179.32765 58.759247
179.0474 54.96848
184.29828 54.677616
179.32765 58.759247
199.19356 154.46115
200.52345 153.12698
197.0792 143.81909
197.4989 140.01282
197.16475 132.89455
195.012 130.67776
197.0792 143.81909
199.19356 154.46115
134.3814 64.18878
135.8857 66.24693
134.87715 60.083107
134.3814 64.18878
144.31282 67.65851
151.81398 71.61249
153.33113 73.650734
151.79703 68.498245
144.31282 67.65851
142.6594 63.72521
211.4791 50.473892
208.98045 47.86919
200.5565 52.274403
202.28603 48.35377
208.98045 47.86919
128.3013 170.95482
131.07271 169.78888
142.70456 167.35783
151.79991 165.3697
156.44055 163.0686
165.71162 160.90526
175.76878 158.45596
183.04953 156.26672
187.93181 155.72
195.92012 153.84311
200.52345 153.12698
208.77322 151.44844
212.48099 152.57202
212.5701 150.91626
180.85078 135.18964
183.64136 136.95068
183.68527 147.38097
185.26508 144.82657
178.26747 101.52399
180.28348 101.75061
177.49065 93.26877
176.77267 88.34085
175.19649 81.626274
173.9735 75.660286
172.46022 68.44143
170.90839 58.931015
170.34392 56.19805
185.42915 47.35731
178.66206 48.707943
168.5265 51.102932
163.3521 54.58197
157.52216 61.136444
151.79703 68.498245
142.6594 63.72521
134.87715 60.083107
134.3814 64.18878
135.8857 66.24693
134.87715 60.083107
134.60995 130.09447
140.43764 131.7353
145.68834 128.89082
154.31943 129.71283
157.90143 127.74556
168.23337 128.01768
93.475426 170.46889
89.1757 171.56355
88.85818 170.57686
93.475426 170.46889
170.05295 125.109375
157.90143 127.74556
145.68834 128.89082
134.60995 130.09447
127.48773 131.47148
121.16033 133.79501
110.94286 136.42415
109.46081 138.00046
180.18471 158.25302
183.04953 156.26672
186.00412 156.83391
187.93181 155.72
193.15962 155.53954
195.92012 153.84311
199.19356 154.46115
200.52345 153.12698
205.8322 152.69513
208.77322 151.44844
212.5701 150.91626
212.48099 152.57202
110.22405 148.47896
110.689514 150.88179
123.22641 148.44719
132.80226 145.54517
141.32306 144.6716
151.4416 143.4384
163.2106 141.25522
171.39825 139.07448
183.64136 136.95068
185.26508 144.82657
187.93181 155.72
186.00412 156.83391
183.68527 147.38097
180.85078 135.18964
220.52194 26.607706
220.39862 24.913593
215.1569 25.833292
212.55716 26.510553
211.34093 19.591818
206.17526 17.835064
199.024 19.858597
197.55313 16.631128
206.17526 17.835064
214.26276 19.898214
183.64136 136.95068
180.85078 135.18964
185.26508 144.82657
183.68527 147.38097
187.93181 155.72
185.26508 144.82657
183.68527 147.38097
183.64136 136.95068
180.85078 135.18964
208.98045 47.86919
211.4791 50.473892
213.05876 59.906754
210.05338 60.01818
125.34255 115.660904
120.19144 113.4499
109.796684 115.54306
102.77631 113.93877
103.58917 116.818405
109.796684 115.54306
112.082 113.269135
120.19144 113.4499
125.34255 115.660904
130.53908 112.106606
125.34255 115.660904
203.78967 132.97916
212.48453 131.31802
215.33456 133.81201
218.13039 129.0327
220.72543 129.52063
217.7788 120.62285
220.82872 122.22351
217.7788 120.62285
215.39789 112.986084
211.19072 114.26922
206.89737 108.346306
203.07626 111.82306
201.22058 107.90307
196.74641 115.86034
195.58017 125.66875
203.02757 130.09901
190.72522 129.05533
195.012 130.67776
195.58017 125.66875
198.08582 122.89529
191.64908 118.24534
195.012 130.67776
190.72522 129.05533
131.32417 132.79607
127.48773 131.47148
131.32417 132.79607
127.48773 131.47148
