231.86511 90.13897
230.23454 88.482056
220.11023 92.50163
219.96861 98.72473
221.8258 100.84694
223.2089 107.5399
221.76073 107.962425
218.33203 30.960676
221.53027 30.408493
217.4331 26.10304
220.51564 25.305473
216.08835 21.04281
194.5461 72.607346
192.6446 71.53186
188.36728 73.60375
180.86134 75.20065
175.18532 76.22901
92.22397 168.57237
94.71488 168.21352
97.01392 167.57512
90.28603 157.45631
87.66576 157.4386
85.5632 144.62225
82.79299 131.5741
216.08835 21.04281
213.29953 20.639378
205.31177 22.404182
198.33516 23.669085
198.03336 22.26036
208.58229 20.656292
214.5119 19.480377
217.14287 20.496935
124.73611 74.9891
127.72316 76.90489
125.60687 79.25348
124.73611 74.9891
120.8309 77.40699
116.4722 76.06496
112.85929 78.86933
105.650955 78.40283
108.13154 79.99257
107.77444 88.910416
109.953384 90.73102
97.85797 91.03898
98.12686 92.88807
209.87994 85.36572
204.67325 86.634514
197.21199 81.99162
196.45517 91.06014
199.42767 95.57758
198.98349 105.5893
201.66278 107.56303
199.35478 109.620834
200.07143 112.64304
195.56506 113.47917
196.41757 117.84907
193.34418 121.70056
199.62976 125.55602
196.7017 129.06464
205.20256 130.04149
207.18352 132.99599
212.45624 131.37807
215.2443 133.57237
216.46358 130.2231
220.0758 130.11879
218.78171 123.563446
221.0849 123.879166
93.12573 146.2869
90.89982 147.62299
88.05446 147.58217
85.5632 144.62225
85.92401 138.42065
82.79299 131.5741
81.12372 122.8707
79.06348 113.93381
77.382545 107.006226
79.72411 106.163216
187.9966 155.9167
185.96162 156.83206
179.36827 157.89719
173.06024 161.0199
163.87958 161.67848
129.73474 134.17923
123.08964 133.01558
119.12708 135.68614
110.33894 136.1589
115.49777 147.47029
112.08757 149.9858
109.521965 138.28369
106.55922 127.35895
108.03797 127.277435
196.08241 20.23097
198.03336 22.26036
205.31177 22.404182
208.58229 20.656292
213.29953 20.639378
214.5119 19.480377
216.08835 21.04281
217.14287 20.496935
220.51564 25.305473
221.53027 30.408493
218.33203 30.960676
217.4331 26.10304
216.08835 21.04281
221.53027 30.408493
218.33203 30.960676
220.51564 25.305473
213.14377 59.840824
210.4859 60.55972
211.3965 48.40053
222.8283 48.870003
221.99954 43.467293
224.1651 43.047546
224.14854 45.646576
221.99954 43.467293
137.63754 130.62306
135.33487 125.89205
136.3019 119.64249
133.47375 115.399284
135.68546 114.88271
207.18352 132.99599
196.95787 133.63167
195.33076 132.20137
168.4081 138.52103
172.65771 139.1289
174.07185 132.44574
169.50616 130.4333
168.4081 138.52103
174.07185 132.44574
169.90843 125.25566
106.55922 127.35895
108.03797 127.277435
110.33894 136.1589
109.521965 138.28369
108.12932 140.76746
108.9874 148.95265
115.49777 147.47029
108.12932 140.76746
102.5429 137.60141
99.35357 140.1692
91.157166 139.53975
93.12573 146.2869
93.560715 155.01143
97.66919 151.50891
95.333595 140.98145
93.12573 146.2869
97.66919 151.50891
90.89982 147.62299
240.35274 118.581024
238.72136 118.74018
234.96545 109.52711
232.68637 98.637344
230.23454 88.482056
228.82878 75.86914
227.36378 63.213257
225.77643 53.862144
224.14854 45.646576
222.8283 48.870003
208.721 50.52392
202.01912 47.55678
188.08682 56.617813
187.27612 52.356304
186.12212 49.744186
186.11493 47.207066
177.8358 54.322937
172.22972 59.836792
172.01028 66.40322
173.48712 69.360535
173.94328 75.68913
176.3374 87.878174
177.91228 89.45998
178.95161 100.149185
180.76923 101.47361
183.4619 99.76317
183.54652 101.004036
180.76923 101.47361
177.91228 89.45998
175.18532 76.22901
173.48712 69.360535
172.22972 59.836792
170.46712 57.57734
140.12161 93.51341
139.02664 91.62239
138.07877 90.14692
131.64467 86.22562
131.46246 84.44814
120.8309 77.40699
125.60687 79.25348
131.64467 86.22562
138.07877 90.14692
146.00491 85.014015
145.71696 82.786644
145.12 80.68852
153.28314 73.33852
152.70647 70.90525
152.30812 68.584496
157.48132 65.19203
163.09123 58.013885
161.87453 55.802917
161.79468 114.17889
163.39502 114.30099
159.7447 103.45566
133.47375 115.399284
135.68546 114.88271
136.3019 119.64249
136.36241 132.5488
131.21776 131.46364
196.74792 141.1013
198.2352 143.44756
199.22237 153.52228
200.67088 154.18306
198.2352 143.44756
196.95787 133.63167
195.33076 132.20137
196.74792 141.1013
199.22237 153.52228
173.94328 75.68913
175.18532 76.22901
176.3374 87.878174
183.21318 86.714
183.582 88.44105
177.91228 89.45998
183.21318 86.714
180.76923 101.47361
178.95161 100.149185
167.84624 103.21217
159.7447 103.45566
150.27979 108.02362
221.99954 43.467293
224.1651 43.047546
224.14854 45.646576
222.8283 48.870003
224.5686 57.095448
193.34418 121.70056
189.24739 120.36271
185.70937 123.22204
178.37587 122.97104
174.78748 125.66
169.90843 125.25566
174.07185 132.44574
175.02321 136.44992
172.65771 139.1289
169.50616 130.4333
167.11795 127.94788
168.4081 138.52103
186.12212 49.744186
188.64024 45.89519
186.11493 47.207066
185.1067 35.633125
182.85823 34.86102
185.68872 25.79458
218.82164 118.59961
215.30457 117.79046
215.49727 111.98378
208.3095 113.027725
205.0986 110.3743
201.66278 107.56303
157.1861 162.79034
156.908 165.04866
153.04913 165.24149
150.61598 166.6917
142.92992 167.3489
141.45079 168.61165
130.84798 169.78107
128.33076 171.03459
125.92061 158.69162
122.737686 148.55997
185.96162 156.83206
184.36942 148.73528
181.09502 137.3294
182.88461 134.6361
184.44492 141.96
186.62177 148.2093
187.9966 155.9167
152.30812 68.584496
157.13657 61.954758
161.87453 55.802917
168.70032 51.954662
176.54118 49.73682
186.11493 47.207066
186.12212 49.744186
177.23473 51.89946
169.89088 54.77906
163.09123 58.013885
157.48132 65.19203
152.70647 70.90525
146.78505 66.52795
143.2499 67.12249
138.67303 61.921516
134.5512 65.38553
136.16357 66.28572
135.10643 59.96784
79.72411 106.163216
77.382545 107.006226
81.66122 113.3161
79.06348 113.93381
220.11023 92.50163
218.41951 91.093414
211.7827 94.23364
77.382545 107.006226
79.72411 106.163216
79.06348 113.93381
81.66122 113.3161
83.72668 113.1265
81.12372 122.8707
83.59698 122.333244
85.74614 121.78308
82.79299 131.5741
85.26177 130.86156
87.30121 130.20253
202.01912 47.55678
208.721 50.52392
108.9874 148.95265
108.76306 153.29462
104.66548 151.71767
102.49597 154.30373
97.66919 151.50891
104.66548 151.71767
108.9874 148.95265
112.08757 149.9858
152.30812 68.584496
152.70647 70.90525
153.28314 73.33852
152.30812 68.584496
157.30212 68.615616
157.48132 65.19203
157.13657 61.954758
163.87807 59.768013
163.09123 58.013885
161.87453 55.802917
169.89088 54.77906
168.70032 51.954662
169.89088 54.77906
170.46712 57.57734
178.39166 56.68934
187.27612 52.356304
177.8358 54.322937
169.89088 54.77906
200.36496 52.319466
208.721 50.52392
211.3965 48.40053
224.14854 45.646576
222.8283 48.870003
225.77643 53.862144
224.5686 57.095448
227.36378 63.213257
229.12999 66.79908
228.82878 75.86914
230.47354 79.19671
230.23454 88.482056
231.86511 90.13897
232.68637 98.637344
234.82224 102.61103
234.96545 109.52711
237.24478 111.031746
240.35274 118.581024
238.72136 118.74018
240.35274 118.581024
238.72136 118.74018
136.36241 132.5488
135.33487 125.89205
133.47375 115.399284
135.68546 114.88271
136.3019 119.64249
137.63754 130.62306
127.64432 76.667465
123.95852 74.51145
121.466965 77.42661
124.49589 80.692245
127.64432 76.667465
121.466965 77.42661
124.49589 80.692245
123.95852 74.51145
172.22972 59.836792
170.46712 57.57734
169.89088 54.77906
168.70032 51.954662
178.39166 56.68934
179.0847 58.942886
179.0847 58.942886
178.39166 56.68934
187.44328 135.8542
196.95787 133.63167
194.5461 72.607346
188.36728 73.60375
185.84444 73.353615
180.86134 75.20065
178.12823 75.1598
175.18532 76.22901
173.94328 75.68913
178.12823 75.1598
185.84444 73.353615
192.6446 71.53186
112.08757 149.9858
115.49777 147.47029
122.737686 148.55997
125.102646 145.84291
132.09995 145.82277
133.8199 143.34305
141.44287 144.78995
144.40694 142.65485
150.78642 143.46188
154.54723 141.03024
161.88504 141.64511
168.4081 138.52103
172.65771 139.1289
175.02321 136.44992
181.09502 137.3294
182.88461 134.6361
187.44328 135.8542
189.13268 133.36798
196.95787 133.63167
196.7017 129.06464
190.13979 128.95045
196.2125 126.05896
199.62976 125.55602
196.7017 129.06464
195.33076 132.20137
190.13979 128.95045
191.34567 43.686306
193.52773 43.60053
187.27612 52.356304
200.36496 52.319466
188.64024 45.89519
201.42308 112.36303
202.1066 108.47022
208.66882 109.82446
217.24321 115.59451
221.31905 123.31985
220.22926 130.29166
214.81094 134.08574
205.19484 133.2234
205.41052 129.70479
213.94131 131.37788
218.01929 128.73576
218.4937 123.66839
214.18651 117.70625
208.22887 113.39307
201.42308 112.36303
125.92061 158.69162
127.8983 157.05136
139.96579 154.32896
139.29698 156.2331
142.92992 167.3489
141.45079 168.61165
139.29698 156.2331
125.92061 158.69162
87.49881 130.49106
82.15866 131.50652
81.29328 127.36073
86.36797 126.13673
87.49881 130.49106
81.29328 127.36073
82.15866 131.50652
86.36797 126.13673
144.40694 142.65485
141.44287 144.78995
133.8199 143.34305
132.09995 145.82277
200.36496 52.319466
202.01912 47.55678
198.35297 35.75356
198.33516 23.669085
198.03336 22.26036
198.88547 18.221275
198.04877 14.787263
186.23923 10.174447
185.42543 13.9090805
183.9299 23.29064
182.85823 34.86102
186.11493 47.207066
186.12212 49.744186
187.27612 52.356304
190.56567 54.49604
200.36496 52.319466
125.60687 79.25348
131.46246 84.44814
138.07877 90.14692
145.12 80.68852
152.70647 70.90525
152.30812 68.584496
145.12 80.68852
145.71696 82.786644
146.00491 85.014015
145.71696 82.786644
139.02664 91.62239
140.12161 93.51341
139.02664 91.62239
138.07877 90.14692
178.12823 75.1598
177.098 71.03255
179.6776 70.45415
180.86134 75.20065
177.098 71.03255
154.54723 141.03024
144.40694 142.65485
133.8199 143.34305
125.102646 145.84291
115.49777 147.47029
108.9874 148.95265
97.66919 151.50891
93.560715 155.01143
104.66548 151.71767
112.08757 149.9858
93.560715 155.01143
97.01392 167.57512
94.71488 168.21352
92.17526 156.84282
90.28603 157.45631
92.22397 168.57237
94.71488 168.21352
97.01392 167.57512
202.01912 47.55678
211.3965 48.40053
213.14377 59.840824
210.4859 60.55972
208.721 50.52392
213.14377 59.840824
79.06348 113.93381
77.382545 107.006226
79.72411 106.163216
81.66122 113.3161
79.06348 113.93381
79.72411 106.163216
77.382545 107.006226
148.49431 73.87853
152.24142 76.236305
155.97176 69.72738
151.73729 67.10601
148.49431 73.87853
155.97176 69.72738
151.73729 67.10601
152.24142 76.236305
203.12787 61.728657
205.91722 65.89788
205.96648 71.98478
168.19284 51.558723
177.65031 56.755634
188.01732 57.308605
165.73053 163.40916
156.908 165.04866
150.61598 166.6917
141.45079 168.61165
128.33076 171.03459
127.8983 157.05136
122.737686 148.55997
140.12161 93.51341
139.02664 91.62239
138.07877 90.14692
146.00491 85.014015
145.71696 82.786644
145.12 80.68852
77.382545 107.006226
79.72411 106.163216
81.66122 113.3161
83.72668 113.1265
85.74614 121.78308
87.30121 130.20253
85.26177 130.86156
83.59698 122.333244
81.66122 113.3161
77.382545 107.006226
79.72411 106.163216
225.77643 53.862144
229.12999 66.79908
230.47354 79.19671
231.86511 90.13897
234.82224 102.61103
237.24478 111.031746
238.72136 118.74018
240.35274 118.581024
169.90843 125.25566
167.11795 127.94788
160.2112 126.814964
155.10088 129.5757
148.59323 128.85149
144.54788 131.0843
137.63754 130.62306
136.36241 132.5488
212.72197 151.0766
212.54514 153.02278
206.34723 152.23857
199.22237 153.52228
193.48544 155.35927
187.9966 155.9167
190.56567 54.49604
190.21304 62.57743
193.07037 67.07298
192.6446 71.53186
194.5461 72.607346
194.54132 80.70661
197.21199 81.99162
208.50607 79.2517
207.79778 82.572945
197.21199 81.99162
198.09741 85.36521
207.79778 82.572945
209.87994 85.36572
204.67325 86.634514
207.79778 82.572945
218.78171 123.563446
218.82164 118.59961
183.21318 86.714
183.582 88.44105
176.3374 87.878174
178.95161 100.149185
183.4619 99.76317
183.54652 101.004036
221.0849 123.879166
220.0758 130.11879
215.2443 133.57237
207.18352 132.99599
196.7017 129.06464
196.2125 126.05896
193.34418 121.70056
195.56506 113.47917
198.98349 105.5893
196.45517 91.06014
194.54132 80.70661
192.6446 71.53186
190.21304 62.57743
188.08682 56.617813
187.27612 52.356304
154.44363 116.121574
154.10565 114.55597
149.90622 114.96558
147.5759 117.34662
147.89513 106.074394
150.27979 108.02362
149.90622 114.96558
146.25801 109.5362
146.7787 104.11368
150.27979 108.02362
196.7017 129.06464
196.95787 133.63167
196.74792 141.1013
91.157166 139.53975
95.333595 140.98145
99.35357 140.1692
109.521965 138.28369
119.12708 135.68614
129.73474 134.17923
136.36241 132.5488
144.54788 131.0843
155.10088 129.5757
167.11795 127.94788
174.78748 125.66
185.70937 123.22204
193.34418 121.70056
189.24739 120.36271
195.56506 113.47917
187.9966 155.9167
184.36942 148.73528
186.62177 148.2093
184.36942 148.73528
184.44492 141.96
181.09502 137.3294
159.7447 103.45566
161.4101 105.47541
161.79468 114.17889
163.39502 114.30099
161.79468 114.17889
163.39502 114.30099
190.56567 54.49604
188.08682 56.617813
179.0847 58.942886
172.22972 59.836792
170.46712 57.57734
163.87807 59.768013
193.9691 46.489407
190.56567 54.49604
187.27612 52.356304
193.9691 46.489407
190.56567 54.49604
188.08682 56.617813
150.27979 108.02362
161.4101 105.47541
171.04378 103.5586
180.76923 101.47361
208.721 50.52392
211.3965 48.40053
202.01912 47.55678
187.9966 155.9167
185.96162 156.83206
179.36827 157.89719
178.42236 160.01918
173.06024 161.0199
165.73053 163.40916
163.87958 161.67848
157.1861 162.79034
218.78171 123.563446
221.0849 123.879166
216.46358 130.2231
215.2443 133.57237
212.45624 131.37807
216.46358 130.2231
220.0758 130.11879
125.92061 158.69162
127.8983 157.05136
139.29698 156.2331
139.96579 154.32896
142.92992 167.3489
141.45079 168.61165
85.26177 130.86156
85.92401 138.42065
88.05446 147.58217
92.17526 156.84282
178.39166 56.68934
177.8358 54.322937
177.23473 51.89946
176.54118 49.73682
188.08682 56.617813
97.85797 91.03898
98.12686 92.88807
107.77444 88.910416
109.953384 90.73102
105.650955 78.40283
108.13154 79.99257
116.4722 76.06496
120.8309 77.40699
127.72316 76.90489
125.60687 79.25348
213.29953 20.639378
215.10634 28.606403
216.17651 28.297731
214.5119 19.480377
205.96648 71.98478
205.91722 65.89788
203.12787 61.728657
205.96648 71.98478
169.70323 58.403824
177.65031 56.755634
178.27815 58.939598
188.01732 57.308605
187.05292 53.975544
184.82751 47.05338
176.31482 48.744877
168.19284 51.558723
169.70323 58.403824
176.31482 48.744877
177.65031 56.755634
187.05292 53.975544
178.27815 58.939598
177.65031 56.755634
184.82751 47.05338
187.05292 53.975544
176.31482 48.744877
221.0849 123.879166
220.0758 130.11879
215.2443 133.57237
212.45624 131.37807
216.46358 130.2231
218.78171 123.563446
159.7447 103.45566
161.4101 105.47541
163.39502 114.30099
161.79468 114.17889
159.7447 103.45566
200.07143 112.64304
205.0986 110.3743
212.0723 108.19381
213.34303 102.89902
210.56084 100.082146
211.7827 94.23364
195.33076 132.20137
189.13268 133.36798
182.88461 134.6361
175.02321 136.44992
168.4081 138.52103
185.68872 25.79458
183.9299 23.29064
187.24287 17.404118
185.42543 13.9090805
198.88547 18.221275
198.04877 14.787263
187.24287 17.404118
186.23923 10.174447
196.08241 20.23097
198.88547 18.221275
203.56349 55.647778
205.91722 65.89788
208.50607 79.2517
209.87994 85.36572
211.7827 94.23364
213.34303 102.89902
215.49727 111.98378
218.82164 118.59961
221.0849 123.879166
193.9691 46.489407
200.36496 52.319466
203.12787 61.728657
205.96648 71.98478
207.79778 82.572945
208.86804 93.0017
210.56084 100.082146
212.0723 108.19381
215.30457 117.79046
218.78171 123.563446
216.46358 130.2231
212.45624 131.37807
205.20256 130.04149
199.62976 125.55602
196.41757 117.84907
200.07143 112.64304
208.3095 113.027725
215.30457 117.79046
231.86511 90.13897
230.23454 88.482056
218.41951 91.093414
208.86804 93.0017
211.7827 94.23364
220.11023 92.50163
231.86511 90.13897
152.30812 68.584496
152.70647 70.90525
153.28314 73.33852
146.00491 85.014015
140.12161 93.51341
131.64467 86.22562
120.8309 77.40699
112.85929 78.86933
108.13154 79.99257
109.953384 90.73102
98.12686 92.88807
97.85797 91.03898
107.77444 88.910416
105.650955 78.40283
116.4722 76.06496
124.73611 74.9891
127.72316 76.90489
183.4619 99.76317
183.54652 101.004036
178.95161 100.149185
171.04378 103.5586
167.84624 103.21217
161.4101 105.47541
159.7447 103.45566
147.89513 106.074394
146.7787 104.11368
151.71216 102.957855
150.27979 108.02362
149.90622 114.96558
154.10565 114.55597
154.44363 116.121574
147.5759 117.34662
146.25801 109.5362
147.89513 106.074394
151.71216 102.957855
146.7787 104.11368
150.27979 108.02362
146.25801 109.5362
149.90622 114.96558
154.44363 116.121574
154.10565 114.55597
147.5759 117.34662
163.87807 59.768013
157.30212 68.615616
153.28314 73.33852
143.2499 67.12249
135.10643 59.96784
134.5512 65.38553
136.16357 66.28572
138.67303 61.921516
134.5512 65.38553
215.49727 111.98378
205.0986 110.3743
199.35478 109.620834
200.07143 112.64304
201.66278 107.56303
199.42767 95.57758
198.09741 85.36521
197.21199 81.99162
194.5461 72.607346
193.07037 67.07298
190.56567 54.49604
188.64024 45.89519
191.34567 43.686306
193.52773 43.60053
193.9691 46.489407
191.34567 43.686306
199.22237 153.52228
200.67088 154.18306
206.34723 152.23857
212.72197 151.0766
212.54514 153.02278
145.12 80.68852
145.71696 82.786644
146.00491 85.014015
140.12161 93.51341
139.02664 91.62239
138.07877 90.14692
145.12 80.68852
145.71696 82.786644
139.02664 91.62239
140.12161 93.51341
208.22887 113.39307
208.66882 109.82446
196.41757 117.84907
189.24739 120.36271
178.37587 122.97104
169.90843 125.25566
160.2112 126.814964
148.59323 128.85149
137.63754 130.62306
131.21776 131.46364
123.08964 133.01558
110.33894 136.1589
102.5429 137.60141
91.157166 139.53975
125.102646 145.84291
127.8983 157.05136
130.84798 169.78107
142.92992 167.3489
153.04913 165.24149
157.1861 162.79034
165.73053 163.40916
178.42236 160.01918
185.96162 156.83206
193.48544 155.35927
200.67088 154.18306
212.54514 153.02278
134.5512 65.38553
136.16357 66.28572
135.10643 59.96784
138.67303 61.921516
146.78505 66.52795
152.30812 68.584496
201.42308 112.36303
208.66882 109.82446
214.18651 117.70625
221.31905 123.31985
218.01929 128.73576
214.81094 134.08574
205.41052 129.70479
205.19484 133.2234
213.94131 131.37788
220.22926 130.29166
218.4937 123.66839
217.24321 115.59451
208.22887 113.39307
202.1066 108.47022
200.36496 52.319466
197.94424 45.15741
195.81648 33.707325
196.08241 20.23097
187.24287 17.404118
185.68872 25.79458
185.1067 35.633125
188.64024 45.89519
193.9691 46.489407
197.94424 45.15741
202.01912 47.55678
216.17651 28.297731
215.10634 28.606403
214.5119 19.480377
205.31177 22.404182
198.03336 22.26036
198.33516 23.669085
195.81648 33.707325
198.35297 35.75356
197.94424 45.15741
202.01912 47.55678
203.56349 55.647778
214.5119 19.480377
213.29953 20.639378
216.17651 28.297731
212.72197 151.0766
212.54514 153.02278
206.34723 152.23857
199.22237 153.52228
187.9966 155.9167
202.01912 47.55678
211.3965 48.40053
208.721 50.52392
202.01912 47.55678
170.46712 57.57734
172.01028 66.40322
173.94328 75.68913
131.21776 131.46364
129.73474 134.17923
132.09995 145.82277
133.8199 143.34305
131.21776 131.46364
129.73474 134.17923
133.8199 143.34305
187.05292 53.975544
177.65031 56.755634
176.31482 48.744877
169.70323 58.403824
176.31482 48.744877
214.18651 117.70625
217.24321 115.59451
85.5632 144.62225
88.05446 147.58217
90.28603 157.45631
90.89982 147.62299
87.66576 157.4386
92.17526 156.84282
102.49597 154.30373
108.76306 153.29462
112.08757 149.9858
122.737686 148.55997
132.09995 145.82277
141.44287 144.78995
150.78642 143.46188
161.88504 141.64511
172.65771 139.1289
181.09502 137.3294
187.44328 135.8542
223.2089 107.5399
221.76073 107.962425
219.96861 98.72473
218.41951 91.093414
220.11023 92.50163
221.8258 100.84694
221.76073 107.962425
223.2089 107.5399
132.09995 145.82277
133.8199 143.34305
141.44287 144.78995
144.40694 142.65485
133.8199 143.34305
132.09995 145.82277
141.44287 144.78995
177.098 71.03255
179.6776 70.45415
178.12823 75.1598
180.86134 75.20065
185.84444 73.353615
194.5461 72.607346
168.4081 138.52103
154.54723 141.03024
211.7827 94.23364
208.86804 93.0017
209.87994 85.36572
207.79778 82.572945
208.50607 79.2517
205.96648 71.98478
205.91722 65.89788
203.12787 61.728657
203.56349 55.647778
200.36496 52.319466
